#
# There is insufficient memory for the Java Runtime Environment to continue.
# Native memory allocation (malloc) failed to allocate 2097152 bytes for AllocateHeap
# Possible reasons:
#   The system is out of physical RAM or swap space
#   The process is running with CompressedOops enabled, and the Java Heap may be blocking the growth of the native heap
# Possible solutions:
#   Reduce memory load on the system
#   Increase physical memory or swap space
#   Check if swap backing store is full
#   Decrease Java heap size (-Xmx/-Xms)
#   Decrease number of Java threads
#   Decrease Java thread stack sizes (-Xss)
#   Set larger code cache with -XX:ReservedCodeCacheSize=
#   JVM is running with Unscaled Compressed Oops mode in which the Java heap is
#     placed in the first 4GB address space. The Java Heap base address is the
#     maximum limit for the native heap growth. Please use -XX:HeapBaseMinAddress
#     to set the Java Heap base and to place the Java Heap above 4GB virtual address.
# This output file may be truncated or incomplete.
#
#  Out of Memory Error (allocation.cpp:44), pid=12000, tid=13704
#
# JRE version: OpenJDK Runtime Environment Temurin-17.0.10+7 (17.0.10+7) (build 17.0.10+7)
# Java VM: OpenJDK 64-Bit Server VM Temurin-17.0.10+7 (17.0.10+7, mixed mode, emulated-client, tiered, compressed oops, compressed class ptrs, g1 gc, windows-amd64)
# No core dump will be written. Minidumps are not enabled by default on client versions of Windows
#

---------------  S U M M A R Y ------------

Command Line: -XX:+HeapDumpOnOutOfMemoryError -Xmx1024m -Dsts.lsp.client=vscode -Dsts.log.file=/dev/null -XX:TieredStopAtLevel=1 -Xlog:jni+resolve=off -Dspring.config.location=file:c:\Users\admin\.vscode\extensions\vmware.vscode-spring-boot-1.53.2024031204\language-server\BOOT-INF\classes\application.properties org.springframework.ide.vscode.boot.app.BootLanguageServerBootApp

Host: Intel(R) Core(TM) i5-10400 CPU @ 2.90GHz, 12 cores, 7G,  Windows 11 , 64 bit Build 22621 (10.0.22621.3085)
Time: Fri Mar 15 16:52:36 2024 India Standard Time elapsed time: 1554.482265 seconds (0d 0h 25m 54s)

---------------  T H R E A D  ---------------

Current thread (0x000001518f086520):  VMThread "VM Thread" [stack: 0x0000002a85200000,0x0000002a85300000] [id=13704]

Stack: [0x0000002a85200000,0x0000002a85300000]
Native frames: (J=compiled Java code, j=interpreted, Vv=VM code, C=native code)
V  [jvm.dll+0x67d2c9]
V  [jvm.dll+0x834afa]
V  [jvm.dll+0x8365be]
V  [jvm.dll+0x836c23]
V  [jvm.dll+0x2477ff]
V  [jvm.dll+0xa6c93]
V  [jvm.dll+0x2f86f1]
V  [jvm.dll+0x2f42e0]
V  [jvm.dll+0x2dc8c7]
V  [jvm.dll+0x31fb87]
V  [jvm.dll+0x83b11b]
V  [jvm.dll+0x83be61]
V  [jvm.dll+0x83c37d]
V  [jvm.dll+0x83c754]
V  [jvm.dll+0x83c820]
V  [jvm.dll+0x7e3fba]
V  [jvm.dll+0x67c1b5]
C  [ucrtbase.dll+0x29363]
C  [KERNEL32.DLL+0x1257d]
C  [ntdll.dll+0x5aa58]

VM_Operation (0x0000002a86dff170): G1CollectFull, mode: safepoint, requested by thread 0x0000015194c1c950


---------------  P R O C E S S  ---------------

Threads class SMR info:
_java_thread_list=0x0000015194bb4be0, length=31, elements={
0x000001518f092820, 0x000001518f093b50, 0x000001518f0a89c0, 0x000001518f0aa400,
0x000001518f0aacd0, 0x000001518f0abd40, 0x000001518f206010, 0x000001518f20c5d0,
0x000001518f403b50, 0x000001518f41d720, 0x0000015194b54300, 0x0000015194c1c950,
0x0000015194c20ef0, 0x0000015183e09940, 0x0000015194c525d0, 0x0000015194c9f4f0,
0x0000015194ccccb0, 0x000001519476ec40, 0x000001519476f150, 0x000001519476f660,
0x0000015194770fb0, 0x0000015194d6cd90, 0x0000015194d6d7b0, 0x0000015194d6f610,
0x0000015194d6f100, 0x0000015194d6e6e0, 0x0000015194770aa0, 0x0000015194770590,
0x0000015194771ee0, 0x00000151947723f0, 0x0000015198af4930
}

Java Threads: ( => current thread )
  0x000001518f092820 JavaThread "Reference Handler" daemon [_thread_blocked, id=2744, stack(0x0000002a85300000,0x0000002a85400000)]
  0x000001518f093b50 JavaThread "Finalizer" daemon [_thread_blocked, id=6264, stack(0x0000002a85400000,0x0000002a85500000)]
  0x000001518f0a89c0 JavaThread "Signal Dispatcher" daemon [_thread_blocked, id=9976, stack(0x0000002a85500000,0x0000002a85600000)]
  0x000001518f0aa400 JavaThread "Attach Listener" daemon [_thread_blocked, id=16288, stack(0x0000002a85600000,0x0000002a85700000)]
  0x000001518f0aacd0 JavaThread "Service Thread" daemon [_thread_blocked, id=14592, stack(0x0000002a85700000,0x0000002a85800000)]
  0x000001518f0abd40 JavaThread "Monitor Deflation Thread" daemon [_thread_blocked, id=12768, stack(0x0000002a85800000,0x0000002a85900000)]
  0x000001518f206010 JavaThread "C1 CompilerThread0" daemon [_thread_blocked, id=8256, stack(0x0000002a85900000,0x0000002a85a00000)]
  0x000001518f20c5d0 JavaThread "Sweeper thread" daemon [_thread_blocked, id=13880, stack(0x0000002a85a00000,0x0000002a85b00000)]
  0x000001518f403b50 JavaThread "Notification Thread" daemon [_thread_blocked, id=20740, stack(0x0000002a85d00000,0x0000002a85e00000)]
  0x000001518f41d720 JavaThread "Common-Cleaner" daemon [_thread_blocked, id=9780, stack(0x0000002a85f00000,0x0000002a86000000)]
  0x0000015194b54300 JavaThread "boundedElastic-evictor-1" daemon [_thread_blocked, id=18304, stack(0x0000002a86400000,0x0000002a86500000)]
  0x0000015194c1c950 JavaThread "pool-13-thread-1" [_thread_blocked, id=11296, stack(0x0000002a86d00000,0x0000002a86e00000)]
  0x0000015194c20ef0 JavaThread "LanguageServerApp-lifecycle" [_thread_blocked, id=2944, stack(0x0000002a86e00000,0x0000002a86f00000)]
  0x0000015183e09940 JavaThread "DestroyJavaVM" [_thread_blocked, id=9880, stack(0x0000002a84c00000,0x0000002a84d00000)]
  0x0000015194c525d0 JavaThread "pool-14-thread-1" [_thread_in_native, id=9908, stack(0x0000002a86f00000,0x0000002a87000000)]
  0x0000015194c9f4f0 JavaThread "Simple-Language-Server main thread" daemon [_thread_blocked, id=16732, stack(0x0000002a87000000,0x0000002a87100000)]
  0x0000015194ccccb0 JavaThread "pool-8-thread-1" [_thread_blocked, id=14420, stack(0x0000002a87300000,0x0000002a87400000)]
  0x000001519476ec40 JavaThread "parallel-1" daemon [_thread_blocked, id=7996, stack(0x0000002a87400000,0x0000002a87500000)]
  0x000001519476f150 JavaThread "pool-6-thread-1" [_thread_blocked, id=17140, stack(0x0000002a87500000,0x0000002a87600000)]
  0x000001519476f660 JavaThread "parallel-2" daemon [_thread_blocked, id=968, stack(0x0000002a87600000,0x0000002a87700000)]
  0x0000015194770fb0 JavaThread "parallel-3" daemon [_thread_blocked, id=1932, stack(0x0000002a87700000,0x0000002a87800000)]
  0x0000015194d6cd90 JavaThread "parallel-4" daemon [_thread_blocked, id=12756, stack(0x0000002a87f00000,0x0000002a88000000)]
  0x0000015194d6d7b0 JavaThread "parallel-5" daemon [_thread_blocked, id=19288, stack(0x0000002a88000000,0x0000002a88100000)]
  0x0000015194d6f610 JavaThread "Reconciler-1" daemon [_thread_blocked, id=11784, stack(0x0000002a88100000,0x0000002a88200000)]
  0x0000015194d6f100 JavaThread "parallel-6" daemon [_thread_blocked, id=17568, stack(0x0000002a85b00000,0x0000002a85c00000)]
  0x0000015194d6e6e0 JavaThread "parallel-7" daemon [_thread_blocked, id=21032, stack(0x0000002a87100000,0x0000002a87200000)]
  0x0000015194770aa0 JavaThread "parallel-8" daemon [_thread_blocked, id=5024, stack(0x0000002a84b00000,0x0000002a84c00000)]
  0x0000015194770590 JavaThread "parallel-9" daemon [_thread_blocked, id=336, stack(0x0000002a87900000,0x0000002a87a00000)]
  0x0000015194771ee0 JavaThread "parallel-10" daemon [_thread_blocked, id=16932, stack(0x0000002a87b00000,0x0000002a87c00000)]
  0x00000151947723f0 JavaThread "parallel-11" daemon [_thread_blocked, id=17896, stack(0x0000002a87c00000,0x0000002a87d00000)]
  0x0000015198af4930 JavaThread "parallel-12" daemon [_thread_blocked, id=9488, stack(0x0000002a87d00000,0x0000002a87e00000)]

Other Threads:
=>0x000001518f086520 VMThread "VM Thread" [stack: 0x0000002a85200000,0x0000002a85300000] [id=13704]
  0x000001518f407450 WatcherThread [stack: 0x0000002a85e00000,0x0000002a85f00000] [id=13892]
  0x0000015183e47f20 GCTaskThread "GC Thread#0" [stack: 0x0000002a84d00000,0x0000002a84e00000] [id=19600]
  0x000001519409c260 GCTaskThread "GC Thread#1" [stack: 0x0000002a85c00000,0x0000002a85d00000] [id=15524]
  0x000001519406fc10 GCTaskThread "GC Thread#2" [stack: 0x0000002a86000000,0x0000002a86100000] [id=7740]
  0x00000151940e0d00 GCTaskThread "GC Thread#3" [stack: 0x0000002a86100000,0x0000002a86200000] [id=14004]
  0x000001519430cb40 GCTaskThread "GC Thread#4" [stack: 0x0000002a86200000,0x0000002a86300000] [id=8864]
  0x00000151942f78a0 GCTaskThread "GC Thread#5" [stack: 0x0000002a86300000,0x0000002a86400000] [id=8644]
  0x000001518fbce8a0 GCTaskThread "GC Thread#6" [stack: 0x0000002a86700000,0x0000002a86800000] [id=2128]
  0x000001518fbceb60 GCTaskThread "GC Thread#7" [stack: 0x0000002a86800000,0x0000002a86900000] [id=13672]
  0x000001518f2615b0 GCTaskThread "GC Thread#8" [stack: 0x0000002a86900000,0x0000002a86a00000] [id=1308]
  0x000001518f262fe0 GCTaskThread "GC Thread#9" [stack: 0x0000002a86a00000,0x0000002a86b00000] [id=13024]
  0x0000015183e51c90 ConcurrentGCThread "G1 Main Marker" [stack: 0x0000002a84e00000,0x0000002a84f00000] [id=19992]
  0x0000015183e524c0 ConcurrentGCThread "G1 Conc#0" [stack: 0x0000002a84f00000,0x0000002a85000000] [id=15112]
  0x000001518f2632a0 ConcurrentGCThread "G1 Conc#1" [stack: 0x0000002a86b00000,0x0000002a86c00000] [id=7092]
  0x000001518f263820 ConcurrentGCThread "G1 Conc#2" [stack: 0x0000002a86c00000,0x0000002a86d00000] [id=19736]
  0x0000015183e9d320 ConcurrentGCThread "G1 Refine#0" [stack: 0x0000002a85000000,0x0000002a85100000] [id=12320]
  0x0000015183e9db60 ConcurrentGCThread "G1 Service" [stack: 0x0000002a85100000,0x0000002a85200000] [id=8828]

Threads with active compile tasks:

VM state: at safepoint (normal execution)

VM Mutex/Monitor currently owned by a thread:  ([mutex/lock_event])
[0x0000015181ca0690] Threads_lock - owner thread: 0x000001518f086520
[0x0000015181c99bf0] Heap_lock - owner thread: 0x0000015194c1c950

Heap address: 0x00000000c0000000, size: 1024 MB, Compressed Oops mode: 32-bit

CDS archive(s) not mapped
Compressed class space mapped at: 0x0000000100000000-0x0000000140000000, reserved size: 1073741824
Narrow klass base: 0x0000000000000000, Narrow klass shift: 3, Narrow klass range: 0x140000000

GC Precious Log:
 CPUs: 12 total, 12 available
 Memory: 7798M
 Large Page Support: Disabled
 NUMA Support: Disabled
 Compressed Oops: Enabled (32-bit)
 Heap Region Size: 1M
 Heap Min Capacity: 8M
 Heap Initial Capacity: 122M
 Heap Max Capacity: 1G
 Pre-touch: Disabled
 Parallel Workers: 10
 Concurrent Workers: 3
 Concurrent Refinement Workers: 10
 Periodic GC: Disabled

Heap:
 garbage-first heap   total 106496K, used 38320K [0x00000000c0000000, 0x0000000100000000)
  region size 1024K, 1 young (1024K), 0 survivors (0K)
 Metaspace       used 58837K, committed 59264K, reserved 1114112K
  class space    used 7314K, committed 7488K, reserved 1048576K

Heap Regions: E=young(eden), S=young(survivor), O=old, HS=humongous(starts), HC=humongous(continues), CS=collection set, F=free, OA=open archive, CA=closed archive, TAMS=top-at-mark-start (previous, next)
|   0|0x00000000c0000000, 0x00000000c0100000, 0x00000000c0100000|100%|HS|  |TAMS 0x00000000c0100000, 0x00000000c0000000| Untracked 
|   1|0x00000000c0100000, 0x00000000c0200000, 0x00000000c0200000|100%|HC|  |TAMS 0x00000000c0200000, 0x00000000c0100000| Untracked 
|   2|0x00000000c0200000, 0x00000000c0300000, 0x00000000c0300000|100%|HC|  |TAMS 0x00000000c0300000, 0x00000000c0200000| Untracked 
|   3|0x00000000c0300000, 0x00000000c0400000, 0x00000000c0400000|100%|HC|  |TAMS 0x00000000c0400000, 0x00000000c0300000| Untracked 
|   4|0x00000000c0400000, 0x00000000c0500000, 0x00000000c0500000|100%|HS|  |TAMS 0x00000000c0500000, 0x00000000c0400000| Untracked 
|   5|0x00000000c0500000, 0x00000000c0600000, 0x00000000c0600000|100%|HC|  |TAMS 0x00000000c0600000, 0x00000000c0500000| Untracked 
|   6|0x00000000c0600000, 0x00000000c0700000, 0x00000000c0700000|100%| O|  |TAMS 0x00000000c0700000, 0x00000000c0600000| Untracked 
|   7|0x00000000c0700000, 0x00000000c0800000, 0x00000000c0800000|100%| O|  |TAMS 0x00000000c0800000, 0x00000000c0700000| Untracked 
|   8|0x00000000c0800000, 0x00000000c08fffe8, 0x00000000c0900000| 99%| O|  |TAMS 0x00000000c08fffe8, 0x00000000c0800000| Untracked 
|   9|0x00000000c0900000, 0x00000000c09fffe8, 0x00000000c0a00000| 99%| O|  |TAMS 0x00000000c09fffe8, 0x00000000c0900000| Untracked 
|  10|0x00000000c0a00000, 0x00000000c0b00000, 0x00000000c0b00000|100%| O|  |TAMS 0x00000000c0b00000, 0x00000000c0a00000| Untracked 
|  11|0x00000000c0b00000, 0x00000000c0c00000, 0x00000000c0c00000|100%| O|  |TAMS 0x00000000c0c00000, 0x00000000c0b00000| Untracked 
|  12|0x00000000c0c00000, 0x00000000c0cfffe0, 0x00000000c0d00000| 99%| O|  |TAMS 0x00000000c0cfffe0, 0x00000000c0c00000| Untracked 
|  13|0x00000000c0d00000, 0x00000000c0dffff0, 0x00000000c0e00000| 99%| O|  |TAMS 0x00000000c0dffff0, 0x00000000c0d00000| Untracked 
|  14|0x00000000c0e00000, 0x00000000c0f00000, 0x00000000c0f00000|100%| O|  |TAMS 0x00000000c0f00000, 0x00000000c0e00000| Untracked 
|  15|0x00000000c0f00000, 0x00000000c1000000, 0x00000000c1000000|100%| O|  |TAMS 0x00000000c1000000, 0x00000000c0f00000| Untracked 
|  16|0x00000000c1000000, 0x00000000c1100000, 0x00000000c1100000|100%| O|  |TAMS 0x00000000c1100000, 0x00000000c1000000| Untracked 
|  17|0x00000000c1100000, 0x00000000c11fffe0, 0x00000000c1200000| 99%| O|  |TAMS 0x00000000c11fffe0, 0x00000000c1100000| Untracked 
|  18|0x00000000c1200000, 0x00000000c12ff348, 0x00000000c1300000| 99%| O|  |TAMS 0x00000000c12ff348, 0x00000000c1200000| Untracked 
|  19|0x00000000c1300000, 0x00000000c13fc888, 0x00000000c1400000| 98%| O|  |TAMS 0x00000000c13fc888, 0x00000000c1300000| Untracked 
|  20|0x00000000c1400000, 0x00000000c1500000, 0x00000000c1500000|100%| O|  |TAMS 0x00000000c1500000, 0x00000000c1400000| Untracked 
|  21|0x00000000c1500000, 0x00000000c15ffff8, 0x00000000c1600000| 99%| O|  |TAMS 0x00000000c15ffff8, 0x00000000c1500000| Untracked 
|  22|0x00000000c1600000, 0x00000000c16fec50, 0x00000000c1700000| 99%| O|  |TAMS 0x00000000c16fec50, 0x00000000c1600000| Untracked 
|  23|0x00000000c1700000, 0x00000000c1800000, 0x00000000c1800000|100%| O|  |TAMS 0x00000000c1800000, 0x00000000c1700000| Untracked 
|  24|0x00000000c1800000, 0x00000000c18ffc98, 0x00000000c1900000| 99%| O|  |TAMS 0x00000000c18ffc98, 0x00000000c1800000| Untracked 
|  25|0x00000000c1900000, 0x00000000c19ffff0, 0x00000000c1a00000| 99%| O|  |TAMS 0x00000000c19ffff0, 0x00000000c1900000| Untracked 
|  26|0x00000000c1a00000, 0x00000000c1affff0, 0x00000000c1b00000| 99%| O|  |TAMS 0x00000000c1affff0, 0x00000000c1a00000| Untracked 
|  27|0x00000000c1b00000, 0x00000000c1bffd80, 0x00000000c1c00000| 99%| O|  |TAMS 0x00000000c1bffd80, 0x00000000c1b00000| Untracked 
|  28|0x00000000c1c00000, 0x00000000c1cffa48, 0x00000000c1d00000| 99%| O|  |TAMS 0x00000000c1cffa48, 0x00000000c1c00000| Untracked 
|  29|0x00000000c1d00000, 0x00000000c1dffff0, 0x00000000c1e00000| 99%| O|  |TAMS 0x00000000c1dffff0, 0x00000000c1d00000| Untracked 
|  30|0x00000000c1e00000, 0x00000000c1effff8, 0x00000000c1f00000| 99%| O|  |TAMS 0x00000000c1effff8, 0x00000000c1e00000| Untracked 
|  31|0x00000000c1f00000, 0x00000000c2000000, 0x00000000c2000000|100%|HS|  |TAMS 0x00000000c2000000, 0x00000000c1f00000| Untracked 
|  32|0x00000000c2000000, 0x00000000c2100000, 0x00000000c2100000|100%|HS|  |TAMS 0x00000000c2100000, 0x00000000c2000000| Untracked 
|  33|0x00000000c2100000, 0x00000000c21fffc0, 0x00000000c2200000| 99%| O|  |TAMS 0x00000000c21fffc0, 0x00000000c2100000| Untracked 
|  34|0x00000000c2200000, 0x00000000c22bb8f8, 0x00000000c2300000| 73%| O|  |TAMS 0x00000000c2200000, 0x00000000c2200000| Untracked 
|  35|0x00000000c2300000, 0x00000000c23b6eb0, 0x00000000c2400000| 71%| O|  |TAMS 0x00000000c2300000, 0x00000000c2300000| Untracked 
|  36|0x00000000c2400000, 0x00000000c2400000, 0x00000000c2500000|  0%| F|  |TAMS 0x00000000c2400000, 0x00000000c2400000| Untracked 
|  37|0x00000000c2500000, 0x00000000c2500000, 0x00000000c2600000|  0%| F|  |TAMS 0x00000000c2500000, 0x00000000c2500000| Untracked 
|  38|0x00000000c2600000, 0x00000000c2600000, 0x00000000c2700000|  0%| F|  |TAMS 0x00000000c2600000, 0x00000000c2600000| Untracked 
|  39|0x00000000c2700000, 0x00000000c2700000, 0x00000000c2800000|  0%| F|  |TAMS 0x00000000c2700000, 0x00000000c2700000| Untracked 
|  40|0x00000000c2800000, 0x00000000c2800000, 0x00000000c2900000|  0%| F|  |TAMS 0x00000000c2800000, 0x00000000c2800000| Untracked 
|  41|0x00000000c2900000, 0x00000000c2900000, 0x00000000c2a00000|  0%| F|  |TAMS 0x00000000c2900000, 0x00000000c2900000| Untracked 
|  42|0x00000000c2a00000, 0x00000000c2a00000, 0x00000000c2b00000|  0%| F|  |TAMS 0x00000000c2a00000, 0x00000000c2a00000| Untracked 
|  43|0x00000000c2b00000, 0x00000000c2b00000, 0x00000000c2c00000|  0%| F|  |TAMS 0x00000000c2b00000, 0x00000000c2b00000| Untracked 
|  44|0x00000000c2c00000, 0x00000000c2c00000, 0x00000000c2d00000|  0%| F|  |TAMS 0x00000000c2c00000, 0x00000000c2c00000| Untracked 
|  45|0x00000000c2d00000, 0x00000000c2d00000, 0x00000000c2e00000|  0%| F|  |TAMS 0x00000000c2d00000, 0x00000000c2d00000| Untracked 
|  46|0x00000000c2e00000, 0x00000000c2e00000, 0x00000000c2f00000|  0%| F|  |TAMS 0x00000000c2e00000, 0x00000000c2e00000| Untracked 
|  47|0x00000000c2f00000, 0x00000000c2f00000, 0x00000000c3000000|  0%| F|  |TAMS 0x00000000c2f00000, 0x00000000c2f00000| Untracked 
|  48|0x00000000c3000000, 0x00000000c3000000, 0x00000000c3100000|  0%| F|  |TAMS 0x00000000c3000000, 0x00000000c3000000| Untracked 
|  49|0x00000000c3100000, 0x00000000c3100000, 0x00000000c3200000|  0%| F|  |TAMS 0x00000000c3100000, 0x00000000c3100000| Untracked 
|  50|0x00000000c3200000, 0x00000000c3200000, 0x00000000c3300000|  0%| F|  |TAMS 0x00000000c3200000, 0x00000000c3200000| Untracked 
|  51|0x00000000c3300000, 0x00000000c3300000, 0x00000000c3400000|  0%| F|  |TAMS 0x00000000c3300000, 0x00000000c3300000| Untracked 
|  52|0x00000000c3400000, 0x00000000c3400000, 0x00000000c3500000|  0%| F|  |TAMS 0x00000000c3400000, 0x00000000c3400000| Untracked 
|  53|0x00000000c3500000, 0x00000000c3500000, 0x00000000c3600000|  0%| F|  |TAMS 0x00000000c3500000, 0x00000000c3500000| Untracked 
|  54|0x00000000c3600000, 0x00000000c3600000, 0x00000000c3700000|  0%| F|  |TAMS 0x00000000c3600000, 0x00000000c3600000| Untracked 
|  55|0x00000000c3700000, 0x00000000c3700000, 0x00000000c3800000|  0%| F|  |TAMS 0x00000000c3700000, 0x00000000c3700000| Untracked 
|  56|0x00000000c3800000, 0x00000000c3800000, 0x00000000c3900000|  0%| F|  |TAMS 0x00000000c3800000, 0x00000000c3800000| Untracked 
|  57|0x00000000c3900000, 0x00000000c3900000, 0x00000000c3a00000|  0%| F|  |TAMS 0x00000000c3900000, 0x00000000c3900000| Untracked 
|  58|0x00000000c3a00000, 0x00000000c3a00000, 0x00000000c3b00000|  0%| F|  |TAMS 0x00000000c3a00000, 0x00000000c3a00000| Untracked 
|  59|0x00000000c3b00000, 0x00000000c3b00000, 0x00000000c3c00000|  0%| F|  |TAMS 0x00000000c3b00000, 0x00000000c3b00000| Untracked 
|  60|0x00000000c3c00000, 0x00000000c3c00000, 0x00000000c3d00000|  0%| F|  |TAMS 0x00000000c3c00000, 0x00000000c3c00000| Untracked 
|  61|0x00000000c3d00000, 0x00000000c3d00000, 0x00000000c3e00000|  0%| F|  |TAMS 0x00000000c3d00000, 0x00000000c3d00000| Untracked 
|  62|0x00000000c3e00000, 0x00000000c3e00000, 0x00000000c3f00000|  0%| F|  |TAMS 0x00000000c3e00000, 0x00000000c3e00000| Untracked 
|  63|0x00000000c3f00000, 0x00000000c3f00000, 0x00000000c4000000|  0%| F|  |TAMS 0x00000000c3f00000, 0x00000000c3f00000| Untracked 
|  64|0x00000000c4000000, 0x00000000c4000000, 0x00000000c4100000|  0%| F|  |TAMS 0x00000000c4000000, 0x00000000c4000000| Untracked 
|  65|0x00000000c4100000, 0x00000000c4100000, 0x00000000c4200000|  0%| F|  |TAMS 0x00000000c4100000, 0x00000000c4100000| Untracked 
|  66|0x00000000c4200000, 0x00000000c4200000, 0x00000000c4300000|  0%| F|  |TAMS 0x00000000c4200000, 0x00000000c4200000| Untracked 
|  67|0x00000000c4300000, 0x00000000c4300000, 0x00000000c4400000|  0%| F|  |TAMS 0x00000000c4300000, 0x00000000c4300000| Untracked 
|  68|0x00000000c4400000, 0x00000000c4400000, 0x00000000c4500000|  0%| F|  |TAMS 0x00000000c4400000, 0x00000000c4400000| Untracked 
|  69|0x00000000c4500000, 0x00000000c4500000, 0x00000000c4600000|  0%| F|  |TAMS 0x00000000c4500000, 0x00000000c4500000| Untracked 
|  70|0x00000000c4600000, 0x00000000c4600000, 0x00000000c4700000|  0%| F|  |TAMS 0x00000000c4600000, 0x00000000c4600000| Untracked 
|  71|0x00000000c4700000, 0x00000000c4700000, 0x00000000c4800000|  0%| F|  |TAMS 0x00000000c4700000, 0x00000000c4700000| Untracked 
|  72|0x00000000c4800000, 0x00000000c4800000, 0x00000000c4900000|  0%| F|  |TAMS 0x00000000c4800000, 0x00000000c4800000| Untracked 
|  73|0x00000000c4900000, 0x00000000c4900000, 0x00000000c4a00000|  0%| F|  |TAMS 0x00000000c4900000, 0x00000000c4900000| Untracked 
|  74|0x00000000c4a00000, 0x00000000c4a00000, 0x00000000c4b00000|  0%| F|  |TAMS 0x00000000c4a00000, 0x00000000c4a00000| Untracked 
|  75|0x00000000c4b00000, 0x00000000c4b00000, 0x00000000c4c00000|  0%| F|  |TAMS 0x00000000c4b00000, 0x00000000c4b00000| Untracked 
|  76|0x00000000c4c00000, 0x00000000c4c00000, 0x00000000c4d00000|  0%| F|  |TAMS 0x00000000c4c00000, 0x00000000c4c00000| Untracked 
|  77|0x00000000c4d00000, 0x00000000c4d00000, 0x00000000c4e00000|  0%| F|  |TAMS 0x00000000c4d00000, 0x00000000c4d00000| Untracked 
|  78|0x00000000c4e00000, 0x00000000c4e00000, 0x00000000c4f00000|  0%| F|  |TAMS 0x00000000c4e00000, 0x00000000c4e00000| Untracked 
|  79|0x00000000c4f00000, 0x00000000c4f00000, 0x00000000c5000000|  0%| F|  |TAMS 0x00000000c4f00000, 0x00000000c4f00000| Untracked 
|  80|0x00000000c5000000, 0x00000000c5000000, 0x00000000c5100000|  0%| F|  |TAMS 0x00000000c5000000, 0x00000000c5000000| Untracked 
|  81|0x00000000c5100000, 0x00000000c5100000, 0x00000000c5200000|  0%| F|  |TAMS 0x00000000c5100000, 0x00000000c5100000| Untracked 
|  82|0x00000000c5200000, 0x00000000c5200000, 0x00000000c5300000|  0%| F|  |TAMS 0x00000000c5200000, 0x00000000c5200000| Untracked 
|  83|0x00000000c5300000, 0x00000000c5300000, 0x00000000c5400000|  0%| F|  |TAMS 0x00000000c5300000, 0x00000000c5300000| Untracked 
|  84|0x00000000c5400000, 0x00000000c5400000, 0x00000000c5500000|  0%| F|  |TAMS 0x00000000c5400000, 0x00000000c5400000| Untracked 
|  85|0x00000000c5500000, 0x00000000c5500000, 0x00000000c5600000|  0%| F|  |TAMS 0x00000000c5500000, 0x00000000c5500000| Untracked 
|  86|0x00000000c5600000, 0x00000000c5600000, 0x00000000c5700000|  0%| F|  |TAMS 0x00000000c5600000, 0x00000000c5600000| Untracked 
|  87|0x00000000c5700000, 0x00000000c5700000, 0x00000000c5800000|  0%| F|  |TAMS 0x00000000c5700000, 0x00000000c5700000| Untracked 
|  88|0x00000000c5800000, 0x00000000c5800000, 0x00000000c5900000|  0%| F|  |TAMS 0x00000000c5800000, 0x00000000c5800000| Untracked 
|  89|0x00000000c5900000, 0x00000000c5900000, 0x00000000c5a00000|  0%| F|  |TAMS 0x00000000c5900000, 0x00000000c5900000| Untracked 
|  90|0x00000000c5a00000, 0x00000000c5a00000, 0x00000000c5b00000|  0%| F|  |TAMS 0x00000000c5a00000, 0x00000000c5a00000| Untracked 
|  91|0x00000000c5b00000, 0x00000000c5b00000, 0x00000000c5c00000|  0%| F|  |TAMS 0x00000000c5b00000, 0x00000000c5b00000| Untracked 
|  92|0x00000000c5c00000, 0x00000000c5c00000, 0x00000000c5d00000|  0%| F|  |TAMS 0x00000000c5c00000, 0x00000000c5c00000| Untracked 
|  93|0x00000000c5d00000, 0x00000000c5d00000, 0x00000000c5e00000|  0%| F|  |TAMS 0x00000000c5d00000, 0x00000000c5d00000| Untracked 
|  94|0x00000000c5e00000, 0x00000000c5e00000, 0x00000000c5f00000|  0%| F|  |TAMS 0x00000000c5e00000, 0x00000000c5e00000| Untracked 
|  95|0x00000000c5f00000, 0x00000000c5f00000, 0x00000000c6000000|  0%| F|  |TAMS 0x00000000c5f00000, 0x00000000c5f00000| Untracked 
|  96|0x00000000c6000000, 0x00000000c6000000, 0x00000000c6100000|  0%| F|  |TAMS 0x00000000c6000000, 0x00000000c6000000| Untracked 
|  97|0x00000000c6100000, 0x00000000c6100000, 0x00000000c6200000|  0%| F|  |TAMS 0x00000000c6100000, 0x00000000c6100000| Untracked 
|  98|0x00000000c6200000, 0x00000000c6200000, 0x00000000c6300000|  0%| F|  |TAMS 0x00000000c6200000, 0x00000000c6200000| Untracked 
|  99|0x00000000c6300000, 0x00000000c6300000, 0x00000000c6400000|  0%| F|  |TAMS 0x00000000c6300000, 0x00000000c6300000| Untracked 
| 100|0x00000000c6400000, 0x00000000c6400000, 0x00000000c6500000|  0%| F|  |TAMS 0x00000000c6400000, 0x00000000c6400000| Untracked 
| 101|0x00000000c6500000, 0x00000000c6600000, 0x00000000c6600000|100%| O|  |TAMS 0x00000000c6600000, 0x00000000c6500000| Untracked 
| 102|0x00000000c6600000, 0x00000000c6700000, 0x00000000c6700000|100%| O|  |TAMS 0x00000000c6700000, 0x00000000c6600000| Untracked 
| 103|0x00000000c6700000, 0x00000000c6707d08, 0x00000000c6800000|  3%| E|  |TAMS 0x00000000c6700000, 0x00000000c6700000| Complete 

Card table byte_map: [0x0000015189fb0000,0x000001518a1b0000] _byte_map_base: 0x00000151899b0000

Marking Bits (Prev, Next): (CMBitMap*) 0x0000015183e48350, (CMBitMap*) 0x0000015183e48390
 Prev Bits: [0x000001518a3b0000, 0x000001518b3b0000)
 Next Bits: [0x000001518b3b0000, 0x000001518c3b0000)

Polling page: 0x00000151835a0000

Metaspace:

Usage:
  Non-class:     50.32 MB used.
      Class:      7.14 MB used.
       Both:     57.46 MB used.

Virtual space:
  Non-class space:       64.00 MB reserved,      50.56 MB ( 79%) committed,  1 nodes.
      Class space:        1.00 GB reserved,       7.31 MB ( <1%) committed,  1 nodes.
             Both:        1.06 GB reserved,      57.88 MB (  5%) committed. 

Chunk freelists:
   Non-Class:  12.81 MB
       Class:  8.66 MB
        Both:  21.47 MB

MaxMetaspaceSize: unlimited
CompressedClassSpaceSize: 1.00 GB
Initial GC threshold: 21.00 MB
Current GC threshold: 96.50 MB
CDS: off
MetaspaceReclaimPolicy: balanced
 - commit_granule_bytes: 65536.
 - commit_granule_words: 8192.
 - virtual_space_node_default_size: 8388608.
 - enlarge_chunks_in_place: 1.
 - new_chunks_are_fully_committed: 0.
 - uncommit_free_chunks: 1.
 - use_allocation_guard: 0.
 - handle_deallocations: 1.


Internal statistics:

num_allocs_failed_limit: 6.
num_arena_births: 704.
num_arena_deaths: 262.
num_vsnodes_births: 2.
num_vsnodes_deaths: 0.
num_space_committed: 926.
num_space_uncommitted: 0.
num_chunks_returned_to_freelist: 323.
num_chunks_taken_from_freelist: 2639.
num_chunk_merges: 99.
num_chunk_splits: 1757.
num_chunks_enlarged: 1331.
num_inconsistent_stats: 0.

CodeCache: size=49152Kb used=11453Kb max_used=11743Kb free=37698Kb
 bounds [0x0000015186a80000, 0x0000015187600000, 0x0000015189a80000]
 total_blobs=6940 nmethods=6269 adapters=598
 compilation: enabled
              stopped_count=0, restarted_count=0
 full_count=0

Compilation events (20 events):
Event: 1300.382 Thread 0x000001518f206010 6261       1       java.util.concurrent.ScheduledThreadPoolExecutor::reExecutePeriodic (49 bytes)
Event: 1300.388 Thread 0x000001518f206010 nmethod 6261 0x0000015186f1b690 code [0x0000015186f1b880, 0x0000015186f1bac8]
Event: 1310.420 Thread 0x000001518f206010 6262       1       org.springframework.ide.vscode.commons.languageserver.util.SimpleLanguageServer::getParentProcessId (5 bytes)
Event: 1310.437 Thread 0x000001518f206010 nmethod 6262 0x0000015186f1b390 code [0x0000015186f1b520, 0x0000015186f1b5f8]
Event: 1391.712 Thread 0x000001518f206010 6263       1       java.lang.Runtime::getRuntime (4 bytes)
Event: 1391.714 Thread 0x000001518f206010 nmethod 6263 0x0000015186f1b090 code [0x0000015186f1b220, 0x0000015186f1b2d8]
Event: 1483.126 Thread 0x000001518f206010 6264       1       java.io.FileInputStream::<init> (59 bytes)
Event: 1483.137 Thread 0x000001518f206010 nmethod 6264 0x0000015186f1a790 code [0x0000015186f1a980, 0x0000015186f1ae48]
Event: 1483.137 Thread 0x000001518f206010 6265       1       java.lang.Process$PipeInputStream::<init> (6 bytes)
Event: 1483.137 Thread 0x000001518f206010 nmethod 6265 0x0000015186f1a490 code [0x0000015186f1a620, 0x0000015186f1a708]
Event: 1483.261 Thread 0x000001518f206010 6266       1       java.lang.ProcessImpl::exitValue (28 bytes)
Event: 1483.295 Thread 0x000001518f206010 nmethod 6266 0x0000015186f1a090 code [0x0000015186f1a240, 0x0000015186f1a398]
Event: 1483.296 Thread 0x000001518f206010 6269   !   1       com.google.common.io.Closeables::closeQuietly (19 bytes)
Event: 1483.308 Thread 0x000001518f206010 nmethod 6269 0x0000015186f19c90 code [0x0000015186f19e40, 0x0000015186f19fb8]
Event: 1483.308 Thread 0x000001518f206010 6267       1       java.lang.ProcessImpl::getInputStream (5 bytes)
Event: 1483.308 Thread 0x000001518f206010 nmethod 6267 0x0000015186f19990 code [0x0000015186f19b20, 0x0000015186f19bf8]
Event: 1483.308 Thread 0x000001518f206010 6268       1       java.lang.ProcessImpl::getErrorStream (5 bytes)
Event: 1483.308 Thread 0x000001518f206010 nmethod 6268 0x0000015186f19690 code [0x0000015186f19820, 0x0000015186f198f8]
Event: 1483.309 Thread 0x000001518f206010 6270       1       java.lang.ProcessImpl::getOutputStream (5 bytes)
Event: 1483.310 Thread 0x000001518f206010 nmethod 6270 0x0000015186f19390 code [0x0000015186f19520, 0x0000015186f195f8]

GC Heap History (20 events):
Event: 1452.773 GC heap before
{Heap before GC invocations=148 (full 124):
 garbage-first heap   total 106496K, used 38320K [0x00000000c0000000, 0x0000000100000000)
  region size 1024K, 1 young (1024K), 0 survivors (0K)
 Metaspace       used 58837K, committed 59264K, reserved 1114112K
  class space    used 7314K, committed 7488K, reserved 1048576K
}
Event: 1452.799 GC heap after
{Heap after GC invocations=149 (full 125):
 garbage-first heap   total 106496K, used 38320K [0x00000000c0000000, 0x0000000100000000)
  region size 1024K, 0 young (0K), 0 survivors (0K)
 Metaspace       used 58837K, committed 59264K, reserved 1114112K
  class space    used 7314K, committed 7488K, reserved 1048576K
}
Event: 1462.918 GC heap before
{Heap before GC invocations=149 (full 125):
 garbage-first heap   total 106496K, used 38320K [0x00000000c0000000, 0x0000000100000000)
  region size 1024K, 1 young (1024K), 0 survivors (0K)
 Metaspace       used 58837K, committed 59264K, reserved 1114112K
  class space    used 7314K, committed 7488K, reserved 1048576K
}
Event: 1462.943 GC heap after
{Heap after GC invocations=150 (full 126):
 garbage-first heap   total 106496K, used 38320K [0x00000000c0000000, 0x0000000100000000)
  region size 1024K, 0 young (0K), 0 survivors (0K)
 Metaspace       used 58837K, committed 59264K, reserved 1114112K
  class space    used 7314K, committed 7488K, reserved 1048576K
}
Event: 1473.080 GC heap before
{Heap before GC invocations=150 (full 126):
 garbage-first heap   total 106496K, used 38320K [0x00000000c0000000, 0x0000000100000000)
  region size 1024K, 1 young (1024K), 0 survivors (0K)
 Metaspace       used 58837K, committed 59264K, reserved 1114112K
  class space    used 7314K, committed 7488K, reserved 1048576K
}
Event: 1473.108 GC heap after
{Heap after GC invocations=151 (full 127):
 garbage-first heap   total 106496K, used 38320K [0x00000000c0000000, 0x0000000100000000)
  region size 1024K, 0 young (0K), 0 survivors (0K)
 Metaspace       used 58837K, committed 59264K, reserved 1114112K
  class space    used 7314K, committed 7488K, reserved 1048576K
}
Event: 1483.261 GC heap before
{Heap before GC invocations=151 (full 127):
 garbage-first heap   total 106496K, used 38320K [0x00000000c0000000, 0x0000000100000000)
  region size 1024K, 1 young (1024K), 0 survivors (0K)
 Metaspace       used 58837K, committed 59264K, reserved 1114112K
  class space    used 7314K, committed 7488K, reserved 1048576K
}
Event: 1483.293 GC heap after
{Heap after GC invocations=152 (full 128):
 garbage-first heap   total 106496K, used 38320K [0x00000000c0000000, 0x0000000100000000)
  region size 1024K, 0 young (0K), 0 survivors (0K)
 Metaspace       used 58837K, committed 59264K, reserved 1114112K
  class space    used 7314K, committed 7488K, reserved 1048576K
}
Event: 1493.449 GC heap before
{Heap before GC invocations=152 (full 128):
 garbage-first heap   total 106496K, used 38320K [0x00000000c0000000, 0x0000000100000000)
  region size 1024K, 1 young (1024K), 0 survivors (0K)
 Metaspace       used 58837K, committed 59264K, reserved 1114112K
  class space    used 7314K, committed 7488K, reserved 1048576K
}
Event: 1493.493 GC heap after
{Heap after GC invocations=153 (full 129):
 garbage-first heap   total 106496K, used 38320K [0x00000000c0000000, 0x0000000100000000)
  region size 1024K, 0 young (0K), 0 survivors (0K)
 Metaspace       used 58837K, committed 59264K, reserved 1114112K
  class space    used 7314K, committed 7488K, reserved 1048576K
}
Event: 1503.611 GC heap before
{Heap before GC invocations=153 (full 129):
 garbage-first heap   total 106496K, used 38320K [0x00000000c0000000, 0x0000000100000000)
  region size 1024K, 1 young (1024K), 0 survivors (0K)
 Metaspace       used 58837K, committed 59264K, reserved 1114112K
  class space    used 7314K, committed 7488K, reserved 1048576K
}
Event: 1503.638 GC heap after
{Heap after GC invocations=154 (full 130):
 garbage-first heap   total 106496K, used 38320K [0x00000000c0000000, 0x0000000100000000)
  region size 1024K, 0 young (0K), 0 survivors (0K)
 Metaspace       used 58837K, committed 59264K, reserved 1114112K
  class space    used 7314K, committed 7488K, reserved 1048576K
}
Event: 1513.803 GC heap before
{Heap before GC invocations=154 (full 130):
 garbage-first heap   total 106496K, used 38320K [0x00000000c0000000, 0x0000000100000000)
  region size 1024K, 1 young (1024K), 0 survivors (0K)
 Metaspace       used 58837K, committed 59264K, reserved 1114112K
  class space    used 7314K, committed 7488K, reserved 1048576K
}
Event: 1513.831 GC heap after
{Heap after GC invocations=155 (full 131):
 garbage-first heap   total 106496K, used 38320K [0x00000000c0000000, 0x0000000100000000)
  region size 1024K, 0 young (0K), 0 survivors (0K)
 Metaspace       used 58837K, committed 59264K, reserved 1114112K
  class space    used 7314K, committed 7488K, reserved 1048576K
}
Event: 1523.956 GC heap before
{Heap before GC invocations=155 (full 131):
 garbage-first heap   total 106496K, used 38320K [0x00000000c0000000, 0x0000000100000000)
  region size 1024K, 1 young (1024K), 0 survivors (0K)
 Metaspace       used 58837K, committed 59264K, reserved 1114112K
  class space    used 7314K, committed 7488K, reserved 1048576K
}
Event: 1523.983 GC heap after
{Heap after GC invocations=156 (full 132):
 garbage-first heap   total 106496K, used 38320K [0x00000000c0000000, 0x0000000100000000)
  region size 1024K, 0 young (0K), 0 survivors (0K)
 Metaspace       used 58837K, committed 59264K, reserved 1114112K
  class space    used 7314K, committed 7488K, reserved 1048576K
}
Event: 1534.116 GC heap before
{Heap before GC invocations=156 (full 132):
 garbage-first heap   total 106496K, used 38320K [0x00000000c0000000, 0x0000000100000000)
  region size 1024K, 1 young (1024K), 0 survivors (0K)
 Metaspace       used 58837K, committed 59264K, reserved 1114112K
  class space    used 7314K, committed 7488K, reserved 1048576K
}
Event: 1534.143 GC heap after
{Heap after GC invocations=157 (full 133):
 garbage-first heap   total 106496K, used 38320K [0x00000000c0000000, 0x0000000100000000)
  region size 1024K, 0 young (0K), 0 survivors (0K)
 Metaspace       used 58837K, committed 59264K, reserved 1114112K
  class space    used 7314K, committed 7488K, reserved 1048576K
}
Event: 1544.264 GC heap before
{Heap before GC invocations=157 (full 133):
 garbage-first heap   total 106496K, used 38320K [0x00000000c0000000, 0x0000000100000000)
  region size 1024K, 1 young (1024K), 0 survivors (0K)
 Metaspace       used 58837K, committed 59264K, reserved 1114112K
  class space    used 7314K, committed 7488K, reserved 1048576K
}
Event: 1544.290 GC heap after
{Heap after GC invocations=158 (full 134):
 garbage-first heap   total 106496K, used 38320K [0x00000000c0000000, 0x0000000100000000)
  region size 1024K, 0 young (0K), 0 survivors (0K)
 Metaspace       used 58837K, committed 59264K, reserved 1114112K
  class space    used 7314K, committed 7488K, reserved 1048576K
}

Dll operation events (10 events):
Event: 0.017 Loaded shared library c:\Users\admin\.vscode\extensions\redhat.java-1.28.1-win32-x64\jre\17.0.10-win32-x86_64\bin\java.dll
Event: 0.358 Loaded shared library C:\Users\admin\.vscode\extensions\redhat.java-1.28.1-win32-x64\jre\17.0.10-win32-x86_64\bin\net.dll
Event: 0.359 Loaded shared library C:\Users\admin\.vscode\extensions\redhat.java-1.28.1-win32-x64\jre\17.0.10-win32-x86_64\bin\nio.dll
Event: 0.369 Loaded shared library C:\Users\admin\.vscode\extensions\redhat.java-1.28.1-win32-x64\jre\17.0.10-win32-x86_64\bin\zip.dll
Event: 2.283 Loaded shared library C:\Users\admin\.vscode\extensions\redhat.java-1.28.1-win32-x64\jre\17.0.10-win32-x86_64\bin\jimage.dll
Event: 5.314 Loaded shared library c:\Users\admin\.vscode\extensions\redhat.java-1.28.1-win32-x64\jre\17.0.10-win32-x86_64\bin\verify.dll
Event: 7.056 Loaded shared library C:\Users\admin\.vscode\extensions\redhat.java-1.28.1-win32-x64\jre\17.0.10-win32-x86_64\bin\management.dll
Event: 7.066 Loaded shared library C:\Users\admin\.vscode\extensions\redhat.java-1.28.1-win32-x64\jre\17.0.10-win32-x86_64\bin\management_ext.dll
Event: 8.485 Loaded shared library C:\Users\admin\.vscode\extensions\redhat.java-1.28.1-win32-x64\jre\17.0.10-win32-x86_64\bin\sunmscapi.dll
Event: 8.724 Loaded shared library C:\Users\admin\.vscode\extensions\redhat.java-1.28.1-win32-x64\jre\17.0.10-win32-x86_64\bin\extnet.dll

Deoptimization events (20 events):
Event: 8.557 Thread 0x0000015194d70540 DEOPT PACKING pc=0x0000015186cf740c sp=0x0000002a882fab30
Event: 8.557 Thread 0x0000015194d70540 DEOPT UNPACKING pc=0x0000015186ad7143 sp=0x0000002a882f9ff8 mode 0
Event: 8.883 Thread 0x000001519476fb70 DEOPT PACKING pc=0x00000151871d9124 sp=0x0000002a878fef60
Event: 8.883 Thread 0x0000015194771ee0 DEOPT PACKING pc=0x00000151871d9124 sp=0x0000002a87dff360
Event: 8.883 Thread 0x000001519476fb70 DEOPT UNPACKING pc=0x0000015186ad7143 sp=0x0000002a878fe448 mode 0
Event: 8.883 Thread 0x0000015194771ee0 DEOPT UNPACKING pc=0x0000015186ad7143 sp=0x0000002a87dfe848 mode 0
Event: 108.947 Thread 0x0000015194c525d0 DEOPT PACKING pc=0x0000015187113854 sp=0x0000002a86ffeed0
Event: 108.947 Thread 0x0000015194c525d0 DEOPT UNPACKING pc=0x0000015186ad7143 sp=0x0000002a86ffe378 mode 0
Event: 118.205 Thread 0x000001519476f150 DEOPT PACKING pc=0x000001518742010c sp=0x0000002a875fe5f0
Event: 118.205 Thread 0x000001519476f150 DEOPT UNPACKING pc=0x0000015186ad7143 sp=0x0000002a875fdb58 mode 0
Event: 118.205 Thread 0x000001519476f150 DEOPT PACKING pc=0x0000015186fd70cc sp=0x0000002a875fe720
Event: 118.205 Thread 0x000001519476f150 DEOPT UNPACKING pc=0x0000015186ad7143 sp=0x0000002a875fdc00 mode 0
Event: 118.205 Thread 0x000001519476f150 DEOPT PACKING pc=0x000001518742010c sp=0x0000002a875fe850
Event: 118.205 Thread 0x000001519476f150 DEOPT UNPACKING pc=0x0000015186ad7143 sp=0x0000002a875fddb8 mode 0
Event: 118.205 Thread 0x000001519476f150 DEOPT PACKING pc=0x0000015186fd70cc sp=0x0000002a875fe980
Event: 118.205 Thread 0x000001519476f150 DEOPT UNPACKING pc=0x0000015186ad7143 sp=0x0000002a875fde78 mode 0
Event: 118.206 Thread 0x000001519476f150 DEOPT PACKING pc=0x000001518742010c sp=0x0000002a875fecf0
Event: 118.206 Thread 0x000001519476f150 DEOPT UNPACKING pc=0x0000015186ad7143 sp=0x0000002a875fe258 mode 0
Event: 118.206 Thread 0x000001519476f150 DEOPT PACKING pc=0x0000015186fd70cc sp=0x0000002a875fee20
Event: 118.206 Thread 0x000001519476f150 DEOPT UNPACKING pc=0x0000015186ad7143 sp=0x0000002a875fe318 mode 0

Classes unloaded (20 events):
Event: 198.383 Thread 0x000001518f086520 Unloading class 0x0000000100705000 'java/lang/invoke/LambdaForm$MH+0x0000000100705000'
Event: 198.383 Thread 0x000001518f086520 Unloading class 0x000000010073a400 'java/lang/invoke/LambdaForm$MH+0x000000010073a400'
Event: 198.383 Thread 0x000001518f086520 Unloading class 0x0000000100745800 'java/lang/invoke/LambdaForm$MH+0x0000000100745800'
Event: 208.517 Thread 0x000001518f086520 Unloading class 0x0000000100755400 'jdk/internal/reflect/GeneratedConstructorAccessor42'
Event: 208.517 Thread 0x000001518f086520 Unloading class 0x0000000100754c00 'jdk/internal/reflect/GeneratedConstructorAccessor40'
Event: 208.517 Thread 0x000001518f086520 Unloading class 0x0000000100754800 'jdk/internal/reflect/GeneratedConstructorAccessor39'
Event: 208.517 Thread 0x000001518f086520 Unloading class 0x0000000100754400 'jdk/internal/reflect/GeneratedConstructorAccessor38'
Event: 208.517 Thread 0x000001518f086520 Unloading class 0x0000000100088400 'java/lang/invoke/LambdaForm$MH+0x0000000100088400'
Event: 208.517 Thread 0x000001518f086520 Unloading class 0x0000000100088c00 'java/lang/invoke/LambdaForm$MH+0x0000000100088c00'
Event: 208.517 Thread 0x000001518f086520 Unloading class 0x0000000100089400 'java/lang/invoke/LambdaForm$MH+0x0000000100089400'
Event: 208.517 Thread 0x000001518f086520 Unloading class 0x00000001003aac00 'java/lang/invoke/LambdaForm$MH+0x00000001003aac00'
Event: 208.517 Thread 0x000001518f086520 Unloading class 0x00000001003b0400 'java/lang/invoke/LambdaForm$MH+0x00000001003b0400'
Event: 208.517 Thread 0x000001518f086520 Unloading class 0x00000001003b0800 'java/lang/invoke/LambdaForm$MH+0x00000001003b0800'
Event: 208.517 Thread 0x000001518f086520 Unloading class 0x00000001003b1800 'java/lang/invoke/LambdaForm$MH+0x00000001003b1800'
Event: 208.517 Thread 0x000001518f086520 Unloading class 0x00000001003b4800 'java/lang/invoke/LambdaForm$MH+0x00000001003b4800'
Event: 208.517 Thread 0x000001518f086520 Unloading class 0x0000000100408000 'java/lang/invoke/LambdaForm$MH+0x0000000100408000'
Event: 208.517 Thread 0x000001518f086520 Unloading class 0x0000000100544000 'java/lang/invoke/LambdaForm$MH+0x0000000100544000'
Event: 208.517 Thread 0x000001518f086520 Unloading class 0x0000000100555000 'java/lang/invoke/LambdaForm$MH+0x0000000100555000'
Event: 208.517 Thread 0x000001518f086520 Unloading class 0x0000000100555800 'java/lang/invoke/LambdaForm$MH+0x0000000100555800'
Event: 208.517 Thread 0x000001518f086520 Unloading class 0x0000000100620800 'java/lang/invoke/LambdaForm$MH+0x0000000100620800'

Classes redefined (0 events):
No events

Internal exceptions (20 events):
Event: 118.241 Thread 0x000001519476f150 Exception <a 'sun/nio/fs/WindowsException'{0x00000000c497ae50}> (0x00000000c497ae50) 
thrown [s\src\hotspot\share\prims\jni.cpp, line 516]
Event: 118.241 Thread 0x000001519476f150 Exception <a 'sun/nio/fs/WindowsException'{0x00000000c497b938}> (0x00000000c497b938) 
thrown [s\src\hotspot\share\prims\jni.cpp, line 516]
Event: 118.241 Thread 0x000001519476f150 Exception <a 'sun/nio/fs/WindowsException'{0x00000000c497c3d0}> (0x00000000c497c3d0) 
thrown [s\src\hotspot\share\prims\jni.cpp, line 516]
Event: 118.241 Thread 0x000001519476f150 Exception <a 'sun/nio/fs/WindowsException'{0x00000000c497ce68}> (0x00000000c497ce68) 
thrown [s\src\hotspot\share\prims\jni.cpp, line 516]
Event: 118.241 Thread 0x000001519476f150 Exception <a 'sun/nio/fs/WindowsException'{0x00000000c497da18}> (0x00000000c497da18) 
thrown [s\src\hotspot\share\prims\jni.cpp, line 516]
Event: 119.017 Thread 0x000001519476f150 Exception <a 'sun/nio/fs/WindowsException'{0x00000000c971e318}> (0x00000000c971e318) 
thrown [s\src\hotspot\share\prims\jni.cpp, line 516]
Event: 119.017 Thread 0x000001519476f150 Exception <a 'sun/nio/fs/WindowsException'{0x00000000c971ee00}> (0x00000000c971ee00) 
thrown [s\src\hotspot\share\prims\jni.cpp, line 516]
Event: 119.017 Thread 0x000001519476f150 Exception <a 'sun/nio/fs/WindowsException'{0x00000000c971f9b0}> (0x00000000c971f9b0) 
thrown [s\src\hotspot\share\prims\jni.cpp, line 516]
Event: 119.017 Thread 0x000001519476f150 Exception <a 'sun/nio/fs/WindowsException'{0x00000000c9720448}> (0x00000000c9720448) 
thrown [s\src\hotspot\share\prims\jni.cpp, line 516]
Event: 119.017 Thread 0x000001519476f150 Exception <a 'sun/nio/fs/WindowsException'{0x00000000c9720ee0}> (0x00000000c9720ee0) 
thrown [s\src\hotspot\share\prims\jni.cpp, line 516]
Event: 119.017 Thread 0x000001519476f150 Exception <a 'sun/nio/fs/WindowsException'{0x00000000c9721b00}> (0x00000000c9721b00) 
thrown [s\src\hotspot\share\prims\jni.cpp, line 516]
Event: 119.017 Thread 0x000001519476f150 Exception <a 'sun/nio/fs/WindowsException'{0x00000000c9723168}> (0x00000000c9723168) 
thrown [s\src\hotspot\share\prims\jni.cpp, line 516]
Event: 119.017 Thread 0x000001519476f150 Exception <a 'sun/nio/fs/WindowsException'{0x00000000c9723c50}> (0x00000000c9723c50) 
thrown [s\src\hotspot\share\prims\jni.cpp, line 516]
Event: 119.017 Thread 0x000001519476f150 Exception <a 'sun/nio/fs/WindowsException'{0x00000000c9724800}> (0x00000000c9724800) 
thrown [s\src\hotspot\share\prims\jni.cpp, line 516]
Event: 119.017 Thread 0x000001519476f150 Exception <a 'sun/nio/fs/WindowsException'{0x00000000c9725298}> (0x00000000c9725298) 
thrown [s\src\hotspot\share\prims\jni.cpp, line 516]
Event: 119.017 Thread 0x000001519476f150 Exception <a 'sun/nio/fs/WindowsException'{0x00000000c9725d30}> (0x00000000c9725d30) 
thrown [s\src\hotspot\share\prims\jni.cpp, line 516]
Event: 119.017 Thread 0x000001519476f150 Exception <a 'sun/nio/fs/WindowsException'{0x00000000c9726950}> (0x00000000c9726950) 
thrown [s\src\hotspot\share\prims\jni.cpp, line 516]
Event: 309.567 Thread 0x0000015194d6fb20 Exception <a 'java/io/IOException'{0x00000000c675d528}> (0x00000000c675d528) 
thrown [s\src\hotspot\share\prims\jni.cpp, line 516]
Event: 309.776 Thread 0x0000015194d6dcc0 Exception <a 'java/io/IOException'{0x00000000c676fee0}> (0x00000000c676fee0) 
thrown [s\src\hotspot\share\prims\jni.cpp, line 516]
Event: 310.257 Thread 0x0000015194d70030 Exception <a 'java/io/IOException'{0x00000000c670f610}> (0x00000000c670f610) 
thrown [s\src\hotspot\share\prims\jni.cpp, line 516]

VM Operations (20 events):
Event: 1452.800 Executing VM operation: G1CollectFull done
Event: 1462.918 Executing VM operation: G1CollectFull
Event: 1462.943 Executing VM operation: G1CollectFull done
Event: 1473.080 Executing VM operation: G1CollectFull
Event: 1473.108 Executing VM operation: G1CollectFull done
Event: 1483.261 Executing VM operation: G1CollectFull
Event: 1483.293 Executing VM operation: G1CollectFull done
Event: 1493.449 Executing VM operation: G1CollectFull
Event: 1493.494 Executing VM operation: G1CollectFull done
Event: 1503.611 Executing VM operation: G1CollectFull
Event: 1503.638 Executing VM operation: G1CollectFull done
Event: 1513.803 Executing VM operation: G1CollectFull
Event: 1513.831 Executing VM operation: G1CollectFull done
Event: 1523.956 Executing VM operation: G1CollectFull
Event: 1523.983 Executing VM operation: G1CollectFull done
Event: 1534.116 Executing VM operation: G1CollectFull
Event: 1534.143 Executing VM operation: G1CollectFull done
Event: 1544.264 Executing VM operation: G1CollectFull
Event: 1544.290 Executing VM operation: G1CollectFull done
Event: 1554.449 Executing VM operation: G1CollectFull

Events (20 events):
Event: 309.567 loading class sun/net/ConnectionResetException done
Event: 369.575 Thread 0x0000015194d6ebf0 Thread exited: 0x0000015194d6ebf0
Event: 369.776 Thread 0x0000015198af3a00 Thread exited: 0x0000015198af3a00
Event: 369.776 Thread 0x0000015194d6dcc0 Thread exited: 0x0000015194d6dcc0
Event: 370.265 Thread 0x0000015194d70030 Thread exited: 0x0000015194d70030
Event: 370.265 Thread 0x0000015194d6fb20 Thread exited: 0x0000015194d6fb20
Event: 454.803 Thread 0x0000015198af7bd0 Thread added: 0x0000015198af7bd0
Event: 514.815 Thread 0x0000015198af7bd0 Thread exited: 0x0000015198af7bd0
Event: 553.072 Thread 0x0000015198af76c0 Thread added: 0x0000015198af76c0
Event: 553.072 Thread 0x0000015198af3f10 Thread added: 0x0000015198af3f10
Event: 553.072 Thread 0x0000015198af2ad0 Thread added: 0x0000015198af2ad0
Event: 553.073 Thread 0x0000015198af80e0 Thread added: 0x0000015198af80e0
Event: 553.083 Thread 0x0000015198af6790 Thread added: 0x0000015198af6790
Event: 559.991 Thread 0x0000015198af7bd0 Thread added: 0x0000015198af7bd0
Event: 613.082 Thread 0x0000015198af80e0 Thread exited: 0x0000015198af80e0
Event: 620.885 Thread 0x0000015198af7bd0 Thread exited: 0x0000015198af7bd0
Event: 624.416 Thread 0x0000015198af76c0 Thread exited: 0x0000015198af76c0
Event: 624.478 Thread 0x0000015198af2ad0 Thread exited: 0x0000015198af2ad0
Event: 624.541 Thread 0x0000015198af6790 Thread exited: 0x0000015198af6790
Event: 624.853 Thread 0x0000015198af3f10 Thread exited: 0x0000015198af3f10


Dynamic libraries:
0x00007ff6b9c00000 - 0x00007ff6b9c0e000 	c:\Users\admin\.vscode\extensions\redhat.java-1.28.1-win32-x64\jre\17.0.10-win32-x86_64\bin\java.exe
0x00007ff9cb910000 - 0x00007ff9cbb27000 	C:\WINDOWS\SYSTEM32\ntdll.dll
0x00007ff9ca900000 - 0x00007ff9ca9c4000 	C:\WINDOWS\System32\KERNEL32.DLL
0x00007ff9c8e50000 - 0x00007ff9c91f6000 	C:\WINDOWS\System32\KERNELBASE.dll
0x00007ff9c5ff0000 - 0x00007ff9c6087000 	C:\WINDOWS\SYSTEM32\apphelp.dll
0x00007ff9c9280000 - 0x00007ff9c9391000 	C:\WINDOWS\System32\ucrtbase.dll
0x00007ff9925e0000 - 0x00007ff9925f7000 	c:\Users\admin\.vscode\extensions\redhat.java-1.28.1-win32-x64\jre\17.0.10-win32-x86_64\bin\jli.dll
0x00007ff9b2990000 - 0x00007ff9b2c23000 	C:\WINDOWS\WinSxS\amd64_microsoft.windows.common-controls_6595b64144ccf1df_6.0.22621.2506_none_270c5ae97388e100\COMCTL32.dll
0x00007ff9c9fc0000 - 0x00007ff9ca16e000 	C:\WINDOWS\System32\USER32.dll
0x00007ff9c9510000 - 0x00007ff9c9536000 	C:\WINDOWS\System32\win32u.dll
0x00007ff9ca180000 - 0x00007ff9ca227000 	C:\WINDOWS\System32\msvcrt.dll
0x00007ff9caa60000 - 0x00007ff9caa89000 	C:\WINDOWS\System32\GDI32.dll
0x00007ff992600000 - 0x00007ff99261b000 	c:\Users\admin\.vscode\extensions\redhat.java-1.28.1-win32-x64\jre\17.0.10-win32-x86_64\bin\VCRUNTIME140.dll
0x00007ff9c9540000 - 0x00007ff9c9658000 	C:\WINDOWS\System32\gdi32full.dll
0x00007ff9c8db0000 - 0x00007ff9c8e4a000 	C:\WINDOWS\System32\msvcp_win.dll
0x00007ff9cb890000 - 0x00007ff9cb8c1000 	C:\WINDOWS\System32\IMM32.DLL
0x00007ff9aa970000 - 0x00007ff9aa97c000 	c:\Users\admin\.vscode\extensions\redhat.java-1.28.1-win32-x64\jre\17.0.10-win32-x86_64\bin\vcruntime140_1.dll
0x00007ff955b10000 - 0x00007ff955b9d000 	c:\Users\admin\.vscode\extensions\redhat.java-1.28.1-win32-x64\jre\17.0.10-win32-x86_64\bin\msvcp140.dll
0x00007ff93ed70000 - 0x00007ff93f9d2000 	c:\Users\admin\.vscode\extensions\redhat.java-1.28.1-win32-x64\jre\17.0.10-win32-x86_64\bin\server\jvm.dll
0x00007ff9c9a10000 - 0x00007ff9c9ac3000 	C:\WINDOWS\System32\ADVAPI32.dll
0x00007ff9caa90000 - 0x00007ff9cab38000 	C:\WINDOWS\System32\sechost.dll
0x00007ff9c8cc0000 - 0x00007ff9c8ce8000 	C:\WINDOWS\System32\bcrypt.dll
0x00007ff9c9660000 - 0x00007ff9c9777000 	C:\WINDOWS\System32\RPCRT4.dll
0x00007ff9c8b20000 - 0x00007ff9c8b6d000 	C:\WINDOWS\SYSTEM32\POWRPROF.dll
0x00007ff9a6130000 - 0x00007ff9a6164000 	C:\WINDOWS\SYSTEM32\WINMM.dll
0x00007ff9c5fb0000 - 0x00007ff9c5fb9000 	C:\WINDOWS\SYSTEM32\WSOCK32.dll
0x00007ff9ca880000 - 0x00007ff9ca8f1000 	C:\WINDOWS\System32\WS2_32.dll
0x00007ff9c24b0000 - 0x00007ff9c24ba000 	C:\WINDOWS\SYSTEM32\VERSION.dll
0x00007ff9c8b00000 - 0x00007ff9c8b13000 	C:\WINDOWS\SYSTEM32\UMPDC.dll
0x00007ff9c7c50000 - 0x00007ff9c7c68000 	C:\WINDOWS\SYSTEM32\kernel.appcore.dll
0x00007ff9aa860000 - 0x00007ff9aa86a000 	c:\Users\admin\.vscode\extensions\redhat.java-1.28.1-win32-x64\jre\17.0.10-win32-x86_64\bin\jimage.dll
0x00007ff9ac0a0000 - 0x00007ff9ac2d3000 	C:\WINDOWS\SYSTEM32\DBGHELP.DLL
0x00007ff9cb450000 - 0x00007ff9cb7d9000 	C:\WINDOWS\System32\combase.dll
0x00007ff9c9ee0000 - 0x00007ff9c9fb7000 	C:\WINDOWS\System32\OLEAUT32.dll
0x00007ff9ac040000 - 0x00007ff9ac072000 	C:\WINDOWS\SYSTEM32\dbgcore.DLL
0x00007ff9c9200000 - 0x00007ff9c927a000 	C:\WINDOWS\System32\bcryptPrimitives.dll
0x00007ff95bb60000 - 0x00007ff95bb85000 	c:\Users\admin\.vscode\extensions\redhat.java-1.28.1-win32-x64\jre\17.0.10-win32-x86_64\bin\java.dll
0x00007ff95bc50000 - 0x00007ff95bc68000 	c:\Users\admin\.vscode\extensions\redhat.java-1.28.1-win32-x64\jre\17.0.10-win32-x86_64\bin\zip.dll
0x00007ff9cabf0000 - 0x00007ff9cb44b000 	C:\WINDOWS\System32\SHELL32.dll
0x00007ff9c6b60000 - 0x00007ff9c7456000 	C:\WINDOWS\SYSTEM32\windows.storage.dll
0x00007ff9c6a20000 - 0x00007ff9c6b5e000 	C:\WINDOWS\SYSTEM32\wintypes.dll
0x00007ff9c9780000 - 0x00007ff9c9873000 	C:\WINDOWS\System32\SHCORE.dll
0x00007ff9c99b0000 - 0x00007ff9c9a0e000 	C:\WINDOWS\System32\shlwapi.dll
0x00007ff9c8b80000 - 0x00007ff9c8ba6000 	C:\WINDOWS\SYSTEM32\profapi.dll
0x00007ff95a000000 - 0x00007ff95a019000 	C:\Users\admin\.vscode\extensions\redhat.java-1.28.1-win32-x64\jre\17.0.10-win32-x86_64\bin\net.dll
0x00007ff9c2870000 - 0x00007ff9c29a7000 	C:\WINDOWS\SYSTEM32\WINHTTP.dll
0x00007ff9c80c0000 - 0x00007ff9c8129000 	C:\WINDOWS\system32\mswsock.dll
0x00007ff959fe0000 - 0x00007ff959ff6000 	C:\Users\admin\.vscode\extensions\redhat.java-1.28.1-win32-x64\jre\17.0.10-win32-x86_64\bin\nio.dll
0x00007ff9a7e50000 - 0x00007ff9a7e60000 	c:\Users\admin\.vscode\extensions\redhat.java-1.28.1-win32-x64\jre\17.0.10-win32-x86_64\bin\verify.dll
0x00007ff9c8410000 - 0x00007ff9c842b000 	C:\WINDOWS\SYSTEM32\CRYPTSP.dll
0x00007ff9c7bb0000 - 0x00007ff9c7be5000 	C:\WINDOWS\system32\rsaenh.dll
0x00007ff9c8160000 - 0x00007ff9c818c000 	C:\WINDOWS\SYSTEM32\USERENV.dll
0x00007ff9c83f0000 - 0x00007ff9c83fc000 	C:\WINDOWS\SYSTEM32\CRYPTBASE.dll
0x00007ff9c76c0000 - 0x00007ff9c76ed000 	C:\WINDOWS\SYSTEM32\IPHLPAPI.DLL
0x00007ff9cab60000 - 0x00007ff9cab69000 	C:\WINDOWS\System32\NSI.dll
0x00007ff9c2520000 - 0x00007ff9c2539000 	C:\WINDOWS\SYSTEM32\dhcpcsvc6.DLL
0x00007ff9c24e0000 - 0x00007ff9c24ff000 	C:\WINDOWS\SYSTEM32\dhcpcsvc.DLL
0x00007ff9c7730000 - 0x00007ff9c7829000 	C:\WINDOWS\SYSTEM32\DNSAPI.dll
0x00007ff9a6170000 - 0x00007ff9a6179000 	C:\Users\admin\.vscode\extensions\redhat.java-1.28.1-win32-x64\jre\17.0.10-win32-x86_64\bin\management.dll
0x00007ff99fc60000 - 0x00007ff99fc6b000 	C:\Users\admin\.vscode\extensions\redhat.java-1.28.1-win32-x64\jre\17.0.10-win32-x86_64\bin\management_ext.dll
0x00007ff9ca170000 - 0x00007ff9ca178000 	C:\WINDOWS\System32\PSAPI.DLL
0x00007ff9a6e80000 - 0x00007ff9a6e8e000 	C:\Users\admin\.vscode\extensions\redhat.java-1.28.1-win32-x64\jre\17.0.10-win32-x86_64\bin\sunmscapi.dll
0x00007ff9c93a0000 - 0x00007ff9c9506000 	C:\WINDOWS\System32\CRYPT32.dll
0x00007ff9c8520000 - 0x00007ff9c854e000 	C:\WINDOWS\SYSTEM32\ncrypt.dll
0x00007ff9c84e0000 - 0x00007ff9c8517000 	C:\WINDOWS\SYSTEM32\NTASN1.dll
0x00007ff9bfcd0000 - 0x00007ff9bfcda000 	C:\Windows\System32\rasadhlp.dll
0x00007ff9c1660000 - 0x00007ff9c16e3000 	C:\WINDOWS\System32\fwpuclnt.dll
0x00007ff9a61e0000 - 0x00007ff9a61e9000 	C:\Users\admin\.vscode\extensions\redhat.java-1.28.1-win32-x64\jre\17.0.10-win32-x86_64\bin\extnet.dll

dbghelp: loaded successfully - version: 4.0.5 - missing functions: none
symbol engine: initialized successfully - sym options: 0x614 - pdb path: .;c:\Users\admin\.vscode\extensions\redhat.java-1.28.1-win32-x64\jre\17.0.10-win32-x86_64\bin;C:\WINDOWS\SYSTEM32;C:\WINDOWS\WinSxS\amd64_microsoft.windows.common-controls_6595b64144ccf1df_6.0.22621.2506_none_270c5ae97388e100;c:\Users\admin\.vscode\extensions\redhat.java-1.28.1-win32-x64\jre\17.0.10-win32-x86_64\bin\server

VM Arguments:
jvm_args: -XX:+HeapDumpOnOutOfMemoryError -Xmx1024m -Dsts.lsp.client=vscode -Dsts.log.file=/dev/null -XX:TieredStopAtLevel=1 -Xlog:jni+resolve=off -Dspring.config.location=file:c:\Users\admin\.vscode\extensions\vmware.vscode-spring-boot-1.53.2024031204\language-server\BOOT-INF\classes\application.properties 
java_command: org.springframework.ide.vscode.boot.app.BootLanguageServerBootApp
java_class_path (initial): c:\Users\admin\.vscode\extensions\vmware.vscode-spring-boot-1.53.2024031204\language-server\BOOT-INF\classes;c:\Users\admin\.vscode\extensions\vmware.vscode-spring-boot-1.53.2024031204\language-server\BOOT-INF\lib\annotations-24.1.0.jar;c:\Users\admin\.vscode\extensions\vmware.vscode-spring-boot-1.53.2024031204\language-server\BOOT-INF\lib\antlr4-runtime-4.11.1.jar;c:\Users\admin\.vscode\extensions\vmware.vscode-spring-boot-1.53.2024031204\language-server\BOOT-INF\lib\asm-9.6.jar;c:\Users\admin\.vscode\extensions\vmware.vscode-spring-boot-1.53.2024031204\language-server\BOOT-INF\lib\asm-analysis-9.6.jar;c:\Users\admin\.vscode\extensions\vmware.vscode-spring-boot-1.53.2024031204\language-server\BOOT-INF\lib\asm-tree-9.6.jar;c:\Users\admin\.vscode\extensions\vmware.vscode-spring-boot-1.53.2024031204\language-server\BOOT-INF\lib\asm-util-9.6.jar;c:\Users\admin\.vscode\extensions\vmware.vscode-spring-boot-1.53.2024031204\language-server\BOOT-INF\lib\caffeine-3.1.8.jar;c:\Users\admin\.vscode\extensions\vmware.vscode-spring-boot-1.53.2024031204\language-server\BOOT-INF\lib\checker-qual-3.12.0.jar;c:\Users\admin\.vscode\extensions\vmware.vscode-spring-boot-1.53.2024031204\language-server\BOOT-INF\lib\classgraph-4.8.149.jar;c:\Users\admin\.vscode\extensions\vmware.vscode-spring-boot-1.53.2024031204\language-server\BOOT-INF\lib\commons-codec-1.16.1.jar;c:\Users\admin\.vscode\extensions\vmware.vscode-spring-boot-1.53.2024031204\language-server\BOOT-INF\lib\commons-compress-1.26.0.jar;c:\Users\admin\.vscode\extensions\vmware.vscode-spring-boot-1.53.2024031204\language-server\BOOT-INF\lib\commons-io-2.4.jar;c:\Users\admin\.vscode\extensions\vmware.vscode-spring-boot-1.53.2024031204\language-server\BOOT-INF\lib\commons-java-1.53.0-SNAPSHOT.jar;c:\Users\admin\.vscode\extensions\vmware.vscode-spring-boot-1.53.2024031204\language-server\BOOT-INF\lib\commons-lang3-3.13.0.jar;c:\Users\admin\.vscode\extensions\vmware.vscode-spring-boot-1.53.2024031204\lang
Launcher Type: SUN_STANDARD

[Global flags]
     intx CICompilerCount                          = 4                                         {product} {ergonomic}
     uint ConcGCThreads                            = 3                                         {product} {ergonomic}
     uint G1ConcRefinementThreads                  = 10                                        {product} {ergonomic}
   size_t G1HeapRegionSize                         = 1048576                                   {product} {ergonomic}
    uintx GCDrainStackTargetSize                   = 64                                        {product} {ergonomic}
     bool HeapDumpOnOutOfMemoryError               = true                                   {manageable} {command line}
   size_t InitialHeapSize                          = 127926272                                 {product} {ergonomic}
   size_t MarkStackSize                            = 4194304                                   {product} {ergonomic}
   size_t MaxHeapSize                              = 1073741824                                {product} {command line}
   size_t MaxNewSize                               = 643825664                                 {product} {ergonomic}
   size_t MinHeapDeltaBytes                        = 1048576                                   {product} {ergonomic}
   size_t MinHeapSize                              = 8388608                                   {product} {ergonomic}
    uintx NonProfiledCodeHeapSize                  = 0                                      {pd product} {ergonomic}
     bool ProfileInterpreter                       = false                                  {pd product} {command line}
    uintx ProfiledCodeHeapSize                     = 0                                      {pd product} {ergonomic}
   size_t SoftMaxHeapSize                          = 1073741824                             {manageable} {ergonomic}
     intx TieredStopAtLevel                        = 1                                         {product} {command line}
     bool UseCompressedClassPointers               = true                           {product lp64_product} {ergonomic}
     bool UseCompressedOops                        = true                           {product lp64_product} {ergonomic}
     bool UseG1GC                                  = true                                      {product} {ergonomic}
     bool UseLargePagesIndividualAllocation        = false                                  {pd product} {ergonomic}

Logging:
Log output configuration:
 #0: stdout all=warning,jni+resolve=off uptime,level,tags
 #1: stderr all=off uptime,level,tags

Environment Variables:
PATH=D:\Mangesh\oracle\dbhomeXE\bin;C:\Program Files (x86)\Common Files\Oracle\Java\javapath;C:\WINDOWS\system32;C:\WINDOWS;C:\WINDOWS\System32\Wbem;C:\WINDOWS\System32\WindowsPowerShell\v1.0\;C:\WINDOWS\System32\OpenSSH\;C:\Program Files (x86)\Microsoft SQL Server\150\DTS\Binn\;C:\Program Files\Azure Data Studio\bin;C:\Program Files\nodejs\;C:\Users\admin\AppData\Local\Microsoft\WindowsApps;C:\Program Files\Azure Data Studio\bin;C:\Users\admin\AppData\Local\Programs\Microsoft VS Code\bin;C:\Users\admin\AppData\Local\GitHubDesktop\bin;C:\Users\admin\AppData\Roaming\npm;C:\Program Files\heroku\bin
USERNAME=Mangesh
OS=Windows_NT
PROCESSOR_IDENTIFIER=Intel64 Family 6 Model 165 Stepping 3, GenuineIntel
TMP=C:\Users\admin\AppData\Local\Temp
TEMP=C:\Users\admin\AppData\Local\Temp



Periodic native trim disabled


---------------  S Y S T E M  ---------------

OS:
 Windows 11 , 64 bit Build 22621 (10.0.22621.3085)
OS uptime: 7 days 22:45 hours
Hyper-V role detected

CPU: total 12 (initial active 12) (6 cores per cpu, 2 threads per core) family 6 model 165 stepping 3 microcode 0xe0, cx8, cmov, fxsr, ht, mmx, 3dnowpref, sse, sse2, sse3, ssse3, sse4.1, sse4.2, popcnt, lzcnt, tsc, tscinvbit, avx, avx2, aes, erms, clmul, bmi1, bmi2, adx, fma, vzeroupper, clflush, clflushopt, hv
Processor Information for all 12 processors :
  Max Mhz: 2904, Current Mhz: 2904, Mhz Limit: 2904

Memory: 4k page, system-wide physical 7798M (512M free)
TotalPageFile size 21388M (AvailPageFile size 113M)
current process WorkingSet (physical memory assigned to process): 62M, peak: 268M
current process commit charge ("private bytes"): 274M, peak: 366M

vm_info: OpenJDK 64-Bit Server VM (17.0.10+7) for windows-amd64 JRE (17.0.10+7), built on Jan 16 2024 23:25:11 by "admin" with MS VC++ 16.10 / 16.11 (VS2019)

END.
