#
# There is insufficient memory for the Java Runtime Environment to continue.
# Native memory allocation (malloc) failed to allocate 2097152 bytes for AllocateHeap
# Possible reasons:
#   The system is out of physical RAM or swap space
#   The process is running with CompressedOops enabled, and the Java Heap may be blocking the growth of the native heap
# Possible solutions:
#   Reduce memory load on the system
#   Increase physical memory or swap space
#   Check if swap backing store is full
#   Decrease Java heap size (-Xmx/-Xms)
#   Decrease number of Java threads
#   Decrease Java thread stack sizes (-Xss)
#   Set larger code cache with -XX:ReservedCodeCacheSize=
#   JVM is running with Unscaled Compressed Oops mode in which the Java heap is
#     placed in the first 4GB address space. The Java Heap base address is the
#     maximum limit for the native heap growth. Please use -XX:HeapBaseMinAddress
#     to set the Java Heap base and to place the Java Heap above 4GB virtual address.
# This output file may be truncated or incomplete.
#
#  Out of Memory Error (allocation.cpp:44), pid=20904, tid=432
#
# JRE version: OpenJDK Runtime Environment Temurin-17.0.10+7 (17.0.10+7) (build 17.0.10+7)
# Java VM: OpenJDK 64-Bit Server VM Temurin-17.0.10+7 (17.0.10+7, mixed mode, emulated-client, tiered, compressed oops, compressed class ptrs, g1 gc, windows-amd64)
# No core dump will be written. Minidumps are not enabled by default on client versions of Windows
#

---------------  S U M M A R Y ------------

Command Line: -XX:+HeapDumpOnOutOfMemoryError -Xmx1024m -Dsts.lsp.client=vscode -Dsts.log.file=/dev/null -XX:TieredStopAtLevel=1 -Xlog:jni+resolve=off -Dspring.config.location=file:c:\Users\admin\.vscode\extensions\vmware.vscode-spring-boot-1.53.2024031204\language-server\BOOT-INF\classes\application.properties org.springframework.ide.vscode.boot.app.BootLanguageServerBootApp

Host: Intel(R) Core(TM) i5-10400 CPU @ 2.90GHz, 12 cores, 7G,  Windows 11 , 64 bit Build 22621 (10.0.22621.3085)
Time: Fri Mar 15 17:35:38 2024 India Standard Time elapsed time: 3959.982034 seconds (0d 1h 5m 59s)

---------------  T H R E A D  ---------------

Current thread (0x000001916e8d1da0):  VMThread "VM Thread" [stack: 0x0000007789800000,0x0000007789900000] [id=432]

Stack: [0x0000007789800000,0x0000007789900000]
Native frames: (J=compiled Java code, j=interpreted, Vv=VM code, C=native code)
V  [jvm.dll+0x67d2c9]
V  [jvm.dll+0x834afa]
V  [jvm.dll+0x8365be]
V  [jvm.dll+0x836c23]
V  [jvm.dll+0x2477ff]
V  [jvm.dll+0xa6c93]
V  [jvm.dll+0x2f86f1]
V  [jvm.dll+0x2f42e0]
V  [jvm.dll+0x2dc8c7]
V  [jvm.dll+0x31fb87]
V  [jvm.dll+0x83b11b]
V  [jvm.dll+0x83be61]
V  [jvm.dll+0x83c37d]
V  [jvm.dll+0x83c754]
V  [jvm.dll+0x83c820]
V  [jvm.dll+0x7e3fba]
V  [jvm.dll+0x67c1b5]
C  [ucrtbase.dll+0x29363]
C  [KERNEL32.DLL+0x1257d]
C  [ntdll.dll+0x5aa58]

VM_Operation (0x000000778b3fe8a0): G1CollectFull, mode: safepoint, requested by thread 0x0000019174494d90


---------------  P R O C E S S  ---------------

Threads class SMR info:
_java_thread_list=0x0000019174eb3290, length=55, elements={
0x000001916e8da190, 0x000001916e8db6c0, 0x000001916e8fb430, 0x000001916e8fce70,
0x000001916e8fd740, 0x000001916e8fe010, 0x000001916e8fe990, 0x000001916ea5f8f0,
0x000001916ec5a170, 0x000001916ec83020, 0x000001917443a050, 0x0000019174494d90,
0x00000191744b1440, 0x00000191616b9980, 0x0000019174071360, 0x000001917450b320,
0x0000019174436ab0, 0x0000019174438400, 0x0000019174438910, 0x0000019174438e20,
0x0000019174439330, 0x000001917460a450, 0x000001917460f550, 0x000001917460a960,
0x000001917460fa60, 0x0000019174610ea0, 0x0000019174610480, 0x000001917460b380,
0x00000191746113b0, 0x000001917460bda0, 0x000001917460d1e0, 0x000001917460c2b0,
0x000001917460c7c0, 0x000001917460dc00, 0x000001917460e110, 0x0000019174f85560,
0x0000019174f84b40, 0x0000019174f84630, 0x0000019174f86490, 0x0000019174f869a0,
0x0000019174f7f530, 0x0000019174f86eb0, 0x0000019174f85a70, 0x0000019174f85050,
0x0000019174f7ff50, 0x0000019174f80460, 0x0000019174f80970, 0x0000019174f81390,
0x0000019174f81db0, 0x0000019174f822c0, 0x0000019174f83c10, 0x000001917460e620,
0x000001917460eb30, 0x00000191746118c0, 0x000001917460ae70
}

Java Threads: ( => current thread )
  0x000001916e8da190 JavaThread "Reference Handler" daemon [_thread_blocked, id=21496, stack(0x0000007789900000,0x0000007789a00000)]
  0x000001916e8db6c0 JavaThread "Finalizer" daemon [_thread_blocked, id=11088, stack(0x0000007789a00000,0x0000007789b00000)]
  0x000001916e8fb430 JavaThread "Signal Dispatcher" daemon [_thread_blocked, id=18932, stack(0x0000007789b00000,0x0000007789c00000)]
  0x000001916e8fce70 JavaThread "Attach Listener" daemon [_thread_blocked, id=11136, stack(0x0000007789c00000,0x0000007789d00000)]
  0x000001916e8fd740 JavaThread "Service Thread" daemon [_thread_blocked, id=10536, stack(0x0000007789d00000,0x0000007789e00000)]
  0x000001916e8fe010 JavaThread "Monitor Deflation Thread" daemon [_thread_blocked, id=428, stack(0x0000007789e00000,0x0000007789f00000)]
  0x000001916e8fe990 JavaThread "C1 CompilerThread0" daemon [_thread_blocked, id=3648, stack(0x0000007789f00000,0x000000778a000000)]
  0x000001916ea5f8f0 JavaThread "Sweeper thread" daemon [_thread_blocked, id=10396, stack(0x000000778a000000,0x000000778a100000)]
  0x000001916ec5a170 JavaThread "Notification Thread" daemon [_thread_blocked, id=12732, stack(0x000000778a200000,0x000000778a300000)]
  0x000001916ec83020 JavaThread "Common-Cleaner" daemon [_thread_blocked, id=15384, stack(0x000000778a400000,0x000000778a500000)]
  0x000001917443a050 JavaThread "boundedElastic-evictor-1" daemon [_thread_blocked, id=7248, stack(0x000000778aa00000,0x000000778ab00000)]
  0x0000019174494d90 JavaThread "pool-13-thread-1" [_thread_blocked, id=14788, stack(0x000000778b300000,0x000000778b400000)]
  0x00000191744b1440 JavaThread "LanguageServerApp-lifecycle" [_thread_blocked, id=18528, stack(0x000000778b400000,0x000000778b500000)]
  0x00000191616b9980 JavaThread "DestroyJavaVM" [_thread_blocked, id=4868, stack(0x0000007789200000,0x0000007789300000)]
  0x0000019174071360 JavaThread "pool-14-thread-1" [_thread_in_native, id=5068, stack(0x000000778b500000,0x000000778b600000)]
  0x000001917450b320 JavaThread "Simple-Language-Server main thread" daemon [_thread_blocked, id=3128, stack(0x000000778b600000,0x000000778b700000)]
  0x0000019174436ab0 JavaThread "pool-8-thread-1" [_thread_blocked, id=12036, stack(0x000000778bb00000,0x000000778bc00000)]
  0x0000019174438400 JavaThread "parallel-1" daemon [_thread_blocked, id=14348, stack(0x000000778bc00000,0x000000778bd00000)]
  0x0000019174438910 JavaThread "pool-6-thread-1" [_thread_blocked, id=17008, stack(0x000000778bd00000,0x000000778be00000)]
  0x0000019174438e20 JavaThread "parallel-2" daemon [_thread_blocked, id=14280, stack(0x000000778be00000,0x000000778bf00000)]
  0x0000019174439330 JavaThread "parallel-3" daemon [_thread_blocked, id=8576, stack(0x000000778bf00000,0x000000778c000000)]
  0x000001917460a450 JavaThread "parallel-4" daemon [_thread_blocked, id=14164, stack(0x000000778c500000,0x000000778c600000)]
  0x000001917460f550 JavaThread "parallel-5" daemon [_thread_blocked, id=340, stack(0x000000778c600000,0x000000778c700000)]
  0x000001917460a960 JavaThread "Reconciler-1" daemon [_thread_blocked, id=10964, stack(0x000000778c700000,0x000000778c800000)]
  0x000001917460fa60 JavaThread "parallel-6" daemon [_thread_blocked, id=20256, stack(0x000000778d200000,0x000000778d300000)]
  0x0000019174610ea0 JavaThread "parallel-7" daemon [_thread_blocked, id=15436, stack(0x000000778ab00000,0x000000778ac00000)]
  0x0000019174610480 JavaThread "parallel-8" daemon [_thread_blocked, id=660, stack(0x000000778a100000,0x000000778a200000)]
  0x000001917460b380 JavaThread "parallel-9" daemon [_thread_blocked, id=9472, stack(0x000000778ac00000,0x000000778ad00000)]
  0x00000191746113b0 JavaThread "pool-9-thread-1" [_thread_blocked, id=18176, stack(0x000000778d500000,0x000000778d600000)]
  0x000001917460bda0 JavaThread "pool-9-thread-2" [_thread_blocked, id=3696, stack(0x000000778d600000,0x000000778d700000)]
  0x000001917460d1e0 JavaThread "pool-9-thread-3" [_thread_blocked, id=21224, stack(0x000000778d700000,0x000000778d800000)]
  0x000001917460c2b0 JavaThread "pool-9-thread-4" [_thread_blocked, id=8892, stack(0x000000778d800000,0x000000778d900000)]
  0x000001917460c7c0 JavaThread "pool-9-thread-5" [_thread_blocked, id=15960, stack(0x000000778d900000,0x000000778da00000)]
  0x000001917460dc00 JavaThread "pool-9-thread-6" [_thread_blocked, id=4204, stack(0x000000778da00000,0x000000778db00000)]
  0x000001917460e110 JavaThread "pool-9-thread-7" [_thread_blocked, id=7372, stack(0x000000778db00000,0x000000778dc00000)]
  0x0000019174f85560 JavaThread "pool-9-thread-8" [_thread_blocked, id=20604, stack(0x000000778dc00000,0x000000778dd00000)]
  0x0000019174f84b40 JavaThread "pool-7-thread-1" [_thread_blocked, id=8008, stack(0x000000778c800000,0x000000778c900000)]
  0x0000019174f84630 JavaThread "RMI Scheduler(0)" daemon [_thread_blocked, id=1152, stack(0x000000778df00000,0x000000778e000000)]
  0x0000019174f86490 JavaThread "pool-7-thread-2" [_thread_blocked, id=6636, stack(0x000000778e100000,0x000000778e200000)]
  0x0000019174f869a0 JavaThread "pool-7-thread-3" [_thread_blocked, id=8372, stack(0x000000778e200000,0x000000778e300000)]
  0x0000019174f7f530 JavaThread "pool-7-thread-4" [_thread_blocked, id=15520, stack(0x000000778e300000,0x000000778e400000)]
  0x0000019174f86eb0 JavaThread "pool-7-thread-5" [_thread_blocked, id=12504, stack(0x000000778e400000,0x000000778e500000)]
  0x0000019174f85a70 JavaThread "pool-9-thread-9" [_thread_blocked, id=14824, stack(0x0000007789100000,0x0000007789200000)]
  0x0000019174f85050 JavaThread "pool-7-thread-6" [_thread_blocked, id=20888, stack(0x000000778b700000,0x000000778b800000)]
  0x0000019174f7ff50 JavaThread "pool-7-thread-7" [_thread_blocked, id=440, stack(0x000000778c100000,0x000000778c200000)]
  0x0000019174f80460 JavaThread "pool-7-thread-8" [_thread_blocked, id=3204, stack(0x000000778c300000,0x000000778c400000)]
  0x0000019174f80970 JavaThread "pool-7-thread-9" [_thread_blocked, id=5964, stack(0x0000007789000000,0x0000007789100000)]
  0x0000019174f81390 JavaThread "pool-7-thread-10" [_thread_blocked, id=7108, stack(0x000000778c400000,0x000000778c500000)]
  0x0000019174f81db0 JavaThread "parallel-10" daemon [_thread_blocked, id=18148, stack(0x000000778c000000,0x000000778c100000)]
  0x0000019174f822c0 JavaThread "parallel-11" daemon [_thread_blocked, id=1492, stack(0x000000778ba00000,0x000000778bb00000)]
  0x0000019174f83c10 JavaThread "pool-9-thread-10" [_thread_in_native, id=8928, stack(0x000000778cf00000,0x000000778d000000)]
  0x000001917460e620 JavaThread "RMI GC Daemon" daemon [_thread_blocked, id=14808, stack(0x000000778de00000,0x000000778df00000)]
  0x000001917460eb30 JavaThread "parallel-12" daemon [_thread_blocked, id=7576, stack(0x000000778b900000,0x000000778ba00000)]
  0x00000191746118c0 JavaThread "RMI RenewClean-[localhost:62060]" daemon [_thread_blocked, id=21536, stack(0x000000778ce00000,0x000000778cf00000)]
  0x000001917460ae70 JavaThread "JMX client heartbeat 6" daemon [_thread_blocked, id=14072, stack(0x000000778d000000,0x000000778d100000)]

Other Threads:
=>0x000001916e8d1da0 VMThread "VM Thread" [stack: 0x0000007789800000,0x0000007789900000] [id=432]
  0x000001916ec5a650 WatcherThread [stack: 0x000000778a300000,0x000000778a400000] [id=5592]
  0x00000191616f9170 GCTaskThread "GC Thread#0" [stack: 0x0000007789300000,0x0000007789400000] [id=13204]
  0x0000019173886f90 GCTaskThread "GC Thread#1" [stack: 0x000000778a500000,0x000000778a600000] [id=7704]
  0x00000191738f0580 GCTaskThread "GC Thread#2" [stack: 0x000000778a600000,0x000000778a700000] [id=13252]
  0x00000191738f0840 GCTaskThread "GC Thread#3" [stack: 0x000000778a700000,0x000000778a800000] [id=9320]
  0x0000019173afd430 GCTaskThread "GC Thread#4" [stack: 0x000000778a800000,0x000000778a900000] [id=17180]
  0x0000019173ae9720 GCTaskThread "GC Thread#5" [stack: 0x000000778a900000,0x000000778aa00000] [id=9892]
  0x0000019173dce000 GCTaskThread "GC Thread#6" [stack: 0x000000778ad00000,0x000000778ae00000] [id=15312]
  0x0000019173dbf410 GCTaskThread "GC Thread#7" [stack: 0x000000778ae00000,0x000000778af00000] [id=1880]
  0x0000019173e01060 GCTaskThread "GC Thread#8" [stack: 0x000000778af00000,0x000000778b000000] [id=3812]
  0x0000019173e01320 GCTaskThread "GC Thread#9" [stack: 0x000000778b000000,0x000000778b100000] [id=17768]
  0x0000019161701fd0 ConcurrentGCThread "G1 Main Marker" [stack: 0x0000007789400000,0x0000007789500000] [id=8408]
  0x0000019161702900 ConcurrentGCThread "G1 Conc#0" [stack: 0x0000007789500000,0x0000007789600000] [id=7376]
  0x0000019173dbee20 ConcurrentGCThread "G1 Conc#1" [stack: 0x000000778b100000,0x000000778b200000] [id=16576]
  0x0000019173ae8710 ConcurrentGCThread "G1 Conc#2" [stack: 0x000000778b200000,0x000000778b300000] [id=8052]
  0x000001916174d180 ConcurrentGCThread "G1 Refine#0" [stack: 0x0000007789600000,0x0000007789700000] [id=1836]
  0x000001916174dac0 ConcurrentGCThread "G1 Service" [stack: 0x0000007789700000,0x0000007789800000] [id=17984]

Threads with active compile tasks:

VM state: at safepoint (normal execution)

VM Mutex/Monitor currently owned by a thread:  ([mutex/lock_event])
[0x000001916143eba0] Threads_lock - owner thread: 0x000001916e8d1da0
[0x00000191614384d0] Heap_lock - owner thread: 0x0000019174494d90

Heap address: 0x00000000c0000000, size: 1024 MB, Compressed Oops mode: 32-bit

CDS archive(s) not mapped
Compressed class space mapped at: 0x0000000100000000-0x0000000140000000, reserved size: 1073741824
Narrow klass base: 0x0000000000000000, Narrow klass shift: 3, Narrow klass range: 0x140000000

GC Precious Log:
 CPUs: 12 total, 12 available
 Memory: 7798M
 Large Page Support: Disabled
 NUMA Support: Disabled
 Compressed Oops: Enabled (32-bit)
 Heap Region Size: 1M
 Heap Min Capacity: 8M
 Heap Initial Capacity: 122M
 Heap Max Capacity: 1G
 Pre-touch: Disabled
 Parallel Workers: 10
 Concurrent Workers: 3
 Concurrent Refinement Workers: 10
 Periodic GC: Disabled

Heap:
 garbage-first heap   total 91136K, used 39650K [0x00000000c0000000, 0x0000000100000000)
  region size 1024K, 1 young (1024K), 0 survivors (0K)
 Metaspace       used 61179K, committed 61760K, reserved 1114112K
  class space    used 7678K, committed 7936K, reserved 1048576K

Heap Regions: E=young(eden), S=young(survivor), O=old, HS=humongous(starts), HC=humongous(continues), CS=collection set, F=free, OA=open archive, CA=closed archive, TAMS=top-at-mark-start (previous, next)
|   0|0x00000000c0000000, 0x00000000c0100000, 0x00000000c0100000|100%|HS|  |TAMS 0x00000000c0100000, 0x00000000c0000000| Untracked 
|   1|0x00000000c0100000, 0x00000000c0200000, 0x00000000c0200000|100%|HC|  |TAMS 0x00000000c0200000, 0x00000000c0100000| Untracked 
|   2|0x00000000c0200000, 0x00000000c0300000, 0x00000000c0300000|100%|HC|  |TAMS 0x00000000c0300000, 0x00000000c0200000| Untracked 
|   3|0x00000000c0300000, 0x00000000c0400000, 0x00000000c0400000|100%|HC|  |TAMS 0x00000000c0400000, 0x00000000c0300000| Untracked 
|   4|0x00000000c0400000, 0x00000000c0500000, 0x00000000c0500000|100%|HS|  |TAMS 0x00000000c0500000, 0x00000000c0400000| Untracked 
|   5|0x00000000c0500000, 0x00000000c0600000, 0x00000000c0600000|100%|HC|  |TAMS 0x00000000c0600000, 0x00000000c0500000| Untracked 
|   6|0x00000000c0600000, 0x00000000c0700000, 0x00000000c0700000|100%| O|  |TAMS 0x00000000c0700000, 0x00000000c0600000| Untracked 
|   7|0x00000000c0700000, 0x00000000c07ffc80, 0x00000000c0800000| 99%| O|  |TAMS 0x00000000c07ffc80, 0x00000000c0700000| Untracked 
|   8|0x00000000c0800000, 0x00000000c0900000, 0x00000000c0900000|100%| O|  |TAMS 0x00000000c0900000, 0x00000000c0800000| Untracked 
|   9|0x00000000c0900000, 0x00000000c09fff78, 0x00000000c0a00000| 99%| O|  |TAMS 0x00000000c09fff78, 0x00000000c0900000| Untracked 
|  10|0x00000000c0a00000, 0x00000000c0b00000, 0x00000000c0b00000|100%| O|  |TAMS 0x00000000c0b00000, 0x00000000c0a00000| Untracked 
|  11|0x00000000c0b00000, 0x00000000c0bffff0, 0x00000000c0c00000| 99%| O|  |TAMS 0x00000000c0bffff0, 0x00000000c0b00000| Untracked 
|  12|0x00000000c0c00000, 0x00000000c0cffec8, 0x00000000c0d00000| 99%| O|  |TAMS 0x00000000c0cffec8, 0x00000000c0c00000| Untracked 
|  13|0x00000000c0d00000, 0x00000000c0dfffe0, 0x00000000c0e00000| 99%| O|  |TAMS 0x00000000c0dfffe0, 0x00000000c0d00000| Untracked 
|  14|0x00000000c0e00000, 0x00000000c0efff78, 0x00000000c0f00000| 99%| O|  |TAMS 0x00000000c0efff78, 0x00000000c0e00000| Untracked 
|  15|0x00000000c0f00000, 0x00000000c0ffffe0, 0x00000000c1000000| 99%| O|  |TAMS 0x00000000c0ffffe0, 0x00000000c0f00000| Untracked 
|  16|0x00000000c1000000, 0x00000000c1100000, 0x00000000c1100000|100%| O|  |TAMS 0x00000000c1100000, 0x00000000c1000000| Untracked 
|  17|0x00000000c1100000, 0x00000000c11fffe0, 0x00000000c1200000| 99%| O|  |TAMS 0x00000000c11fffe0, 0x00000000c1100000| Untracked 
|  18|0x00000000c1200000, 0x00000000c12ffff8, 0x00000000c1300000| 99%| O|  |TAMS 0x00000000c12ffff8, 0x00000000c1200000| Untracked 
|  19|0x00000000c1300000, 0x00000000c13fffc8, 0x00000000c1400000| 99%| O|  |TAMS 0x00000000c13fffc8, 0x00000000c1300000| Untracked 
|  20|0x00000000c1400000, 0x00000000c14ffff0, 0x00000000c1500000| 99%| O|  |TAMS 0x00000000c14ffff0, 0x00000000c1400000| Untracked 
|  21|0x00000000c1500000, 0x00000000c15ffff8, 0x00000000c1600000| 99%| O|  |TAMS 0x00000000c15ffff8, 0x00000000c1500000| Untracked 
|  22|0x00000000c1600000, 0x00000000c16fffd0, 0x00000000c1700000| 99%| O|  |TAMS 0x00000000c16fffd0, 0x00000000c1600000| Untracked 
|  23|0x00000000c1700000, 0x00000000c1800000, 0x00000000c1800000|100%| O|  |TAMS 0x00000000c1800000, 0x00000000c1700000| Untracked 
|  24|0x00000000c1800000, 0x00000000c18ffff8, 0x00000000c1900000| 99%| O|  |TAMS 0x00000000c18ffff8, 0x00000000c1800000| Untracked 
|  25|0x00000000c1900000, 0x00000000c1a00000, 0x00000000c1a00000|100%| O|  |TAMS 0x00000000c1a00000, 0x00000000c1900000| Untracked 
|  26|0x00000000c1a00000, 0x00000000c1afffc0, 0x00000000c1b00000| 99%| O|  |TAMS 0x00000000c1afffc0, 0x00000000c1a00000| Untracked 
|  27|0x00000000c1b00000, 0x00000000c1bf95e8, 0x00000000c1c00000| 97%| O|  |TAMS 0x00000000c1bf95e8, 0x00000000c1b00000| Untracked 
|  28|0x00000000c1c00000, 0x00000000c1cffc20, 0x00000000c1d00000| 99%| O|  |TAMS 0x00000000c1cffc20, 0x00000000c1c00000| Untracked 
|  29|0x00000000c1d00000, 0x00000000c1dfffd0, 0x00000000c1e00000| 99%| O|  |TAMS 0x00000000c1dfffd0, 0x00000000c1d00000| Untracked 
|  30|0x00000000c1e00000, 0x00000000c1f00000, 0x00000000c1f00000|100%| O|  |TAMS 0x00000000c1f00000, 0x00000000c1e00000| Untracked 
|  31|0x00000000c1f00000, 0x00000000c1fe7870, 0x00000000c2000000| 90%| O|  |TAMS 0x00000000c1f00000, 0x00000000c1f00000| Untracked 
|  32|0x00000000c2000000, 0x00000000c20ffff8, 0x00000000c2100000| 99%| O|  |TAMS 0x00000000c20ffff8, 0x00000000c2000000| Untracked 
|  33|0x00000000c2100000, 0x00000000c21ff8a8, 0x00000000c2200000| 99%| O|  |TAMS 0x00000000c21ff8a8, 0x00000000c2100000| Untracked 
|  34|0x00000000c2200000, 0x00000000c22f81c8, 0x00000000c2300000| 96%| O|  |TAMS 0x00000000c22f81c8, 0x00000000c2200000| Untracked 
|  35|0x00000000c2300000, 0x00000000c23f9d38, 0x00000000c2400000| 97%| O|  |TAMS 0x00000000c23f9d38, 0x00000000c2300000| Untracked 
|  36|0x00000000c2400000, 0x00000000c24fd228, 0x00000000c2500000| 98%| O|  |TAMS 0x00000000c24fd228, 0x00000000c2400000| Untracked 
|  37|0x00000000c2500000, 0x00000000c2600000, 0x00000000c2600000|100%|HS|  |TAMS 0x00000000c2600000, 0x00000000c2500000| Untracked 
|  38|0x00000000c2600000, 0x00000000c26e9e68, 0x00000000c2700000| 91%| O|  |TAMS 0x00000000c2600000, 0x00000000c2600000| Untracked 
|  39|0x00000000c2700000, 0x00000000c2700000, 0x00000000c2800000|  0%| F|  |TAMS 0x00000000c2700000, 0x00000000c2700000| Untracked 
|  40|0x00000000c2800000, 0x00000000c2800000, 0x00000000c2900000|  0%| F|  |TAMS 0x00000000c2800000, 0x00000000c2800000| Untracked 
|  41|0x00000000c2900000, 0x00000000c2900000, 0x00000000c2a00000|  0%| F|  |TAMS 0x00000000c2900000, 0x00000000c2900000| Untracked 
|  42|0x00000000c2a00000, 0x00000000c2a00000, 0x00000000c2b00000|  0%| F|  |TAMS 0x00000000c2a00000, 0x00000000c2a00000| Untracked 
|  43|0x00000000c2b00000, 0x00000000c2b00000, 0x00000000c2c00000|  0%| F|  |TAMS 0x00000000c2b00000, 0x00000000c2b00000| Untracked 
|  44|0x00000000c2c00000, 0x00000000c2c00000, 0x00000000c2d00000|  0%| F|  |TAMS 0x00000000c2c00000, 0x00000000c2c00000| Untracked 
|  45|0x00000000c2d00000, 0x00000000c2d00000, 0x00000000c2e00000|  0%| F|  |TAMS 0x00000000c2d00000, 0x00000000c2d00000| Untracked 
|  46|0x00000000c2e00000, 0x00000000c2e00000, 0x00000000c2f00000|  0%| F|  |TAMS 0x00000000c2e00000, 0x00000000c2e00000| Untracked 
|  47|0x00000000c2f00000, 0x00000000c2f00000, 0x00000000c3000000|  0%| F|  |TAMS 0x00000000c2f00000, 0x00000000c2f00000| Untracked 
|  48|0x00000000c3000000, 0x00000000c3000000, 0x00000000c3100000|  0%| F|  |TAMS 0x00000000c3000000, 0x00000000c3000000| Untracked 
|  49|0x00000000c3100000, 0x00000000c3100000, 0x00000000c3200000|  0%| F|  |TAMS 0x00000000c3100000, 0x00000000c3100000| Untracked 
|  50|0x00000000c3200000, 0x00000000c3200000, 0x00000000c3300000|  0%| F|  |TAMS 0x00000000c3200000, 0x00000000c3200000| Untracked 
|  51|0x00000000c3300000, 0x00000000c3300000, 0x00000000c3400000|  0%| F|  |TAMS 0x00000000c3300000, 0x00000000c3300000| Untracked 
|  52|0x00000000c3400000, 0x00000000c3400000, 0x00000000c3500000|  0%| F|  |TAMS 0x00000000c3400000, 0x00000000c3400000| Untracked 
|  53|0x00000000c3500000, 0x00000000c3500000, 0x00000000c3600000|  0%| F|  |TAMS 0x00000000c3500000, 0x00000000c3500000| Untracked 
|  54|0x00000000c3600000, 0x00000000c3600000, 0x00000000c3700000|  0%| F|  |TAMS 0x00000000c3600000, 0x00000000c3600000| Untracked 
|  55|0x00000000c3700000, 0x00000000c3700000, 0x00000000c3800000|  0%| F|  |TAMS 0x00000000c3700000, 0x00000000c3700000| Untracked 
|  56|0x00000000c3800000, 0x00000000c3800000, 0x00000000c3900000|  0%| F|  |TAMS 0x00000000c3800000, 0x00000000c3800000| Untracked 
|  57|0x00000000c3900000, 0x00000000c3900000, 0x00000000c3a00000|  0%| F|  |TAMS 0x00000000c3900000, 0x00000000c3900000| Untracked 
|  58|0x00000000c3a00000, 0x00000000c3a00000, 0x00000000c3b00000|  0%| F|  |TAMS 0x00000000c3a00000, 0x00000000c3a00000| Untracked 
|  59|0x00000000c3b00000, 0x00000000c3b00000, 0x00000000c3c00000|  0%| F|  |TAMS 0x00000000c3b00000, 0x00000000c3b00000| Untracked 
|  60|0x00000000c3c00000, 0x00000000c3c00000, 0x00000000c3d00000|  0%| F|  |TAMS 0x00000000c3c00000, 0x00000000c3c00000| Untracked 
|  61|0x00000000c3d00000, 0x00000000c3d00000, 0x00000000c3e00000|  0%| F|  |TAMS 0x00000000c3d00000, 0x00000000c3d00000| Untracked 
|  62|0x00000000c3e00000, 0x00000000c3e00000, 0x00000000c3f00000|  0%| F|  |TAMS 0x00000000c3e00000, 0x00000000c3e00000| Untracked 
|  63|0x00000000c3f00000, 0x00000000c3f00000, 0x00000000c4000000|  0%| F|  |TAMS 0x00000000c3f00000, 0x00000000c3f00000| Untracked 
|  64|0x00000000c4000000, 0x00000000c4000000, 0x00000000c4100000|  0%| F|  |TAMS 0x00000000c4000000, 0x00000000c4000000| Untracked 
|  65|0x00000000c4100000, 0x00000000c4100000, 0x00000000c4200000|  0%| F|  |TAMS 0x00000000c4100000, 0x00000000c4100000| Untracked 
|  66|0x00000000c4200000, 0x00000000c4200000, 0x00000000c4300000|  0%| F|  |TAMS 0x00000000c4200000, 0x00000000c4200000| Untracked 
|  67|0x00000000c4300000, 0x00000000c4300000, 0x00000000c4400000|  0%| F|  |TAMS 0x00000000c4300000, 0x00000000c4300000| Untracked 
|  68|0x00000000c4400000, 0x00000000c4400000, 0x00000000c4500000|  0%| F|  |TAMS 0x00000000c4400000, 0x00000000c4400000| Untracked 
|  69|0x00000000c4500000, 0x00000000c4500000, 0x00000000c4600000|  0%| F|  |TAMS 0x00000000c4500000, 0x00000000c4500000| Untracked 
|  70|0x00000000c4600000, 0x00000000c4600000, 0x00000000c4700000|  0%| F|  |TAMS 0x00000000c4600000, 0x00000000c4600000| Untracked 
|  71|0x00000000c4700000, 0x00000000c4700000, 0x00000000c4800000|  0%| F|  |TAMS 0x00000000c4700000, 0x00000000c4700000| Untracked 
|  72|0x00000000c4800000, 0x00000000c4800000, 0x00000000c4900000|  0%| F|  |TAMS 0x00000000c4800000, 0x00000000c4800000| Untracked 
|  73|0x00000000c4900000, 0x00000000c4900000, 0x00000000c4a00000|  0%| F|  |TAMS 0x00000000c4900000, 0x00000000c4900000| Untracked 
|  74|0x00000000c4a00000, 0x00000000c4a00000, 0x00000000c4b00000|  0%| F|  |TAMS 0x00000000c4a00000, 0x00000000c4a00000| Untracked 
|  75|0x00000000c4b00000, 0x00000000c4b00000, 0x00000000c4c00000|  0%| F|  |TAMS 0x00000000c4b00000, 0x00000000c4b00000| Untracked 
|  76|0x00000000c4c00000, 0x00000000c4c00000, 0x00000000c4d00000|  0%| F|  |TAMS 0x00000000c4c00000, 0x00000000c4c00000| Untracked 
|  77|0x00000000c4d00000, 0x00000000c4d00000, 0x00000000c4e00000|  0%| F|  |TAMS 0x00000000c4d00000, 0x00000000c4d00000| Untracked 
|  78|0x00000000c4e00000, 0x00000000c4e00000, 0x00000000c4f00000|  0%| F|  |TAMS 0x00000000c4e00000, 0x00000000c4e00000| Untracked 
|  79|0x00000000c4f00000, 0x00000000c4f00000, 0x00000000c5000000|  0%| F|  |TAMS 0x00000000c4f00000, 0x00000000c4f00000| Untracked 
|  80|0x00000000c5000000, 0x00000000c5000000, 0x00000000c5100000|  0%| F|  |TAMS 0x00000000c5000000, 0x00000000c5000000| Untracked 
|  81|0x00000000c5100000, 0x00000000c5100000, 0x00000000c5200000|  0%| F|  |TAMS 0x00000000c5100000, 0x00000000c5100000| Untracked 
|  82|0x00000000c5200000, 0x00000000c5200000, 0x00000000c5300000|  0%| F|  |TAMS 0x00000000c5200000, 0x00000000c5200000| Untracked 
|  83|0x00000000c5300000, 0x00000000c5300000, 0x00000000c5400000|  0%| F|  |TAMS 0x00000000c5300000, 0x00000000c5300000| Untracked 
|  84|0x00000000c5400000, 0x00000000c5400000, 0x00000000c5500000|  0%| F|  |TAMS 0x00000000c5400000, 0x00000000c5400000| Untracked 
|  85|0x00000000c5500000, 0x00000000c5500000, 0x00000000c5600000|  0%| F|  |TAMS 0x00000000c5500000, 0x00000000c5500000| Untracked 
|  86|0x00000000c5600000, 0x00000000c5600000, 0x00000000c5700000|  0%| F|  |TAMS 0x00000000c5600000, 0x00000000c5600000| Untracked 
|  87|0x00000000c5700000, 0x00000000c5700000, 0x00000000c5800000|  0%| F|  |TAMS 0x00000000c5700000, 0x00000000c5700000| Untracked 
| 121|0x00000000c7900000, 0x00000000c791a508, 0x00000000c7a00000| 10%| E|  |TAMS 0x00000000c7900000, 0x00000000c7900000| Complete 

Card table byte_map: [0x0000019169810000,0x0000019169a10000] _byte_map_base: 0x0000019169210000

Marking Bits (Prev, Next): (CMBitMap*) 0x00000191616f96a0, (CMBitMap*) 0x00000191616f96e0
 Prev Bits: [0x0000019169c10000, 0x000001916ac10000)
 Next Bits: [0x000001916ac10000, 0x000001916bc10000)

Polling page: 0x0000019161750000

Metaspace:

Usage:
  Non-class:     52.25 MB used.
      Class:      7.50 MB used.
       Both:     59.75 MB used.

Virtual space:
  Non-class space:       64.00 MB reserved,      52.56 MB ( 82%) committed,  1 nodes.
      Class space:        1.00 GB reserved,       7.75 MB ( <1%) committed,  1 nodes.
             Both:        1.06 GB reserved,      60.31 MB (  6%) committed. 

Chunk freelists:
   Non-Class:  11.35 MB
       Class:  8.13 MB
        Both:  19.49 MB

MaxMetaspaceSize: unlimited
CompressedClassSpaceSize: 1.00 GB
Initial GC threshold: 21.00 MB
Current GC threshold: 100.62 MB
CDS: off
MetaspaceReclaimPolicy: balanced
 - commit_granule_bytes: 65536.
 - commit_granule_words: 8192.
 - virtual_space_node_default_size: 8388608.
 - enlarge_chunks_in_place: 1.
 - new_chunks_are_fully_committed: 0.
 - uncommit_free_chunks: 1.
 - use_allocation_guard: 0.
 - handle_deallocations: 1.


Internal statistics:

num_allocs_failed_limit: 6.
num_arena_births: 1054.
num_arena_deaths: 552.
num_vsnodes_births: 2.
num_vsnodes_deaths: 0.
num_space_committed: 966.
num_space_uncommitted: 1.
num_chunks_returned_to_freelist: 769.
num_chunks_taken_from_freelist: 3296.
num_chunk_merges: 248.
num_chunk_splits: 1995.
num_chunks_enlarged: 1380.
num_inconsistent_stats: 0.

CodeCache: size=49152Kb used=13589Kb max_used=15226Kb free=35562Kb
 bounds [0x0000019165b00000, 0x0000019166a10000, 0x0000019168b00000]
 total_blobs=8288 nmethods=7615 adapters=600
 compilation: enabled
              stopped_count=0, restarted_count=0
 full_count=0

Compilation events (20 events):
Event: 3562.632 Thread 0x000001916e8fe990 7608       1       org.eclipse.jdt.core.dom.ASTConverter::recordPendingNameScopeResolution (30 bytes)
Event: 3562.632 Thread 0x000001916e8fe990 nmethod 7608 0x000001916670e610 code [0x000001916670e7c0, 0x000001916670ea28]
Event: 3562.632 Thread 0x000001916e8fe990 7609       1       org.eclipse.jdt.core.dom.ASTNode::preValueChange (37 bytes)
Event: 3562.632 Thread 0x000001916e8fe990 nmethod 7609 0x000001916670e190 code [0x000001916670e340, 0x000001916670e518]
Event: 3562.632 Thread 0x000001916e8fe990 7610   !   1       org.eclipse.jdt.core.dom.AST::preValueChangeEvent (53 bytes)
Event: 3562.632 Thread 0x000001916e8fe990 nmethod 7610 0x000001916670d890 code [0x000001916670da40, 0x000001916670df18]
Event: 3562.632 Thread 0x000001916e8fe990 7611       1       org.eclipse.jdt.core.dom.NodeEventHandler::preValueChangeEvent (1 bytes)
Event: 3562.632 Thread 0x000001916e8fe990 nmethod 7611 0x000001916670d590 code [0x000001916670d720, 0x000001916670d7d8]
Event: 3562.632 Thread 0x000001916e8fe990 7612       1       org.eclipse.jdt.core.dom.ASTNode::postValueChange (10 bytes)
Event: 3562.632 Thread 0x000001916e8fe990 nmethod 7612 0x000001916670d290 code [0x000001916670d420, 0x000001916670d508]
Event: 3562.632 Thread 0x000001916e8fe990 7613   !   1       org.eclipse.jdt.core.dom.AST::postValueChangeEvent (53 bytes)
Event: 3562.633 Thread 0x000001916e8fe990 nmethod 7613 0x000001916670c990 code [0x000001916670cb40, 0x000001916670d018]
Event: 3562.633 Thread 0x000001916e8fe990 7614       1       org.eclipse.jdt.core.dom.NodeEventHandler::postValueChangeEvent (1 bytes)
Event: 3562.633 Thread 0x000001916e8fe990 nmethod 7614 0x000001916670c690 code [0x000001916670c820, 0x000001916670c8d8]
Event: 3569.525 Thread 0x000001916e8fe990 7615       1       java.net.InetSocketAddress$InetSocketAddressHolder::getAddress (5 bytes)
Event: 3569.525 Thread 0x000001916e8fe990 nmethod 7615 0x000001916670c390 code [0x000001916670c520, 0x000001916670c5f8]
Event: 3655.270 Thread 0x000001916e8fe990 7616       1       java.io.IOException::<init> (6 bytes)
Event: 3655.270 Thread 0x000001916e8fe990 nmethod 7616 0x000001916670c090 code [0x000001916670c220, 0x000001916670c308]
Event: 3671.688 Thread 0x000001916e8fe990 7617       1       sun.rmi.transport.StreamRemoteCall::done (5 bytes)
Event: 3671.689 Thread 0x000001916e8fe990 nmethod 7617 0x000001916670bd90 code [0x000001916670bf20, 0x000001916670c008]

GC Heap History (20 events):
Event: 3858.282 GC heap before
{Heap before GC invocations=357 (full 334):
 garbage-first heap   total 91136K, used 39650K [0x00000000c0000000, 0x0000000100000000)
  region size 1024K, 1 young (1024K), 0 survivors (0K)
 Metaspace       used 61179K, committed 61760K, reserved 1114112K
  class space    used 7678K, committed 7936K, reserved 1048576K
}
Event: 3858.309 GC heap after
{Heap after GC invocations=358 (full 335):
 garbage-first heap   total 91136K, used 39650K [0x00000000c0000000, 0x0000000100000000)
  region size 1024K, 0 young (0K), 0 survivors (0K)
 Metaspace       used 61179K, committed 61760K, reserved 1114112K
  class space    used 7678K, committed 7936K, reserved 1048576K
}
Event: 3868.422 GC heap before
{Heap before GC invocations=358 (full 335):
 garbage-first heap   total 91136K, used 39650K [0x00000000c0000000, 0x0000000100000000)
  region size 1024K, 1 young (1024K), 0 survivors (0K)
 Metaspace       used 61179K, committed 61760K, reserved 1114112K
  class space    used 7678K, committed 7936K, reserved 1048576K
}
Event: 3868.453 GC heap after
{Heap after GC invocations=359 (full 336):
 garbage-first heap   total 91136K, used 39650K [0x00000000c0000000, 0x0000000100000000)
  region size 1024K, 0 young (0K), 0 survivors (0K)
 Metaspace       used 61179K, committed 61760K, reserved 1114112K
  class space    used 7678K, committed 7936K, reserved 1048576K
}
Event: 3878.576 GC heap before
{Heap before GC invocations=359 (full 336):
 garbage-first heap   total 91136K, used 39650K [0x00000000c0000000, 0x0000000100000000)
  region size 1024K, 1 young (1024K), 0 survivors (0K)
 Metaspace       used 61179K, committed 61760K, reserved 1114112K
  class space    used 7678K, committed 7936K, reserved 1048576K
}
Event: 3878.605 GC heap after
{Heap after GC invocations=360 (full 337):
 garbage-first heap   total 91136K, used 39650K [0x00000000c0000000, 0x0000000100000000)
  region size 1024K, 0 young (0K), 0 survivors (0K)
 Metaspace       used 61179K, committed 61760K, reserved 1114112K
  class space    used 7678K, committed 7936K, reserved 1048576K
}
Event: 3888.793 GC heap before
{Heap before GC invocations=360 (full 337):
 garbage-first heap   total 91136K, used 39650K [0x00000000c0000000, 0x0000000100000000)
  region size 1024K, 1 young (1024K), 0 survivors (0K)
 Metaspace       used 61179K, committed 61760K, reserved 1114112K
  class space    used 7678K, committed 7936K, reserved 1048576K
}
Event: 3888.822 GC heap after
{Heap after GC invocations=361 (full 338):
 garbage-first heap   total 91136K, used 39650K [0x00000000c0000000, 0x0000000100000000)
  region size 1024K, 0 young (0K), 0 survivors (0K)
 Metaspace       used 61179K, committed 61760K, reserved 1114112K
  class space    used 7678K, committed 7936K, reserved 1048576K
}
Event: 3898.924 GC heap before
{Heap before GC invocations=361 (full 338):
 garbage-first heap   total 91136K, used 39650K [0x00000000c0000000, 0x0000000100000000)
  region size 1024K, 1 young (1024K), 0 survivors (0K)
 Metaspace       used 61179K, committed 61760K, reserved 1114112K
  class space    used 7678K, committed 7936K, reserved 1048576K
}
Event: 3898.950 GC heap after
{Heap after GC invocations=362 (full 339):
 garbage-first heap   total 91136K, used 39650K [0x00000000c0000000, 0x0000000100000000)
  region size 1024K, 0 young (0K), 0 survivors (0K)
 Metaspace       used 61179K, committed 61760K, reserved 1114112K
  class space    used 7678K, committed 7936K, reserved 1048576K
}
Event: 3909.064 GC heap before
{Heap before GC invocations=362 (full 339):
 garbage-first heap   total 91136K, used 39650K [0x00000000c0000000, 0x0000000100000000)
  region size 1024K, 1 young (1024K), 0 survivors (0K)
 Metaspace       used 61179K, committed 61760K, reserved 1114112K
  class space    used 7678K, committed 7936K, reserved 1048576K
}
Event: 3909.093 GC heap after
{Heap after GC invocations=363 (full 340):
 garbage-first heap   total 91136K, used 39650K [0x00000000c0000000, 0x0000000100000000)
  region size 1024K, 0 young (0K), 0 survivors (0K)
 Metaspace       used 61179K, committed 61760K, reserved 1114112K
  class space    used 7678K, committed 7936K, reserved 1048576K
}
Event: 3919.208 GC heap before
{Heap before GC invocations=363 (full 340):
 garbage-first heap   total 91136K, used 39650K [0x00000000c0000000, 0x0000000100000000)
  region size 1024K, 1 young (1024K), 0 survivors (0K)
 Metaspace       used 61179K, committed 61760K, reserved 1114112K
  class space    used 7678K, committed 7936K, reserved 1048576K
}
Event: 3919.237 GC heap after
{Heap after GC invocations=364 (full 341):
 garbage-first heap   total 91136K, used 39650K [0x00000000c0000000, 0x0000000100000000)
  region size 1024K, 0 young (0K), 0 survivors (0K)
 Metaspace       used 61179K, committed 61760K, reserved 1114112K
  class space    used 7678K, committed 7936K, reserved 1048576K
}
Event: 3929.347 GC heap before
{Heap before GC invocations=364 (full 341):
 garbage-first heap   total 91136K, used 39650K [0x00000000c0000000, 0x0000000100000000)
  region size 1024K, 1 young (1024K), 0 survivors (0K)
 Metaspace       used 61179K, committed 61760K, reserved 1114112K
  class space    used 7678K, committed 7936K, reserved 1048576K
}
Event: 3929.374 GC heap after
{Heap after GC invocations=365 (full 342):
 garbage-first heap   total 91136K, used 39650K [0x00000000c0000000, 0x0000000100000000)
  region size 1024K, 0 young (0K), 0 survivors (0K)
 Metaspace       used 61179K, committed 61760K, reserved 1114112K
  class space    used 7678K, committed 7936K, reserved 1048576K
}
Event: 3939.480 GC heap before
{Heap before GC invocations=365 (full 342):
 garbage-first heap   total 91136K, used 39650K [0x00000000c0000000, 0x0000000100000000)
  region size 1024K, 1 young (1024K), 0 survivors (0K)
 Metaspace       used 61179K, committed 61760K, reserved 1114112K
  class space    used 7678K, committed 7936K, reserved 1048576K
}
Event: 3939.505 GC heap after
{Heap after GC invocations=366 (full 343):
 garbage-first heap   total 91136K, used 39650K [0x00000000c0000000, 0x0000000100000000)
  region size 1024K, 0 young (0K), 0 survivors (0K)
 Metaspace       used 61179K, committed 61760K, reserved 1114112K
  class space    used 7678K, committed 7936K, reserved 1048576K
}
Event: 3949.612 GC heap before
{Heap before GC invocations=366 (full 343):
 garbage-first heap   total 91136K, used 39650K [0x00000000c0000000, 0x0000000100000000)
  region size 1024K, 1 young (1024K), 0 survivors (0K)
 Metaspace       used 61179K, committed 61760K, reserved 1114112K
  class space    used 7678K, committed 7936K, reserved 1048576K
}
Event: 3949.639 GC heap after
{Heap after GC invocations=367 (full 344):
 garbage-first heap   total 91136K, used 39650K [0x00000000c0000000, 0x0000000100000000)
  region size 1024K, 0 young (0K), 0 survivors (0K)
 Metaspace       used 61179K, committed 61760K, reserved 1114112K
  class space    used 7678K, committed 7936K, reserved 1048576K
}

Dll operation events (12 events):
Event: 0.026 Loaded shared library c:\Users\admin\.vscode\extensions\redhat.java-1.28.1-win32-x64\jre\17.0.10-win32-x86_64\bin\java.dll
Event: 0.339 Loaded shared library C:\Users\admin\.vscode\extensions\redhat.java-1.28.1-win32-x64\jre\17.0.10-win32-x86_64\bin\net.dll
Event: 0.341 Loaded shared library C:\Users\admin\.vscode\extensions\redhat.java-1.28.1-win32-x64\jre\17.0.10-win32-x86_64\bin\nio.dll
Event: 0.351 Loaded shared library C:\Users\admin\.vscode\extensions\redhat.java-1.28.1-win32-x64\jre\17.0.10-win32-x86_64\bin\zip.dll
Event: 0.585 Loaded shared library C:\Users\admin\.vscode\extensions\redhat.java-1.28.1-win32-x64\jre\17.0.10-win32-x86_64\bin\jimage.dll
Event: 1.762 Loaded shared library c:\Users\admin\.vscode\extensions\redhat.java-1.28.1-win32-x64\jre\17.0.10-win32-x86_64\bin\verify.dll
Event: 3.118 Loaded shared library C:\Users\admin\.vscode\extensions\redhat.java-1.28.1-win32-x64\jre\17.0.10-win32-x86_64\bin\management.dll
Event: 3.120 Loaded shared library C:\Users\admin\.vscode\extensions\redhat.java-1.28.1-win32-x64\jre\17.0.10-win32-x86_64\bin\management_ext.dll
Event: 4.007 Loaded shared library C:\Users\admin\.vscode\extensions\redhat.java-1.28.1-win32-x64\jre\17.0.10-win32-x86_64\bin\sunmscapi.dll
Event: 4.157 Loaded shared library C:\Users\admin\.vscode\extensions\redhat.java-1.28.1-win32-x64\jre\17.0.10-win32-x86_64\bin\extnet.dll
Event: 22.759 Loaded shared library C:\Users\admin\.vscode\extensions\redhat.java-1.28.1-win32-x64\jre\17.0.10-win32-x86_64\bin\attach.dll
Event: 23.742 Loaded shared library C:\Users\admin\.vscode\extensions\redhat.java-1.28.1-win32-x64\jre\17.0.10-win32-x86_64\bin\rmi.dll

Deoptimization events (12 events):
Event: 3.287 Thread 0x0000019174071360 DEOPT PACKING pc=0x00000191660bb281 sp=0x000000778b5fd950
Event: 3.287 Thread 0x0000019174071360 DEOPT UNPACKING pc=0x0000019165b57143 sp=0x000000778b5fcde0 mode 3
Event: 3.294 Thread 0x000001917450b320 DEOPT PACKING pc=0x0000019166099297 sp=0x000000778b6ff3c0
Event: 3.294 Thread 0x000001917450b320 DEOPT UNPACKING pc=0x0000019165b57143 sp=0x000000778b6fe818 mode 3
Event: 4.046 Thread 0x000001917460ccd0 DEOPT PACKING pc=0x0000019165cea88c sp=0x000000778c8fad80
Event: 4.046 Thread 0x000001917460ccd0 DEOPT UNPACKING pc=0x0000019165b57143 sp=0x000000778c8fa248 mode 0
Event: 4.294 Thread 0x0000019174439840 DEOPT PACKING pc=0x0000019166257a24 sp=0x000000778c0fee40
Event: 4.294 Thread 0x00000191744365a0 DEOPT PACKING pc=0x0000019166257a24 sp=0x000000778c2fed00
Event: 4.294 Thread 0x0000019174439840 DEOPT UNPACKING pc=0x0000019165b57143 sp=0x000000778c0fe328 mode 0
Event: 4.294 Thread 0x00000191744365a0 DEOPT UNPACKING pc=0x0000019165b57143 sp=0x000000778c2fe1e8 mode 0
Event: 67.116 Thread 0x0000019174071360 DEOPT PACKING pc=0x000001916618d2d4 sp=0x000000778b5fec20
Event: 67.116 Thread 0x0000019174071360 DEOPT UNPACKING pc=0x0000019165b57143 sp=0x000000778b5fe0a8 mode 0

Classes unloaded (20 events):
Event: 3443.053 Thread 0x000001916e8d1da0 Unloading class 0x00000001007a3800 'jdk/internal/reflect/GeneratedSerializationConstructorAccessor101'
Event: 3443.053 Thread 0x000001916e8d1da0 Unloading class 0x00000001007a3400 'jdk/internal/reflect/GeneratedSerializationConstructorAccessor100'
Event: 3443.053 Thread 0x000001916e8d1da0 Unloading class 0x00000001007a3000 'jdk/internal/reflect/GeneratedSerializationConstructorAccessor99'
Event: 3443.053 Thread 0x000001916e8d1da0 Unloading class 0x00000001007a2c00 'jdk/internal/reflect/GeneratedSerializationConstructorAccessor98'
Event: 3443.053 Thread 0x000001916e8d1da0 Unloading class 0x00000001007a2800 'jdk/internal/reflect/GeneratedSerializationConstructorAccessor97'
Event: 3443.053 Thread 0x000001916e8d1da0 Unloading class 0x00000001007a2400 'jdk/internal/reflect/GeneratedSerializationConstructorAccessor96'
Event: 3443.053 Thread 0x000001916e8d1da0 Unloading class 0x00000001007a2000 'jdk/internal/reflect/GeneratedSerializationConstructorAccessor95'
Event: 3443.053 Thread 0x000001916e8d1da0 Unloading class 0x00000001007a1c00 'jdk/internal/reflect/GeneratedSerializationConstructorAccessor94'
Event: 3443.053 Thread 0x000001916e8d1da0 Unloading class 0x00000001007a1800 'jdk/internal/reflect/GeneratedSerializationConstructorAccessor93'
Event: 3443.053 Thread 0x000001916e8d1da0 Unloading class 0x00000001007a1000 'jdk/internal/reflect/GeneratedSerializationConstructorAccessor91'
Event: 3443.053 Thread 0x000001916e8d1da0 Unloading class 0x00000001007a0c00 'jdk/internal/reflect/GeneratedSerializationConstructorAccessor90'
Event: 3443.053 Thread 0x000001916e8d1da0 Unloading class 0x00000001007a0800 'jdk/internal/reflect/GeneratedSerializationConstructorAccessor89'
Event: 3443.053 Thread 0x000001916e8d1da0 Unloading class 0x00000001007a0400 'jdk/internal/reflect/GeneratedConstructorAccessor54'
Event: 3443.053 Thread 0x000001916e8d1da0 Unloading class 0x000000010079d000 'jdk/internal/reflect/GeneratedSerializationConstructorAccessor86'
Event: 3493.786 Thread 0x000001916e8d1da0 Unloading class 0x00000001007a1400 'jdk/internal/reflect/GeneratedSerializationConstructorAccessor92'
Event: 3493.786 Thread 0x000001916e8d1da0 Unloading class 0x000000010008bc00 'jdk/internal/reflect/GeneratedSerializationConstructorAccessor88'
Event: 3493.786 Thread 0x000001916e8d1da0 Unloading class 0x000000010079f400 'jdk/internal/reflect/GeneratedSerializationConstructorAccessor87'
Event: 3726.521 Thread 0x000001916e8d1da0 Unloading class 0x00000001007a8c00 'jdk/internal/reflect/GeneratedSerializationConstructorAccessor120'
Event: 3726.521 Thread 0x000001916e8d1da0 Unloading class 0x000000010079f400 'jdk/internal/reflect/GeneratedSerializationConstructorAccessor119'
Event: 3726.521 Thread 0x000001916e8d1da0 Unloading class 0x000000010008bc00 'jdk/internal/reflect/GeneratedSerializationConstructorAccessor118'

Classes redefined (0 events):
No events

Internal exceptions (20 events):
Event: 3572.532 Thread 0x0000019174f84120 Exception <a 'java/net/ConnectException'{0x00000000c555e5c0}: Connection refused: connect> (0x00000000c555e5c0) 
thrown [s\src\hotspot\share\prims\jni.cpp, line 535]
Event: 3572.532 Thread 0x0000019174f84120 Exception <a 'java/net/SocketException'{0x00000000c555e8f8}: Socket is not connected: shutdown> (0x00000000c555e8f8) 
thrown [s\src\hotspot\share\prims\jni.cpp, line 535]
Event: 3572.532 Thread 0x0000019174f84120 Exception <a 'java/net/ConnectException'{0x00000000c555f490}: Connection refused: connect> (0x00000000c555f490) 
thrown [s\src\hotspot\share\prims\jni.cpp, line 535]
Event: 3572.532 Thread 0x0000019174f84120 Exception <a 'java/net/SocketException'{0x00000000c555f7c8}: Socket is not connected: shutdown> (0x00000000c555f7c8) 
thrown [s\src\hotspot\share\prims\jni.cpp, line 535]
Event: 3612.951 Thread 0x0000019174610990 Exception <a 'java/net/ConnectException'{0x00000000c790fcf8}: Connection refused: connect> (0x00000000c790fcf8) 
thrown [s\src\hotspot\share\prims\jni.cpp, line 535]
Event: 3612.951 Thread 0x0000019174610990 Exception <a 'java/net/SocketException'{0x00000000c7910030}: Socket is not connected: shutdown> (0x00000000c7910030) 
thrown [s\src\hotspot\share\prims\jni.cpp, line 535]
Event: 3654.267 Thread 0x0000019174610990 Exception <a 'java/net/ConnectException'{0x00000000c7914178}: Connection refused: connect> (0x00000000c7914178) 
thrown [s\src\hotspot\share\prims\jni.cpp, line 535]
Event: 3654.267 Thread 0x0000019174610990 Exception <a 'java/net/SocketException'{0x00000000c79144b0}: Socket is not connected: shutdown> (0x00000000c79144b0) 
thrown [s\src\hotspot\share\prims\jni.cpp, line 535]
Event: 3654.267 Thread 0x0000019174610990 Exception <a 'java/net/ConnectException'{0x00000000c7915048}: Connection refused: connect> (0x00000000c7915048) 
thrown [s\src\hotspot\share\prims\jni.cpp, line 535]
Event: 3654.267 Thread 0x0000019174610990 Exception <a 'java/net/SocketException'{0x00000000c7915380}: Socket is not connected: shutdown> (0x00000000c7915380) 
thrown [s\src\hotspot\share\prims\jni.cpp, line 535]
Event: 3654.268 Thread 0x0000019174610990 Exception <a 'java/net/ConnectException'{0x00000000c7915f28}: Connection refused: connect> (0x00000000c7915f28) 
thrown [s\src\hotspot\share\prims\jni.cpp, line 535]
Event: 3654.268 Thread 0x0000019174610990 Exception <a 'java/net/SocketException'{0x00000000c7916260}: Socket is not connected: shutdown> (0x00000000c7916260) 
thrown [s\src\hotspot\share\prims\jni.cpp, line 535]
Event: 3654.268 Thread 0x0000019174610990 Exception <a 'java/net/ConnectException'{0x00000000c7916df8}: Connection refused: connect> (0x00000000c7916df8) 
thrown [s\src\hotspot\share\prims\jni.cpp, line 535]
Event: 3654.268 Thread 0x0000019174610990 Exception <a 'java/net/SocketException'{0x00000000c7917130}: Socket is not connected: shutdown> (0x00000000c7917130) 
thrown [s\src\hotspot\share\prims\jni.cpp, line 535]
Event: 3655.270 Thread 0x0000019174610990 Exception <a 'java/net/ConnectException'{0x00000000c7917cd8}: Connection refused: connect> (0x00000000c7917cd8) 
thrown [s\src\hotspot\share\prims\jni.cpp, line 535]
Event: 3655.270 Thread 0x0000019174610990 Exception <a 'java/net/SocketException'{0x00000000c7918010}: Socket is not connected: shutdown> (0x00000000c7918010) 
thrown [s\src\hotspot\share\prims\jni.cpp, line 535]
Event: 3655.270 Thread 0x0000019174610990 Exception <a 'java/net/ConnectException'{0x00000000c7918ba8}: Connection refused: connect> (0x00000000c7918ba8) 
thrown [s\src\hotspot\share\prims\jni.cpp, line 535]
Event: 3655.270 Thread 0x0000019174610990 Exception <a 'java/net/SocketException'{0x00000000c7918ee0}: Socket is not connected: shutdown> (0x00000000c7918ee0) 
thrown [s\src\hotspot\share\prims\jni.cpp, line 535]
Event: 3671.678 Thread 0x00000191746118c0 Exception <a 'java/lang/NoSuchMethodError'{0x00000000c790e5c0}: static [Ljava/rmi/server/ObjID;.<clinit>()V> (0x00000000c790e5c0) 
thrown [s\src\hotspot\share\prims\jni.cpp, line 1107]
Event: 3671.684 Thread 0x00000191746118c0 Exception <a 'java/lang/NoSuchMethodError'{0x00000000c791a180}: static [B.<clinit>()V> (0x00000000c791a180) 
thrown [s\src\hotspot\share\prims\jni.cpp, line 1107]

VM Operations (20 events):
Event: 3858.309 Executing VM operation: G1CollectFull done
Event: 3868.422 Executing VM operation: G1CollectFull
Event: 3868.453 Executing VM operation: G1CollectFull done
Event: 3878.576 Executing VM operation: G1CollectFull
Event: 3878.605 Executing VM operation: G1CollectFull done
Event: 3888.793 Executing VM operation: G1CollectFull
Event: 3888.822 Executing VM operation: G1CollectFull done
Event: 3898.924 Executing VM operation: G1CollectFull
Event: 3898.950 Executing VM operation: G1CollectFull done
Event: 3909.064 Executing VM operation: G1CollectFull
Event: 3909.093 Executing VM operation: G1CollectFull done
Event: 3919.208 Executing VM operation: G1CollectFull
Event: 3919.237 Executing VM operation: G1CollectFull done
Event: 3929.347 Executing VM operation: G1CollectFull
Event: 3929.374 Executing VM operation: G1CollectFull done
Event: 3939.480 Executing VM operation: G1CollectFull
Event: 3939.505 Executing VM operation: G1CollectFull done
Event: 3949.612 Executing VM operation: G1CollectFull
Event: 3949.639 Executing VM operation: G1CollectFull done
Event: 3959.976 Executing VM operation: G1CollectFull

Events (20 events):
Event: 3363.656 Thread 0x000001916ebb57a0 Thread exited: 0x000001916ebb57a0
Event: 3365.283 Thread 0x000001917460b890 Thread exited: 0x000001917460b890
Event: 3367.550 Thread 0x000001916ebb57a0 Thread added: 0x000001916ebb57a0
Event: 3367.550 Thread 0x000001917317d340 Thread added: 0x000001917317d340
Event: 3367.550 Thread 0x000001917317d860 Thread added: 0x000001917317d860
Event: 3371.637 Thread 0x00000191746118c0 Thread added: 0x00000191746118c0
Event: 3371.675 Thread 0x000001917460ae70 Thread added: 0x000001917460ae70
Event: 3383.270 Thread 0x000001917317d860 Thread exited: 0x000001917317d860
Event: 3388.282 Thread 0x000001917317d340 Thread exited: 0x000001917317d340
Event: 3393.292 Thread 0x000001916ebb57a0 Thread exited: 0x000001916ebb57a0
Event: 3407.081 Thread 0x000001917460f040 Thread exited: 0x000001917460f040
Event: 3418.189 Thread 0x000001917460ccd0 Thread exited: 0x000001917460ccd0
Event: 3437.896 Thread 0x000001917460d6f0 Thread exited: 0x000001917460d6f0
Event: 3462.566 Thread 0x000001917460ff70 Thread exited: 0x000001917460ff70
Event: 3562.618 Thread 0x000001917460b890 Thread added: 0x000001917460b890
Event: 3562.620 Thread 0x000001917460f040 Thread added: 0x000001917460f040
Event: 3572.535 Thread 0x0000019174f84120 Thread exited: 0x0000019174f84120
Event: 3622.633 Thread 0x000001917460b890 Thread exited: 0x000001917460b890
Event: 3622.633 Thread 0x000001917460f040 Thread exited: 0x000001917460f040
Event: 3655.270 Thread 0x0000019174610990 Thread exited: 0x0000019174610990


Dynamic libraries:
0x00007ff6b9c00000 - 0x00007ff6b9c0e000 	c:\Users\admin\.vscode\extensions\redhat.java-1.28.1-win32-x64\jre\17.0.10-win32-x86_64\bin\java.exe
0x00007ff9cb910000 - 0x00007ff9cbb27000 	C:\WINDOWS\SYSTEM32\ntdll.dll
0x00007ff9ca900000 - 0x00007ff9ca9c4000 	C:\WINDOWS\System32\KERNEL32.DLL
0x00007ff9c8e50000 - 0x00007ff9c91f6000 	C:\WINDOWS\System32\KERNELBASE.dll
0x00007ff9c5ff0000 - 0x00007ff9c6087000 	C:\WINDOWS\SYSTEM32\apphelp.dll
0x00007ff9c9280000 - 0x00007ff9c9391000 	C:\WINDOWS\System32\ucrtbase.dll
0x00007ff9925e0000 - 0x00007ff9925f7000 	c:\Users\admin\.vscode\extensions\redhat.java-1.28.1-win32-x64\jre\17.0.10-win32-x86_64\bin\jli.dll
0x00007ff9c9fc0000 - 0x00007ff9ca16e000 	C:\WINDOWS\System32\USER32.dll
0x00007ff9c9510000 - 0x00007ff9c9536000 	C:\WINDOWS\System32\win32u.dll
0x00007ff9caa60000 - 0x00007ff9caa89000 	C:\WINDOWS\System32\GDI32.dll
0x00007ff9c9540000 - 0x00007ff9c9658000 	C:\WINDOWS\System32\gdi32full.dll
0x00007ff9c8db0000 - 0x00007ff9c8e4a000 	C:\WINDOWS\System32\msvcp_win.dll
0x00007ff992600000 - 0x00007ff99261b000 	c:\Users\admin\.vscode\extensions\redhat.java-1.28.1-win32-x64\jre\17.0.10-win32-x86_64\bin\VCRUNTIME140.dll
0x00007ff9b2990000 - 0x00007ff9b2c23000 	C:\WINDOWS\WinSxS\amd64_microsoft.windows.common-controls_6595b64144ccf1df_6.0.22621.2506_none_270c5ae97388e100\COMCTL32.dll
0x00007ff9ca180000 - 0x00007ff9ca227000 	C:\WINDOWS\System32\msvcrt.dll
0x00007ff9cb890000 - 0x00007ff9cb8c1000 	C:\WINDOWS\System32\IMM32.DLL
0x00007ff9aa970000 - 0x00007ff9aa97c000 	c:\Users\admin\.vscode\extensions\redhat.java-1.28.1-win32-x64\jre\17.0.10-win32-x86_64\bin\vcruntime140_1.dll
0x00007ff955b10000 - 0x00007ff955b9d000 	c:\Users\admin\.vscode\extensions\redhat.java-1.28.1-win32-x64\jre\17.0.10-win32-x86_64\bin\msvcp140.dll
0x00007ff93ed70000 - 0x00007ff93f9d2000 	c:\Users\admin\.vscode\extensions\redhat.java-1.28.1-win32-x64\jre\17.0.10-win32-x86_64\bin\server\jvm.dll
0x00007ff9c9a10000 - 0x00007ff9c9ac3000 	C:\WINDOWS\System32\ADVAPI32.dll
0x00007ff9caa90000 - 0x00007ff9cab38000 	C:\WINDOWS\System32\sechost.dll
0x00007ff9c8cc0000 - 0x00007ff9c8ce8000 	C:\WINDOWS\System32\bcrypt.dll
0x00007ff9c9660000 - 0x00007ff9c9777000 	C:\WINDOWS\System32\RPCRT4.dll
0x00007ff9c8b20000 - 0x00007ff9c8b6d000 	C:\WINDOWS\SYSTEM32\POWRPROF.dll
0x00007ff9a6130000 - 0x00007ff9a6164000 	C:\WINDOWS\SYSTEM32\WINMM.dll
0x00007ff9c5fb0000 - 0x00007ff9c5fb9000 	C:\WINDOWS\SYSTEM32\WSOCK32.dll
0x00007ff9c24b0000 - 0x00007ff9c24ba000 	C:\WINDOWS\SYSTEM32\VERSION.dll
0x00007ff9ca880000 - 0x00007ff9ca8f1000 	C:\WINDOWS\System32\WS2_32.dll
0x00007ff9c8b00000 - 0x00007ff9c8b13000 	C:\WINDOWS\SYSTEM32\UMPDC.dll
0x00007ff9c7c50000 - 0x00007ff9c7c68000 	C:\WINDOWS\SYSTEM32\kernel.appcore.dll
0x00007ff9aa860000 - 0x00007ff9aa86a000 	c:\Users\admin\.vscode\extensions\redhat.java-1.28.1-win32-x64\jre\17.0.10-win32-x86_64\bin\jimage.dll
0x00007ff9ac0a0000 - 0x00007ff9ac2d3000 	C:\WINDOWS\SYSTEM32\DBGHELP.DLL
0x00007ff9cb450000 - 0x00007ff9cb7d9000 	C:\WINDOWS\System32\combase.dll
0x00007ff9c9ee0000 - 0x00007ff9c9fb7000 	C:\WINDOWS\System32\OLEAUT32.dll
0x00007ff9ac040000 - 0x00007ff9ac072000 	C:\WINDOWS\SYSTEM32\dbgcore.DLL
0x00007ff9c9200000 - 0x00007ff9c927a000 	C:\WINDOWS\System32\bcryptPrimitives.dll
0x00007ff95bb60000 - 0x00007ff95bb85000 	c:\Users\admin\.vscode\extensions\redhat.java-1.28.1-win32-x64\jre\17.0.10-win32-x86_64\bin\java.dll
0x00007ff95bc50000 - 0x00007ff95bc68000 	c:\Users\admin\.vscode\extensions\redhat.java-1.28.1-win32-x64\jre\17.0.10-win32-x86_64\bin\zip.dll
0x00007ff9cabf0000 - 0x00007ff9cb44b000 	C:\WINDOWS\System32\SHELL32.dll
0x00007ff9c6b60000 - 0x00007ff9c7456000 	C:\WINDOWS\SYSTEM32\windows.storage.dll
0x00007ff9c6a20000 - 0x00007ff9c6b5e000 	C:\WINDOWS\SYSTEM32\wintypes.dll
0x00007ff9c9780000 - 0x00007ff9c9873000 	C:\WINDOWS\System32\SHCORE.dll
0x00007ff9c99b0000 - 0x00007ff9c9a0e000 	C:\WINDOWS\System32\shlwapi.dll
0x00007ff9c8b80000 - 0x00007ff9c8ba6000 	C:\WINDOWS\SYSTEM32\profapi.dll
0x00007ff95a000000 - 0x00007ff95a019000 	C:\Users\admin\.vscode\extensions\redhat.java-1.28.1-win32-x64\jre\17.0.10-win32-x86_64\bin\net.dll
0x00007ff9c2870000 - 0x00007ff9c29a7000 	C:\WINDOWS\SYSTEM32\WINHTTP.dll
0x00007ff9c80c0000 - 0x00007ff9c8129000 	C:\WINDOWS\system32\mswsock.dll
0x00007ff959fe0000 - 0x00007ff959ff6000 	C:\Users\admin\.vscode\extensions\redhat.java-1.28.1-win32-x64\jre\17.0.10-win32-x86_64\bin\nio.dll
0x00007ff9a7e50000 - 0x00007ff9a7e60000 	c:\Users\admin\.vscode\extensions\redhat.java-1.28.1-win32-x64\jre\17.0.10-win32-x86_64\bin\verify.dll
0x00007ff9c8410000 - 0x00007ff9c842b000 	C:\WINDOWS\SYSTEM32\CRYPTSP.dll
0x00007ff9c7bb0000 - 0x00007ff9c7be5000 	C:\WINDOWS\system32\rsaenh.dll
0x00007ff9c8160000 - 0x00007ff9c818c000 	C:\WINDOWS\SYSTEM32\USERENV.dll
0x00007ff9c83f0000 - 0x00007ff9c83fc000 	C:\WINDOWS\SYSTEM32\CRYPTBASE.dll
0x00007ff9c76c0000 - 0x00007ff9c76ed000 	C:\WINDOWS\SYSTEM32\IPHLPAPI.DLL
0x00007ff9cab60000 - 0x00007ff9cab69000 	C:\WINDOWS\System32\NSI.dll
0x00007ff9c2520000 - 0x00007ff9c2539000 	C:\WINDOWS\SYSTEM32\dhcpcsvc6.DLL
0x00007ff9c24e0000 - 0x00007ff9c24ff000 	C:\WINDOWS\SYSTEM32\dhcpcsvc.DLL
0x00007ff9c7730000 - 0x00007ff9c7829000 	C:\WINDOWS\SYSTEM32\DNSAPI.dll
0x00007ff9a6170000 - 0x00007ff9a6179000 	C:\Users\admin\.vscode\extensions\redhat.java-1.28.1-win32-x64\jre\17.0.10-win32-x86_64\bin\management.dll
0x00007ff99fc60000 - 0x00007ff99fc6b000 	C:\Users\admin\.vscode\extensions\redhat.java-1.28.1-win32-x64\jre\17.0.10-win32-x86_64\bin\management_ext.dll
0x00007ff9ca170000 - 0x00007ff9ca178000 	C:\WINDOWS\System32\PSAPI.DLL
0x00007ff9a6e80000 - 0x00007ff9a6e8e000 	C:\Users\admin\.vscode\extensions\redhat.java-1.28.1-win32-x64\jre\17.0.10-win32-x86_64\bin\sunmscapi.dll
0x00007ff9c93a0000 - 0x00007ff9c9506000 	C:\WINDOWS\System32\CRYPT32.dll
0x00007ff9c8520000 - 0x00007ff9c854e000 	C:\WINDOWS\SYSTEM32\ncrypt.dll
0x00007ff9c84e0000 - 0x00007ff9c8517000 	C:\WINDOWS\SYSTEM32\NTASN1.dll
0x00007ff9bfcd0000 - 0x00007ff9bfcda000 	C:\Windows\System32\rasadhlp.dll
0x00007ff9c1660000 - 0x00007ff9c16e3000 	C:\WINDOWS\System32\fwpuclnt.dll
0x00007ff9a61e0000 - 0x00007ff9a61e9000 	C:\Users\admin\.vscode\extensions\redhat.java-1.28.1-win32-x64\jre\17.0.10-win32-x86_64\bin\extnet.dll
0x00007ff9aa9a0000 - 0x00007ff9aa9a9000 	C:\Users\admin\.vscode\extensions\redhat.java-1.28.1-win32-x64\jre\17.0.10-win32-x86_64\bin\attach.dll
0x00007ff9ac880000 - 0x00007ff9ac897000 	C:\WINDOWS\system32\napinsp.dll
0x00007ff9ac8a0000 - 0x00007ff9ac8bb000 	C:\WINDOWS\system32\pnrpnsp.dll
0x00007ff9ac730000 - 0x00007ff9ac741000 	C:\WINDOWS\System32\winrnr.dll
0x00007ff9ac710000 - 0x00007ff9ac725000 	C:\WINDOWS\system32\wshbth.dll
0x00007ff9ac6e0000 - 0x00007ff9ac701000 	C:\WINDOWS\system32\nlansp_c.dll
0x00007ff9aa990000 - 0x00007ff9aa997000 	C:\Users\admin\.vscode\extensions\redhat.java-1.28.1-win32-x64\jre\17.0.10-win32-x86_64\bin\rmi.dll

dbghelp: loaded successfully - version: 4.0.5 - missing functions: none
symbol engine: initialized successfully - sym options: 0x614 - pdb path: .;c:\Users\admin\.vscode\extensions\redhat.java-1.28.1-win32-x64\jre\17.0.10-win32-x86_64\bin;C:\WINDOWS\SYSTEM32;C:\WINDOWS\WinSxS\amd64_microsoft.windows.common-controls_6595b64144ccf1df_6.0.22621.2506_none_270c5ae97388e100;c:\Users\admin\.vscode\extensions\redhat.java-1.28.1-win32-x64\jre\17.0.10-win32-x86_64\bin\server

VM Arguments:
jvm_args: -XX:+HeapDumpOnOutOfMemoryError -Xmx1024m -Dsts.lsp.client=vscode -Dsts.log.file=/dev/null -XX:TieredStopAtLevel=1 -Xlog:jni+resolve=off -Dspring.config.location=file:c:\Users\admin\.vscode\extensions\vmware.vscode-spring-boot-1.53.2024031204\language-server\BOOT-INF\classes\application.properties 
java_command: org.springframework.ide.vscode.boot.app.BootLanguageServerBootApp
java_class_path (initial): c:\Users\admin\.vscode\extensions\vmware.vscode-spring-boot-1.53.2024031204\language-server\BOOT-INF\classes;c:\Users\admin\.vscode\extensions\vmware.vscode-spring-boot-1.53.2024031204\language-server\BOOT-INF\lib\annotations-24.1.0.jar;c:\Users\admin\.vscode\extensions\vmware.vscode-spring-boot-1.53.2024031204\language-server\BOOT-INF\lib\antlr4-runtime-4.11.1.jar;c:\Users\admin\.vscode\extensions\vmware.vscode-spring-boot-1.53.2024031204\language-server\BOOT-INF\lib\asm-9.6.jar;c:\Users\admin\.vscode\extensions\vmware.vscode-spring-boot-1.53.2024031204\language-server\BOOT-INF\lib\asm-analysis-9.6.jar;c:\Users\admin\.vscode\extensions\vmware.vscode-spring-boot-1.53.2024031204\language-server\BOOT-INF\lib\asm-tree-9.6.jar;c:\Users\admin\.vscode\extensions\vmware.vscode-spring-boot-1.53.2024031204\language-server\BOOT-INF\lib\asm-util-9.6.jar;c:\Users\admin\.vscode\extensions\vmware.vscode-spring-boot-1.53.2024031204\language-server\BOOT-INF\lib\caffeine-3.1.8.jar;c:\Users\admin\.vscode\extensions\vmware.vscode-spring-boot-1.53.2024031204\language-server\BOOT-INF\lib\checker-qual-3.12.0.jar;c:\Users\admin\.vscode\extensions\vmware.vscode-spring-boot-1.53.2024031204\language-server\BOOT-INF\lib\classgraph-4.8.149.jar;c:\Users\admin\.vscode\extensions\vmware.vscode-spring-boot-1.53.2024031204\language-server\BOOT-INF\lib\commons-codec-1.16.1.jar;c:\Users\admin\.vscode\extensions\vmware.vscode-spring-boot-1.53.2024031204\language-server\BOOT-INF\lib\commons-compress-1.26.0.jar;c:\Users\admin\.vscode\extensions\vmware.vscode-spring-boot-1.53.2024031204\language-server\BOOT-INF\lib\commons-io-2.4.jar;c:\Users\admin\.vscode\extensions\vmware.vscode-spring-boot-1.53.2024031204\language-server\BOOT-INF\lib\commons-java-1.53.0-SNAPSHOT.jar;c:\Users\admin\.vscode\extensions\vmware.vscode-spring-boot-1.53.2024031204\language-server\BOOT-INF\lib\commons-lang3-3.13.0.jar;c:\Users\admin\.vscode\extensions\vmware.vscode-spring-boot-1.53.2024031204\lang
Launcher Type: SUN_STANDARD

[Global flags]
     intx CICompilerCount                          = 4                                         {product} {ergonomic}
     uint ConcGCThreads                            = 3                                         {product} {ergonomic}
     uint G1ConcRefinementThreads                  = 10                                        {product} {ergonomic}
   size_t G1HeapRegionSize                         = 1048576                                   {product} {ergonomic}
    uintx GCDrainStackTargetSize                   = 64                                        {product} {ergonomic}
     bool HeapDumpOnOutOfMemoryError               = true                                   {manageable} {command line}
   size_t InitialHeapSize                          = 127926272                                 {product} {ergonomic}
   size_t MarkStackSize                            = 4194304                                   {product} {ergonomic}
   size_t MaxHeapSize                              = 1073741824                                {product} {command line}
   size_t MaxNewSize                               = 643825664                                 {product} {ergonomic}
   size_t MinHeapDeltaBytes                        = 1048576                                   {product} {ergonomic}
   size_t MinHeapSize                              = 8388608                                   {product} {ergonomic}
    uintx NonProfiledCodeHeapSize                  = 0                                      {pd product} {ergonomic}
     bool ProfileInterpreter                       = false                                  {pd product} {command line}
    uintx ProfiledCodeHeapSize                     = 0                                      {pd product} {ergonomic}
   size_t SoftMaxHeapSize                          = 1073741824                             {manageable} {ergonomic}
     intx TieredStopAtLevel                        = 1                                         {product} {command line}
     bool UseCompressedClassPointers               = true                           {product lp64_product} {ergonomic}
     bool UseCompressedOops                        = true                           {product lp64_product} {ergonomic}
     bool UseG1GC                                  = true                                      {product} {ergonomic}
     bool UseLargePagesIndividualAllocation        = false                                  {pd product} {ergonomic}

Logging:
Log output configuration:
 #0: stdout all=warning,jni+resolve=off uptime,level,tags
 #1: stderr all=off uptime,level,tags

Environment Variables:
PATH=D:\Mangesh\oracle\dbhomeXE\bin;C:\Program Files (x86)\Common Files\Oracle\Java\javapath;C:\WINDOWS\system32;C:\WINDOWS;C:\WINDOWS\System32\Wbem;C:\WINDOWS\System32\WindowsPowerShell\v1.0\;C:\WINDOWS\System32\OpenSSH\;C:\Program Files (x86)\Microsoft SQL Server\150\DTS\Binn\;C:\Program Files\Azure Data Studio\bin;C:\Program Files\nodejs\;C:\Users\admin\AppData\Local\Microsoft\WindowsApps;C:\Program Files\Azure Data Studio\bin;C:\Users\admin\AppData\Local\Programs\Microsoft VS Code\bin;C:\Users\admin\AppData\Local\GitHubDesktop\bin;C:\Users\admin\AppData\Roaming\npm;C:\Program Files\heroku\bin
USERNAME=Mangesh
OS=Windows_NT
PROCESSOR_IDENTIFIER=Intel64 Family 6 Model 165 Stepping 3, GenuineIntel
TMP=C:\Users\admin\AppData\Local\Temp
TEMP=C:\Users\admin\AppData\Local\Temp



Periodic native trim disabled


---------------  S Y S T E M  ---------------

OS:
 Windows 11 , 64 bit Build 22621 (10.0.22621.3085)
OS uptime: 7 days 23:28 hours
Hyper-V role detected

CPU: total 12 (initial active 12) (6 cores per cpu, 2 threads per core) family 6 model 165 stepping 3 microcode 0xe0, cx8, cmov, fxsr, ht, mmx, 3dnowpref, sse, sse2, sse3, ssse3, sse4.1, sse4.2, popcnt, lzcnt, tsc, tscinvbit, avx, avx2, aes, erms, clmul, bmi1, bmi2, adx, fma, vzeroupper, clflush, clflushopt, hv
Processor Information for all 12 processors :
  Max Mhz: 2904, Current Mhz: 2904, Mhz Limit: 2904

Memory: 4k page, system-wide physical 7798M (418M free)
TotalPageFile size 21388M (AvailPageFile size 46M)
current process WorkingSet (physical memory assigned to process): 75M, peak: 232M
current process commit charge ("private bytes"): 269M, peak: 287M

vm_info: OpenJDK 64-Bit Server VM (17.0.10+7) for windows-amd64 JRE (17.0.10+7), built on Jan 16 2024 23:25:11 by "admin" with MS VC++ 16.10 / 16.11 (VS2019)

END.
