#
# There is insufficient memory for the Java Runtime Environment to continue.
# Native memory allocation (malloc) failed to allocate 1575744 bytes for Chunk::new
# Possible reasons:
#   The system is out of physical RAM or swap space
#   The process is running with CompressedOops enabled, and the Java Heap may be blocking the growth of the native heap
# Possible solutions:
#   Reduce memory load on the system
#   Increase physical memory or swap space
#   Check if swap backing store is full
#   Decrease Java heap size (-Xmx/-Xms)
#   Decrease number of Java threads
#   Decrease Java thread stack sizes (-Xss)
#   Set larger code cache with -XX:ReservedCodeCacheSize=
#   JVM is running with Unscaled Compressed Oops mode in which the Java heap is
#     placed in the first 4GB address space. The Java Heap base address is the
#     maximum limit for the native heap growth. Please use -XX:HeapBaseMinAddress
#     to set the Java Heap base and to place the Java Heap above 4GB virtual address.
# This output file may be truncated or incomplete.
#
#  Out of Memory Error (arena.cpp:191), pid=712, tid=17680
#
# JRE version: OpenJDK Runtime Environment Temurin-17.0.10+7 (17.0.10+7) (build 17.0.10+7)
# Java VM: OpenJDK 64-Bit Server VM Temurin-17.0.10+7 (17.0.10+7, mixed mode, tiered, compressed oops, compressed class ptrs, g1 gc, windows-amd64)
# No core dump will be written. Minidumps are not enabled by default on client versions of Windows
#

---------------  S U M M A R Y ------------

Command Line: -XX:+ShowCodeDetailsInExceptionMessages com.question.questionservice.QuestionServiceApplication

Host: Intel(R) Core(TM) i5-10400 CPU @ 2.90GHz, 12 cores, 7G,  Windows 11 , 64 bit Build 22621 (10.0.22621.3085)
Time: Mon Mar 18 15:47:02 2024 India Standard Time elapsed time: 3.116701 seconds (0d 0h 0m 3s)

---------------  T H R E A D  ---------------

Current thread (0x0000023c06a79360):  JavaThread "C2 CompilerThread1" daemon [_thread_in_native, id=17680, stack(0x0000006c6cb00000,0x0000006c6cc00000)]


Current CompileTask:
C2:   3116 3637       4       org.springframework.beans.factory.support.AbstractBeanFactory::isTypeMatch (619 bytes)

Stack: [0x0000006c6cb00000,0x0000006c6cc00000]
Native frames: (J=compiled Java code, j=interpreted, Vv=VM code, C=native code)
V  [jvm.dll+0x67d2c9]
V  [jvm.dll+0x834afa]
V  [jvm.dll+0x8365be]
V  [jvm.dll+0x836c23]
V  [jvm.dll+0x2477ff]
V  [jvm.dll+0xac514]
V  [jvm.dll+0xacb5c]
V  [jvm.dll+0x3667d7]
V  [jvm.dll+0x1bcd86]
V  [jvm.dll+0x21a049]
V  [jvm.dll+0x219311]
V  [jvm.dll+0x1a502d]
V  [jvm.dll+0x2290de]
V  [jvm.dll+0x2272ac]
V  [jvm.dll+0x7e9bb7]
V  [jvm.dll+0x7e3fba]
V  [jvm.dll+0x67c1b5]
C  [ucrtbase.dll+0x29363]
C  [KERNEL32.DLL+0x1257d]
C  [ntdll.dll+0x5aa58]


---------------  P R O C E S S  ---------------

Threads class SMR info:
_java_thread_list=0x0000023c07d21c10, length=16, elements={
0x0000023c6614e070, 0x0000023c7fa24830, 0x0000023c7fa42ba0, 0x0000023c7fa27580,
0x0000023c7fa27f40, 0x0000023c7fa2a910, 0x0000023c7fa2b2d0, 0x0000023c7fa2c070,
0x0000023c7fa2e1e0, 0x0000023c7fa2e700, 0x0000023c7fbea930, 0x0000023c7fbe93b0,
0x0000023c06a79360, 0x0000023c065e3980, 0x0000023c06f4fd60, 0x0000023c0705d5e0
}

Java Threads: ( => current thread )
  0x0000023c6614e070 JavaThread "main" [_thread_blocked, id=10120, stack(0x0000006c6b800000,0x0000006c6b900000)]
  0x0000023c7fa24830 JavaThread "Reference Handler" daemon [_thread_blocked, id=7276, stack(0x0000006c6bf00000,0x0000006c6c000000)]
  0x0000023c7fa42ba0 JavaThread "Finalizer" daemon [_thread_blocked, id=8116, stack(0x0000006c6c000000,0x0000006c6c100000)]
  0x0000023c7fa27580 JavaThread "Signal Dispatcher" daemon [_thread_blocked, id=9196, stack(0x0000006c6c100000,0x0000006c6c200000)]
  0x0000023c7fa27f40 JavaThread "Attach Listener" daemon [_thread_blocked, id=4176, stack(0x0000006c6c200000,0x0000006c6c300000)]
  0x0000023c7fa2a910 JavaThread "Service Thread" daemon [_thread_blocked, id=8576, stack(0x0000006c6c300000,0x0000006c6c400000)]
  0x0000023c7fa2b2d0 JavaThread "Monitor Deflation Thread" daemon [_thread_blocked, id=18692, stack(0x0000006c6c400000,0x0000006c6c500000)]
  0x0000023c7fa2c070 JavaThread "C2 CompilerThread0" daemon [_thread_in_native, id=18668, stack(0x0000006c6c500000,0x0000006c6c600000)]
  0x0000023c7fa2e1e0 JavaThread "C1 CompilerThread0" daemon [_thread_blocked, id=1552, stack(0x0000006c6c600000,0x0000006c6c700000)]
  0x0000023c7fa2e700 JavaThread "Sweeper thread" daemon [_thread_blocked, id=22640, stack(0x0000006c6c700000,0x0000006c6c800000)]
  0x0000023c7fbea930 JavaThread "Notification Thread" daemon [_thread_blocked, id=21912, stack(0x0000006c6c800000,0x0000006c6c900000)]
  0x0000023c7fbe93b0 JavaThread "Common-Cleaner" daemon [_thread_blocked, id=10756, stack(0x0000006c6ca00000,0x0000006c6cb00000)]
=>0x0000023c06a79360 JavaThread "C2 CompilerThread1" daemon [_thread_in_native, id=17680, stack(0x0000006c6cb00000,0x0000006c6cc00000)]
  0x0000023c065e3980 JavaThread "C2 CompilerThread2" daemon [_thread_in_native, id=10584, stack(0x0000006c6cc00000,0x0000006c6cd00000)]
  0x0000023c06f4fd60 JavaThread "Thread-0" [_thread_blocked, id=1584, stack(0x0000006c6d100000,0x0000006c6d200000)]
  0x0000023c0705d5e0 JavaThread "restartedMain" [_thread_in_vm, id=20804, stack(0x0000006c6d200000,0x0000006c6d300000)]

Other Threads:
  0x0000023c7fa1d9d0 VMThread "VM Thread" [stack: 0x0000006c6be00000,0x0000006c6bf00000] [id=6620]
  0x0000023c7fbe7b50 WatcherThread [stack: 0x0000006c6c900000,0x0000006c6ca00000] [id=17120]
  0x0000023c66411d00 GCTaskThread "GC Thread#0" [stack: 0x0000006c6b900000,0x0000006c6ba00000] [id=17748]
  0x0000023c06afbea0 GCTaskThread "GC Thread#1" [stack: 0x0000006c6cd00000,0x0000006c6ce00000] [id=10112]
  0x0000023c06a0ce50 GCTaskThread "GC Thread#2" [stack: 0x0000006c6ce00000,0x0000006c6cf00000] [id=19964]
  0x0000023c06b81e20 GCTaskThread "GC Thread#3" [stack: 0x0000006c6cf00000,0x0000006c6d000000] [id=16868]
  0x0000023c06aa2b50 GCTaskThread "GC Thread#4" [stack: 0x0000006c6d000000,0x0000006c6d100000] [id=17796]
  0x0000023c072d27d0 GCTaskThread "GC Thread#5" [stack: 0x0000006c6d400000,0x0000006c6d500000] [id=22932]
  0x0000023c07023870 GCTaskThread "GC Thread#6" [stack: 0x0000006c6d500000,0x0000006c6d600000] [id=18456]
  0x0000023c07023b30 GCTaskThread "GC Thread#7" [stack: 0x0000006c6d600000,0x0000006c6d700000] [id=15764]
  0x0000023c075b4ae0 GCTaskThread "GC Thread#8" [stack: 0x0000006c6d700000,0x0000006c6d800000] [id=172]
  0x0000023c0749b540 GCTaskThread "GC Thread#9" [stack: 0x0000006c6d800000,0x0000006c6d900000] [id=452]
  0x0000023c66422f30 ConcurrentGCThread "G1 Main Marker" [stack: 0x0000006c6ba00000,0x0000006c6bb00000] [id=4240]
  0x0000023c66423850 ConcurrentGCThread "G1 Conc#0" [stack: 0x0000006c6bb00000,0x0000006c6bc00000] [id=13888]
  0x0000023c0751cee0 ConcurrentGCThread "G1 Conc#1" [stack: 0x0000006c6d900000,0x0000006c6da00000] [id=17536]
  0x0000023c077e9f20 ConcurrentGCThread "G1 Conc#2" [stack: 0x0000006c6da00000,0x0000006c6db00000] [id=9508]
  0x0000023c7f885090 ConcurrentGCThread "G1 Refine#0" [stack: 0x0000006c6bc00000,0x0000006c6bd00000] [id=20636]
  0x0000023c7f8859c0 ConcurrentGCThread "G1 Service" [stack: 0x0000006c6bd00000,0x0000006c6be00000] [id=10724]

Threads with active compile tasks:
C2 CompilerThread0     3153 3696       4       org.springframework.beans.factory.support.AbstractAutowireCapableBeanFactory::predictBeanType (128 bytes)
C1 CompilerThread0     3153 3876       2       java.lang.reflect.Field::hashCode (19 bytes)
C2 CompilerThread1     3153 3637       4       org.springframework.beans.factory.support.AbstractBeanFactory::isTypeMatch (619 bytes)
C2 CompilerThread2     3153 3673       4       org.springframework.beans.factory.support.AbstractBeanFactory::isFactoryBean (62 bytes)

VM state: not at safepoint (normal execution)

VM Mutex/Monitor currently owned by a thread: None

Heap address: 0x0000000086200000, size: 1950 MB, Compressed Oops mode: 32-bit

CDS archive(s) not mapped
Compressed class space mapped at: 0x0000000100000000-0x0000000140000000, reserved size: 1073741824
Narrow klass base: 0x0000000000000000, Narrow klass shift: 3, Narrow klass range: 0x140000000

GC Precious Log:
 CPUs: 12 total, 12 available
 Memory: 7798M
 Large Page Support: Disabled
 NUMA Support: Disabled
 Compressed Oops: Enabled (32-bit)
 Heap Region Size: 1M
 Heap Min Capacity: 8M
 Heap Initial Capacity: 122M
 Heap Max Capacity: 1950M
 Pre-touch: Disabled
 Parallel Workers: 10
 Concurrent Workers: 3
 Concurrent Refinement Workers: 10
 Periodic GC: Disabled

Heap:
 garbage-first heap   total 51200K, used 32030K [0x0000000086200000, 0x0000000100000000)
  region size 1024K, 16 young (16384K), 3 survivors (3072K)
 Metaspace       used 35274K, committed 35712K, reserved 1114112K
  class space    used 4454K, committed 4672K, reserved 1048576K

Heap Regions: E=young(eden), S=young(survivor), O=old, HS=humongous(starts), HC=humongous(continues), CS=collection set, F=free, OA=open archive, CA=closed archive, TAMS=top-at-mark-start (previous, next)
|   0|0x0000000086200000, 0x0000000086300000, 0x0000000086300000|100%|HS|  |TAMS 0x0000000086300000, 0x0000000086200000| Complete 
|   1|0x0000000086300000, 0x0000000086400000, 0x0000000086400000|100%| O|  |TAMS 0x0000000086400000, 0x0000000086300000| Untracked 
|   2|0x0000000086400000, 0x0000000086500000, 0x0000000086500000|100%|HS|  |TAMS 0x0000000086500000, 0x0000000086400000| Complete 
|   3|0x0000000086500000, 0x0000000086600000, 0x0000000086600000|100%| O|  |TAMS 0x0000000086500000, 0x0000000086500000| Untracked 
|   4|0x0000000086600000, 0x0000000086700000, 0x0000000086700000|100%| O|  |TAMS 0x0000000086700000, 0x0000000086600000| Untracked 
|   5|0x0000000086700000, 0x0000000086800000, 0x0000000086800000|100%| O|  |TAMS 0x0000000086800000, 0x0000000086700000| Untracked 
|   6|0x0000000086800000, 0x0000000086900000, 0x0000000086900000|100%| O|  |TAMS 0x0000000086900000, 0x0000000086800000| Untracked 
|   7|0x0000000086900000, 0x0000000086a00000, 0x0000000086a00000|100%| O|  |TAMS 0x0000000086a00000, 0x0000000086900000| Untracked 
|   8|0x0000000086a00000, 0x0000000086b00000, 0x0000000086b00000|100%| O|  |TAMS 0x0000000086b00000, 0x0000000086a00000| Untracked 
|   9|0x0000000086b00000, 0x0000000086c00000, 0x0000000086c00000|100%| O|  |TAMS 0x0000000086c00000, 0x0000000086b00000| Untracked 
|  10|0x0000000086c00000, 0x0000000086d00000, 0x0000000086d00000|100%| O|  |TAMS 0x0000000086d00000, 0x0000000086c00000| Untracked 
|  11|0x0000000086d00000, 0x0000000086e00000, 0x0000000086e00000|100%| O|  |TAMS 0x0000000086d00000, 0x0000000086d00000| Untracked 
|  12|0x0000000086e00000, 0x0000000086f00000, 0x0000000086f00000|100%| O|  |TAMS 0x0000000086e00000, 0x0000000086e00000| Untracked 
|  13|0x0000000086f00000, 0x0000000087000000, 0x0000000087000000|100%| O|  |TAMS 0x0000000086f00000, 0x0000000086f00000| Untracked 
|  14|0x0000000087000000, 0x0000000087100000, 0x0000000087100000|100%| O|  |TAMS 0x0000000087000000, 0x0000000087000000| Untracked 
|  15|0x0000000087100000, 0x0000000087200000, 0x0000000087200000|100%| O|  |TAMS 0x0000000087100000, 0x0000000087100000| Untracked 
|  16|0x0000000087200000, 0x000000008725cc00, 0x0000000087300000| 36%| O|  |TAMS 0x0000000087200000, 0x0000000087200000| Untracked 
|  17|0x0000000087300000, 0x0000000087300000, 0x0000000087400000|  0%| F|  |TAMS 0x0000000087300000, 0x0000000087300000| Untracked 
|  18|0x0000000087400000, 0x0000000087400000, 0x0000000087500000|  0%| F|  |TAMS 0x0000000087400000, 0x0000000087400000| Untracked 
|  19|0x0000000087500000, 0x0000000087500000, 0x0000000087600000|  0%| F|  |TAMS 0x0000000087500000, 0x0000000087500000| Untracked 
|  20|0x0000000087600000, 0x0000000087600000, 0x0000000087700000|  0%| F|  |TAMS 0x0000000087600000, 0x0000000087600000| Untracked 
|  21|0x0000000087700000, 0x0000000087700000, 0x0000000087800000|  0%| F|  |TAMS 0x0000000087700000, 0x0000000087700000| Untracked 
|  22|0x0000000087800000, 0x0000000087800000, 0x0000000087900000|  0%| F|  |TAMS 0x0000000087800000, 0x0000000087800000| Untracked 
|  23|0x0000000087900000, 0x0000000087900000, 0x0000000087a00000|  0%| F|  |TAMS 0x0000000087900000, 0x0000000087900000| Untracked 
|  24|0x0000000087a00000, 0x0000000087a00000, 0x0000000087b00000|  0%| F|  |TAMS 0x0000000087a00000, 0x0000000087a00000| Untracked 
|  25|0x0000000087b00000, 0x0000000087beaf60, 0x0000000087c00000| 91%| S|CS|TAMS 0x0000000087b00000, 0x0000000087b00000| Complete 
|  26|0x0000000087c00000, 0x0000000087c00000, 0x0000000087d00000|  0%| F|  |TAMS 0x0000000087c00000, 0x0000000087c00000| Untracked 
|  27|0x0000000087d00000, 0x0000000087d00000, 0x0000000087e00000|  0%| F|  |TAMS 0x0000000087d00000, 0x0000000087d00000| Untracked 
|  28|0x0000000087e00000, 0x0000000087e00000, 0x0000000087f00000|  0%| F|  |TAMS 0x0000000087e00000, 0x0000000087e00000| Untracked 
|  29|0x0000000087f00000, 0x0000000088000000, 0x0000000088000000|100%| S|CS|TAMS 0x0000000087f00000, 0x0000000087f00000| Complete 
|  30|0x0000000088000000, 0x0000000088100000, 0x0000000088100000|100%| S|CS|TAMS 0x0000000088000000, 0x0000000088000000| Complete 
|  31|0x0000000088100000, 0x0000000088100000, 0x0000000088200000|  0%| F|  |TAMS 0x0000000088100000, 0x0000000088100000| Untracked 
|  32|0x0000000088200000, 0x0000000088200000, 0x0000000088300000|  0%| F|  |TAMS 0x0000000088200000, 0x0000000088200000| Untracked 
|  33|0x0000000088300000, 0x0000000088300000, 0x0000000088400000|  0%| F|  |TAMS 0x0000000088300000, 0x0000000088300000| Untracked 
|  34|0x0000000088400000, 0x0000000088400000, 0x0000000088500000|  0%| F|  |TAMS 0x0000000088400000, 0x0000000088400000| Untracked 
|  35|0x0000000088500000, 0x0000000088500000, 0x0000000088600000|  0%| F|  |TAMS 0x0000000088500000, 0x0000000088500000| Untracked 
|  36|0x0000000088600000, 0x0000000088600000, 0x0000000088700000|  0%| F|  |TAMS 0x0000000088600000, 0x0000000088600000| Untracked 
|  37|0x0000000088700000, 0x00000000887a3000, 0x0000000088800000| 63%| E|  |TAMS 0x0000000088700000, 0x0000000088700000| Complete 
|  38|0x0000000088800000, 0x0000000088900000, 0x0000000088900000|100%| E|CS|TAMS 0x0000000088800000, 0x0000000088800000| Complete 
|  39|0x0000000088900000, 0x0000000088a00000, 0x0000000088a00000|100%| E|CS|TAMS 0x0000000088900000, 0x0000000088900000| Complete 
|  40|0x0000000088a00000, 0x0000000088b00000, 0x0000000088b00000|100%| E|CS|TAMS 0x0000000088a00000, 0x0000000088a00000| Complete 
|  41|0x0000000088b00000, 0x0000000088c00000, 0x0000000088c00000|100%| E|CS|TAMS 0x0000000088b00000, 0x0000000088b00000| Complete 
|  42|0x0000000088c00000, 0x0000000088d00000, 0x0000000088d00000|100%| E|CS|TAMS 0x0000000088c00000, 0x0000000088c00000| Complete 
|  43|0x0000000088d00000, 0x0000000088e00000, 0x0000000088e00000|100%| E|CS|TAMS 0x0000000088d00000, 0x0000000088d00000| Complete 
|  44|0x0000000088e00000, 0x0000000088f00000, 0x0000000088f00000|100%| E|CS|TAMS 0x0000000088e00000, 0x0000000088e00000| Complete 
| 103|0x000000008c900000, 0x000000008ca00000, 0x000000008ca00000|100%| E|CS|TAMS 0x000000008c900000, 0x000000008c900000| Complete 
| 104|0x000000008ca00000, 0x000000008cb00000, 0x000000008cb00000|100%| E|CS|TAMS 0x000000008ca00000, 0x000000008ca00000| Complete 
| 105|0x000000008cb00000, 0x000000008cc00000, 0x000000008cc00000|100%| E|CS|TAMS 0x000000008cb00000, 0x000000008cb00000| Complete 
| 106|0x000000008cc00000, 0x000000008cd00000, 0x000000008cd00000|100%| E|CS|TAMS 0x000000008cc00000, 0x000000008cc00000| Complete 
| 121|0x000000008db00000, 0x000000008dc00000, 0x000000008dc00000|100%| E|CS|TAMS 0x000000008db00000, 0x000000008db00000| Complete 

Card table byte_map: [0x0000023c7a860000,0x0000023c7ac30000] _byte_map_base: 0x0000023c7a42f000

Marking Bits (Prev, Next): (CMBitMap*) 0x0000023c66413280, (CMBitMap*) 0x0000023c66413240
 Prev Bits: [0x0000023c7ce80000, 0x0000023c7ecf8000)
 Next Bits: [0x0000023c7b000000, 0x0000023c7ce78000)

Polling page: 0x0000023c66450000

Metaspace:

Usage:
  Non-class:     30.10 MB used.
      Class:      4.35 MB used.
       Both:     34.45 MB used.

Virtual space:
  Non-class space:       64.00 MB reserved,      30.31 MB ( 47%) committed,  1 nodes.
      Class space:        1.00 GB reserved,       4.56 MB ( <1%) committed,  1 nodes.
             Both:        1.06 GB reserved,      34.88 MB (  3%) committed. 

Chunk freelists:
   Non-Class:  1.09 MB
       Class:  11.30 MB
        Both:  12.39 MB

MaxMetaspaceSize: unlimited
CompressedClassSpaceSize: 1.00 GB
Initial GC threshold: 21.00 MB
Current GC threshold: 35.12 MB
CDS: off
MetaspaceReclaimPolicy: balanced
 - commit_granule_bytes: 65536.
 - commit_granule_words: 8192.
 - virtual_space_node_default_size: 8388608.
 - enlarge_chunks_in_place: 1.
 - new_chunks_are_fully_committed: 0.
 - uncommit_free_chunks: 1.
 - use_allocation_guard: 0.
 - handle_deallocations: 1.


Internal statistics:

num_allocs_failed_limit: 5.
num_arena_births: 452.
num_arena_deaths: 0.
num_vsnodes_births: 2.
num_vsnodes_deaths: 0.
num_space_committed: 558.
num_space_uncommitted: 0.
num_chunks_returned_to_freelist: 5.
num_chunks_taken_from_freelist: 1489.
num_chunk_merges: 5.
num_chunk_splits: 993.
num_chunks_enlarged: 711.
num_inconsistent_stats: 0.

CodeHeap 'non-profiled nmethods': size=120000Kb used=2060Kb max_used=2060Kb free=117940Kb
 bounds [0x0000023c722d0000, 0x0000023c72540000, 0x0000023c79800000]
CodeHeap 'profiled nmethods': size=120000Kb used=8318Kb max_used=8318Kb free=111682Kb
 bounds [0x0000023c6a800000, 0x0000023c6b020000, 0x0000023c71d30000]
CodeHeap 'non-nmethods': size=5760Kb used=1206Kb max_used=1294Kb free=4554Kb
 bounds [0x0000023c71d30000, 0x0000023c71fa0000, 0x0000023c722d0000]
 total_blobs=4365 nmethods=3859 adapters=418
 compilation: enabled
              stopped_count=0, restarted_count=0
 full_count=0

Compilation events (20 events):
Event: 3.101 Thread 0x0000023c7fa2e1e0 nmethod 3823 0x0000023c6b009d10 code [0x0000023c6b009ec0, 0x0000023c6b00a208]
Event: 3.105 Thread 0x0000023c7fa2e1e0 3827       2       java.lang.reflect.Field::getDeclaredAnnotations (8 bytes)
Event: 3.106 Thread 0x0000023c7fa2e1e0 nmethod 3827 0x0000023c6b00a310 code [0x0000023c6b00a4c0, 0x0000023c6b00a688]
Event: 3.107 Thread 0x0000023c7fa2e1e0 3828   !   2       org.springframework.util.ReflectionUtils::doWithLocalMethods (68 bytes)
Event: 3.107 Thread 0x0000023c7fa2e1e0 nmethod 3828 0x0000023c6b00a790 code [0x0000023c6b00a960, 0x0000023c6b00ac58]
Event: 3.107 Thread 0x0000023c7fa2e1e0 3829       2       org.springframework.transaction.annotation.SpringTransactionAnnotationParser::parseTransactionAnnotation (21 bytes)
Event: 3.107 Thread 0x0000023c7fa2e1e0 nmethod 3829 0x0000023c6b00ae90 code [0x0000023c6b00b040, 0x0000023c6b00b1d8]
Event: 3.107 Thread 0x0000023c7fa2e1e0 3830       2       org.springframework.transaction.annotation.JtaTransactionAnnotationParser::parseTransactionAnnotation (19 bytes)
Event: 3.107 Thread 0x0000023c7fa2e1e0 nmethod 3830 0x0000023c6b00b290 code [0x0000023c6b00b440, 0x0000023c6b00b5d8]
Event: 3.109 Thread 0x0000023c7fa2e1e0 3831       2       org.springframework.beans.factory.config.BeanPostProcessor::postProcessAfterInitialization (2 bytes)
Event: 3.109 Thread 0x0000023c7fa2e1e0 nmethod 3831 0x0000023c6b00b690 code [0x0000023c6b00b820, 0x0000023c6b00b938]
Event: 3.110 Thread 0x0000023c7fa2e1e0 3832       2       org.springframework.core.annotation.AnnotationUtils::isCandidateClass (22 bytes)
Event: 3.111 Thread 0x0000023c7fa2e1e0 nmethod 3832 0x0000023c6b00ba10 code [0x0000023c6b00bbe0, 0x0000023c6b00be28]
Event: 3.111 Thread 0x0000023c7fa2e1e0 3834       2       java.util.IdentityHashMap::maskNull (12 bytes)
Event: 3.111 Thread 0x0000023c7fa2e1e0 nmethod 3834 0x0000023c6b00bf90 code [0x0000023c6b00c120, 0x0000023c6b00c218]
Event: 3.111 Thread 0x0000023c7fa2e1e0 3835       2       java.util.IdentityHashMap::hash (18 bytes)
Event: 3.111 Thread 0x0000023c7fa2e1e0 nmethod 3835 0x0000023c6b00c290 code [0x0000023c6b00c420, 0x0000023c6b00c548]
Event: 3.111 Thread 0x0000023c7fa2e1e0 3833       2       java.util.Collections$EmptyList::toArray (5 bytes)
Event: 3.111 Thread 0x0000023c7fa2e1e0 nmethod 3833 0x0000023c6b00c610 code [0x0000023c6b00c7a0, 0x0000023c6b00c938]
Event: 3.113 Thread 0x0000023c7fa2e1e0 3837       2       java.lang.invoke.MemberName::asSpecial (89 bytes)

GC Heap History (14 events):
Event: 0.831 GC heap before
{Heap before GC invocations=0 (full 0):
 garbage-first heap   total 124928K, used 26624K [0x0000000086200000, 0x0000000100000000)
  region size 1024K, 23 young (23552K), 0 survivors (0K)
 Metaspace       used 10756K, committed 10944K, reserved 1114112K
  class space    used 1136K, committed 1216K, reserved 1048576K
}
Event: 0.839 GC heap after
{Heap after GC invocations=1 (full 0):
 garbage-first heap   total 124928K, used 11200K [0x0000000086200000, 0x0000000100000000)
  region size 1024K, 3 young (3072K), 3 survivors (3072K)
 Metaspace       used 10756K, committed 10944K, reserved 1114112K
  class space    used 1136K, committed 1216K, reserved 1048576K
}
Event: 1.349 GC heap before
{Heap before GC invocations=1 (full 0):
 garbage-first heap   total 124928K, used 35776K [0x0000000086200000, 0x0000000100000000)
  region size 1024K, 28 young (28672K), 3 survivors (3072K)
 Metaspace       used 17281K, committed 17536K, reserved 1114112K
  class space    used 1985K, committed 2112K, reserved 1048576K
}
Event: 1.352 GC heap after
{Heap after GC invocations=2 (full 0):
 garbage-first heap   total 124928K, used 12836K [0x0000000086200000, 0x0000000100000000)
  region size 1024K, 3 young (3072K), 3 survivors (3072K)
 Metaspace       used 17281K, committed 17536K, reserved 1114112K
  class space    used 1985K, committed 2112K, reserved 1048576K
}
Event: 1.505 GC heap before
{Heap before GC invocations=2 (full 0):
 garbage-first heap   total 124928K, used 26148K [0x0000000086200000, 0x0000000100000000)
  region size 1024K, 18 young (18432K), 3 survivors (3072K)
 Metaspace       used 21294K, committed 21504K, reserved 1114112K
  class space    used 2440K, committed 2560K, reserved 1048576K
}
Event: 1.507 GC heap after
{Heap after GC invocations=3 (full 0):
 garbage-first heap   total 124928K, used 14210K [0x0000000086200000, 0x0000000100000000)
  region size 1024K, 4 young (4096K), 4 survivors (4096K)
 Metaspace       used 21294K, committed 21504K, reserved 1114112K
  class space    used 2440K, committed 2560K, reserved 1048576K
}
Event: 1.818 GC heap before
{Heap before GC invocations=4 (full 0):
 garbage-first heap   total 51200K, used 36738K [0x0000000086200000, 0x0000000100000000)
  region size 1024K, 28 young (28672K), 4 survivors (4096K)
 Metaspace       used 25995K, committed 26304K, reserved 1114112K
  class space    used 3041K, committed 3200K, reserved 1048576K
}
Event: 1.822 GC heap after
{Heap after GC invocations=5 (full 0):
 garbage-first heap   total 51200K, used 16057K [0x0000000086200000, 0x0000000100000000)
  region size 1024K, 4 young (4096K), 4 survivors (4096K)
 Metaspace       used 25995K, committed 26304K, reserved 1114112K
  class space    used 3041K, committed 3200K, reserved 1048576K
}
Event: 2.082 GC heap before
{Heap before GC invocations=5 (full 0):
 garbage-first heap   total 51200K, used 34489K [0x0000000086200000, 0x0000000100000000)
  region size 1024K, 22 young (22528K), 4 survivors (4096K)
 Metaspace       used 27160K, committed 27456K, reserved 1114112K
  class space    used 3164K, committed 3328K, reserved 1048576K
}
Event: 2.085 GC heap after
{Heap after GC invocations=6 (full 0):
 garbage-first heap   total 51200K, used 17045K [0x0000000086200000, 0x0000000100000000)
  region size 1024K, 2 young (2048K), 2 survivors (2048K)
 Metaspace       used 27160K, committed 27456K, reserved 1114112K
  class space    used 3164K, committed 3328K, reserved 1048576K
}
Event: 2.458 GC heap before
{Heap before GC invocations=6 (full 0):
 garbage-first heap   total 51200K, used 36501K [0x0000000086200000, 0x0000000100000000)
  region size 1024K, 21 young (21504K), 2 survivors (2048K)
 Metaspace       used 30647K, committed 30976K, reserved 1114112K
  class space    used 3735K, committed 3904K, reserved 1048576K
}
Event: 2.460 GC heap after
{Heap after GC invocations=7 (full 0):
 garbage-first heap   total 51200K, used 18026K [0x0000000086200000, 0x0000000100000000)
  region size 1024K, 3 young (3072K), 3 survivors (3072K)
 Metaspace       used 30647K, committed 30976K, reserved 1114112K
  class space    used 3735K, committed 3904K, reserved 1048576K
}
Event: 2.844 GC heap before
{Heap before GC invocations=7 (full 0):
 garbage-first heap   total 51200K, used 37482K [0x0000000086200000, 0x0000000100000000)
  region size 1024K, 22 young (22528K), 3 survivors (3072K)
 Metaspace       used 33258K, committed 33600K, reserved 1114112K
  class space    used 4117K, committed 4288K, reserved 1048576K
}
Event: 2.847 GC heap after
{Heap after GC invocations=8 (full 0):
 garbage-first heap   total 51200K, used 19742K [0x0000000086200000, 0x0000000100000000)
  region size 1024K, 3 young (3072K), 3 survivors (3072K)
 Metaspace       used 33258K, committed 33600K, reserved 1114112K
  class space    used 4117K, committed 4288K, reserved 1048576K
}

Dll operation events (8 events):
Event: 0.008 Loaded shared library C:\Users\admin\.vscode\extensions\redhat.java-1.28.1-win32-x64\jre\17.0.10-win32-x86_64\bin\java.dll
Event: 0.194 Loaded shared library C:\Users\admin\.vscode\extensions\redhat.java-1.28.1-win32-x64\jre\17.0.10-win32-x86_64\bin\net.dll
Event: 0.195 Loaded shared library C:\Users\admin\.vscode\extensions\redhat.java-1.28.1-win32-x64\jre\17.0.10-win32-x86_64\bin\nio.dll
Event: 0.200 Loaded shared library C:\Users\admin\.vscode\extensions\redhat.java-1.28.1-win32-x64\jre\17.0.10-win32-x86_64\bin\zip.dll
Event: 0.317 Loaded shared library C:\Users\admin\.vscode\extensions\redhat.java-1.28.1-win32-x64\jre\17.0.10-win32-x86_64\bin\jimage.dll
Event: 0.793 Loaded shared library C:\Users\admin\.vscode\extensions\redhat.java-1.28.1-win32-x64\jre\17.0.10-win32-x86_64\bin\management.dll
Event: 0.795 Loaded shared library C:\Users\admin\.vscode\extensions\redhat.java-1.28.1-win32-x64\jre\17.0.10-win32-x86_64\bin\management_ext.dll
Event: 1.661 Loaded shared library C:\Users\admin\.vscode\extensions\redhat.java-1.28.1-win32-x64\jre\17.0.10-win32-x86_64\bin\sunmscapi.dll

Deoptimization events (20 events):
Event: 3.001 Thread 0x0000023c0705d5e0 DEOPT PACKING pc=0x0000023c72420d44 sp=0x0000006c6d2f9920
Event: 3.001 Thread 0x0000023c0705d5e0 DEOPT UNPACKING pc=0x0000023c71d869a3 sp=0x0000006c6d2f9848 mode 2
Event: 3.014 Thread 0x0000023c0705d5e0 Uncommon trap: trap_request=0xffffffde fr.pc=0x0000023c72391fb0 relative=0x00000000000010f0
Event: 3.014 Thread 0x0000023c0705d5e0 Uncommon trap: reason=class_check action=maybe_recompile pc=0x0000023c72391fb0 method=java.util.concurrent.ConcurrentHashMap.putVal(Ljava/lang/Object;Ljava/lang/Object;Z)Ljava/lang/Object; @ 242 c2
Event: 3.014 Thread 0x0000023c0705d5e0 DEOPT PACKING pc=0x0000023c72391fb0 sp=0x0000006c6d2fb320
Event: 3.014 Thread 0x0000023c0705d5e0 DEOPT UNPACKING pc=0x0000023c71d869a3 sp=0x0000006c6d2fb2a0 mode 2
Event: 3.015 Thread 0x0000023c0705d5e0 Uncommon trap: trap_request=0xffffffde fr.pc=0x0000023c72391fb0 relative=0x00000000000010f0
Event: 3.015 Thread 0x0000023c0705d5e0 Uncommon trap: reason=class_check action=maybe_recompile pc=0x0000023c72391fb0 method=java.util.concurrent.ConcurrentHashMap.putVal(Ljava/lang/Object;Ljava/lang/Object;Z)Ljava/lang/Object; @ 242 c2
Event: 3.015 Thread 0x0000023c0705d5e0 DEOPT PACKING pc=0x0000023c72391fb0 sp=0x0000006c6d2fb320
Event: 3.015 Thread 0x0000023c0705d5e0 DEOPT UNPACKING pc=0x0000023c71d869a3 sp=0x0000006c6d2fb2a0 mode 2
Event: 3.015 Thread 0x0000023c0705d5e0 Uncommon trap: trap_request=0xffffffde fr.pc=0x0000023c72391fb0 relative=0x00000000000010f0
Event: 3.015 Thread 0x0000023c0705d5e0 Uncommon trap: reason=class_check action=maybe_recompile pc=0x0000023c72391fb0 method=java.util.concurrent.ConcurrentHashMap.putVal(Ljava/lang/Object;Ljava/lang/Object;Z)Ljava/lang/Object; @ 242 c2
Event: 3.015 Thread 0x0000023c0705d5e0 DEOPT PACKING pc=0x0000023c72391fb0 sp=0x0000006c6d2fb320
Event: 3.015 Thread 0x0000023c0705d5e0 DEOPT UNPACKING pc=0x0000023c71d869a3 sp=0x0000006c6d2fb2a0 mode 2
Event: 3.058 Thread 0x0000023c0705d5e0 DEOPT PACKING pc=0x0000023c6ac1ea21 sp=0x0000006c6d2fbea0
Event: 3.058 Thread 0x0000023c0705d5e0 DEOPT UNPACKING pc=0x0000023c71d87143 sp=0x0000006c6d2fb358 mode 0
Event: 3.091 Thread 0x0000023c0705d5e0 Uncommon trap: trap_request=0xffffffc6 fr.pc=0x0000023c724bff70 relative=0x0000000000000330
Event: 3.091 Thread 0x0000023c0705d5e0 Uncommon trap: reason=bimorphic_or_optimized_type_check action=maybe_recompile pc=0x0000023c724bff70 method=java.util.Collections$SetFromMap.contains(Ljava/lang/Object;)Z @ 5 c2
Event: 3.091 Thread 0x0000023c0705d5e0 DEOPT PACKING pc=0x0000023c724bff70 sp=0x0000006c6d2fa410
Event: 3.091 Thread 0x0000023c0705d5e0 DEOPT UNPACKING pc=0x0000023c71d869a3 sp=0x0000006c6d2fa3b8 mode 2

Classes unloaded (0 events):
No events

Classes redefined (0 events):
No events

Internal exceptions (20 events):
Event: 2.694 Thread 0x0000023c0705d5e0 Exception <a 'java/lang/NoSuchMethodError'{0x0000000088756af0}: 'int java.lang.invoke.DirectMethodHandle$Holder.invokeStaticInit(java.lang.Object, float, float)'> (0x0000000088756af0) 
thrown [s\src\hotspot\share\interpreter\linkResolver.cpp, line 759]
Event: 2.695 Thread 0x0000023c0705d5e0 Exception <a 'java/lang/NoSuchMethodError'{0x000000008875d948}: 'int java.lang.invoke.DirectMethodHandle$Holder.invokeStaticInit(java.lang.Object, double, double)'> (0x000000008875d948) 
thrown [s\src\hotspot\share\interpreter\linkResolver.cpp, line 759]
Event: 2.695 Thread 0x0000023c0705d5e0 Exception <a 'java/lang/NoSuchMethodError'{0x0000000088761f18}: 'int java.lang.invoke.DirectMethodHandle$Holder.invokeStatic(java.lang.Object, long)'> (0x0000000088761f18) 
thrown [s\src\hotspot\share\interpreter\linkResolver.cpp, line 759]
Event: 2.698 Thread 0x0000023c0705d5e0 Exception <a 'java/lang/NoSuchMethodError'{0x0000000088786a40}: 'int java.lang.invoke.DirectMethodHandle$Holder.invokeSpecial(java.lang.Object, java.lang.Object, int)'> (0x0000000088786a40) 
thrown [s\src\hotspot\share\interpreter\linkResolver.cpp, line 759]
Event: 2.699 Thread 0x0000023c0705d5e0 Exception <a 'java/lang/NoSuchMethodError'{0x000000008878e3a0}: 'int java.lang.invoke.Invokers$Holder.linkToTargetMethod(java.lang.Object, java.lang.Object)'> (0x000000008878e3a0) 
thrown [s\src\hotspot\share\interpreter\linkResolver.cpp, line 759]
Event: 2.710 Thread 0x0000023c0705d5e0 Exception <a 'java/lang/NoSuchMethodError'{0x00000000886266f8}: 'java.lang.Object java.lang.invoke.DirectMethodHandle$Holder.invokeSpecial(java.lang.Object, java.lang.Object, java.lang.Object, java.lang.Object, java.lang.Object, java.lang.Object, java.lang.Object, java.lang.Object, java.lang.Object, java.lang.Object)'> (0x00000000886266f8) 
thrown [s\src\hotspot\share\interpreter\linkResolver.cpp, line 759]
Event: 2.710 Thread 0x0000023c0705d5e0 Exception <a 'java/lang/NoSuchMethodError'{0x000000008862af88}: 'java.lang.Object java.lang.invoke.Invokers$Holder.invoke_MT(java.lang.Object, java.lang.Object, java.lang.Object, java.lang.Object, java.lang.Object, java.lang.Object, java.lang.Object, java.lang.Object, java.lang.Object, java.lang.Object)'> (0x000000008862af88) 
thrown [s\src\hotspot\share\interpreter\linkResolver.cpp, line 759]
Event: 2.715 Thread 0x0000023c0705d5e0 Exception <a 'java/lang/NoSuchMethodError'{0x000000008866a0a8}: 'java.lang.Object java.lang.invoke.DirectMethodHandle$Holder.invokeSpecial(java.lang.Object, java.lang.Object, int, java.lang.Object, java.lang.Object)'> (0x000000008866a0a8) 
thrown [s\src\hotspot\share\interpreter\linkResolver.cpp, line 759]
Event: 2.715 Thread 0x0000023c0705d5e0 Exception <a 'java/lang/NoSuchMethodError'{0x000000008866dd50}: 'java.lang.Object java.lang.invoke.DelegatingMethodHandle$Holder.delegate(java.lang.Object, int, java.lang.Object, java.lang.Object)'> (0x000000008866dd50) 
thrown [s\src\hotspot\share\interpreter\linkResolver.cpp, line 759]
Event: 2.716 Thread 0x0000023c0705d5e0 Exception <a 'java/lang/NoSuchMethodError'{0x000000008867ebd8}: 'int java.lang.invoke.Invokers$Holder.linkToTargetMethod(java.lang.Object, java.lang.Object, java.lang.Object)'> (0x000000008867ebd8) 
thrown [s\src\hotspot\share\interpreter\linkResolver.cpp, line 759]
Event: 2.755 Thread 0x0000023c0705d5e0 Exception <a 'java/lang/NoClassDefFoundError'{0x00000000885dd120}: org/flywaydb/core/Flyway> (0x00000000885dd120) 
thrown [s\src\hotspot\share\classfile\systemDictionary.cpp, line 245]
Event: 2.755 Thread 0x0000023c0705d5e0 Exception <a 'java/lang/NoClassDefFoundError'{0x00000000885dea88}: liquibase/integration/spring/SpringLiquibase> (0x00000000885dea88) 
thrown [s\src\hotspot\share\classfile\systemDictionary.cpp, line 245]
Event: 2.810 Thread 0x0000023c0705d5e0 Exception <a 'java/lang/NoClassDefFoundError'{0x00000000882af620}: org/jooq/DSLContext> (0x00000000882af620) 
thrown [s\src\hotspot\share\classfile\systemDictionary.cpp, line 245]
Event: 2.811 Thread 0x0000023c0705d5e0 Exception <a 'java/lang/NoClassDefFoundError'{0x00000000882bfa60}: org/springframework/batch/core/repository/JobRepository> (0x00000000882bfa60) 
thrown [s\src\hotspot\share\classfile\systemDictionary.cpp, line 245]
Event: 2.811 Thread 0x0000023c0705d5e0 Exception <a 'java/lang/NoClassDefFoundError'{0x00000000882c1098}: org/quartz/Scheduler> (0x00000000882c1098) 
thrown [s\src\hotspot\share\classfile\systemDictionary.cpp, line 245]
Event: 2.811 Thread 0x0000023c0705d5e0 Exception <a 'java/lang/NoClassDefFoundError'{0x00000000882c2bd8}: org/springframework/session/jdbc/JdbcIndexedSessionRepository> (0x00000000882c2bd8) 
thrown [s\src\hotspot\share\classfile\systemDictionary.cpp, line 245]
Event: 2.849 Thread 0x0000023c0705d5e0 Exception <a 'java/lang/NoSuchMethodError'{0x000000008db06098}: 'void java.lang.invoke.DirectMethodHandle$Holder.invokeSpecial(java.lang.Object, java.lang.Object, java.lang.Object, java.lang.Object, java.lang.Object, java.lang.Object)'> (0x000000008db06098) 
thrown [s\src\hotspot\share\interpreter\linkResolver.cpp, line 759]
Event: 2.869 Thread 0x0000023c0705d5e0 Implicit null exception at 0x0000023c72499c06 to 0x0000023c7249bb94
Event: 3.093 Thread 0x0000023c0705d5e0 Exception <a 'java/lang/NoSuchMethodError'{0x0000000088be2538}: 'void java.lang.invoke.DirectMethodHandle$Holder.invokeStatic(java.lang.Object, java.lang.Object, int)'> (0x0000000088be2538) 
thrown [s\src\hotspot\share\interpreter\linkResolver.cpp, line 759]
Event: 3.112 Thread 0x0000023c0705d5e0 Exception <a 'java/lang/NoSuchMethodError'{0x0000000088902588}: 'void java.lang.invoke.DirectMethodHandle$Holder.invokeSpecial(java.lang.Object, java.lang.Object, java.lang.Object, java.lang.Object, java.lang.Object, java.lang.Object, java.lang.Object)'> (0x0000000088902588) 
thrown [s\src\hotspot\share\interpreter\linkResolver.cpp, line 759]

VM Operations (20 events):
Event: 2.294 Executing VM operation: HandshakeAllThreads
Event: 2.294 Executing VM operation: HandshakeAllThreads done
Event: 2.410 Executing VM operation: HandshakeAllThreads
Event: 2.410 Executing VM operation: HandshakeAllThreads done
Event: 2.457 Executing VM operation: HandshakeAllThreads
Event: 2.457 Executing VM operation: HandshakeAllThreads done
Event: 2.458 Executing VM operation: G1CollectForAllocation
Event: 2.460 Executing VM operation: G1CollectForAllocation done
Event: 2.702 Executing VM operation: HandshakeAllThreads
Event: 2.702 Executing VM operation: HandshakeAllThreads done
Event: 2.775 Executing VM operation: ICBufferFull
Event: 2.775 Executing VM operation: ICBufferFull done
Event: 2.843 Executing VM operation: G1CollectForAllocation
Event: 2.848 Executing VM operation: G1CollectForAllocation done
Event: 2.864 Executing VM operation: HandshakeAllThreads
Event: 2.864 Executing VM operation: HandshakeAllThreads done
Event: 3.002 Executing VM operation: HandshakeAllThreads
Event: 3.002 Executing VM operation: HandshakeAllThreads done
Event: 3.088 Executing VM operation: HandshakeAllThreads
Event: 3.088 Executing VM operation: HandshakeAllThreads done

Events (20 events):
Event: 3.000 loading class sun/reflect/generics/reflectiveObjects/GenericArrayTypeImpl
Event: 3.000 loading class sun/reflect/generics/reflectiveObjects/GenericArrayTypeImpl done
Event: 3.014 loading class sun/reflect/misc/ReflectUtil
Event: 3.014 loading class sun/reflect/misc/ReflectUtil done
Event: 3.024 loading class sun/reflect/generics/repository/FieldRepository
Event: 3.024 loading class sun/reflect/generics/repository/FieldRepository done
Event: 3.035 loading class java/text/MessageFormat
Event: 3.036 loading class java/text/MessageFormat done
Event: 3.055 loading class java/nio/file/InvalidPathException
Event: 3.055 loading class java/nio/file/InvalidPathException done
Event: 3.057 loading class java/lang/UnsatisfiedLinkError
Event: 3.057 loading class java/lang/UnsatisfiedLinkError done
Event: 3.092 loading class java/util/function/IntUnaryOperator
Event: 3.092 loading class java/util/function/IntUnaryOperator done
Event: 3.093 loading class java/util/stream/IntPipeline$4
Event: 3.093 loading class java/util/stream/IntPipeline$4 done
Event: 3.094 loading class java/util/stream/ForEachOps$ForEachOp$OfInt
Event: 3.094 loading class java/util/stream/ForEachOps$ForEachOp$OfInt done
Event: 3.094 loading class java/util/stream/IntPipeline$4$1
Event: 3.094 loading class java/util/stream/IntPipeline$4$1 done


Dynamic libraries:
0x00007ff771c60000 - 0x00007ff771c6e000 	C:\Users\admin\.vscode\extensions\redhat.java-1.28.1-win32-x64\jre\17.0.10-win32-x86_64\bin\java.exe
0x00007ff9cb910000 - 0x00007ff9cbb27000 	C:\WINDOWS\SYSTEM32\ntdll.dll
0x00007ff9ca900000 - 0x00007ff9ca9c4000 	C:\WINDOWS\System32\KERNEL32.DLL
0x00007ff9c8e50000 - 0x00007ff9c91f6000 	C:\WINDOWS\System32\KERNELBASE.dll
0x00007ff9c9280000 - 0x00007ff9c9391000 	C:\WINDOWS\System32\ucrtbase.dll
0x00007ff985aa0000 - 0x00007ff985abb000 	C:\Users\admin\.vscode\extensions\redhat.java-1.28.1-win32-x64\jre\17.0.10-win32-x86_64\bin\VCRUNTIME140.dll
0x00007ff9a5ce0000 - 0x00007ff9a5cf7000 	C:\Users\admin\.vscode\extensions\redhat.java-1.28.1-win32-x64\jre\17.0.10-win32-x86_64\bin\jli.dll
0x00007ff9c9fc0000 - 0x00007ff9ca16e000 	C:\WINDOWS\System32\USER32.dll
0x00007ff9c9510000 - 0x00007ff9c9536000 	C:\WINDOWS\System32\win32u.dll
0x00007ff9b2990000 - 0x00007ff9b2c23000 	C:\WINDOWS\WinSxS\amd64_microsoft.windows.common-controls_6595b64144ccf1df_6.0.22621.2506_none_270c5ae97388e100\COMCTL32.dll
0x00007ff9caa60000 - 0x00007ff9caa89000 	C:\WINDOWS\System32\GDI32.dll
0x00007ff9ca180000 - 0x00007ff9ca227000 	C:\WINDOWS\System32\msvcrt.dll
0x00007ff9c9540000 - 0x00007ff9c9658000 	C:\WINDOWS\System32\gdi32full.dll
0x00007ff9c8db0000 - 0x00007ff9c8e4a000 	C:\WINDOWS\System32\msvcp_win.dll
0x00007ff9cb890000 - 0x00007ff9cb8c1000 	C:\WINDOWS\System32\IMM32.DLL
0x00007ff9bce70000 - 0x00007ff9bce7c000 	C:\Users\admin\.vscode\extensions\redhat.java-1.28.1-win32-x64\jre\17.0.10-win32-x86_64\bin\vcruntime140_1.dll
0x00007ff965a70000 - 0x00007ff965afd000 	C:\Users\admin\.vscode\extensions\redhat.java-1.28.1-win32-x64\jre\17.0.10-win32-x86_64\bin\msvcp140.dll
0x00007ff930470000 - 0x00007ff9310d2000 	C:\Users\admin\.vscode\extensions\redhat.java-1.28.1-win32-x64\jre\17.0.10-win32-x86_64\bin\server\jvm.dll
0x00007ff9c9a10000 - 0x00007ff9c9ac3000 	C:\WINDOWS\System32\ADVAPI32.dll
0x00007ff9caa90000 - 0x00007ff9cab38000 	C:\WINDOWS\System32\sechost.dll
0x00007ff9c8cc0000 - 0x00007ff9c8ce8000 	C:\WINDOWS\System32\bcrypt.dll
0x00007ff9c9660000 - 0x00007ff9c9777000 	C:\WINDOWS\System32\RPCRT4.dll
0x00007ff9becf0000 - 0x00007ff9becf9000 	C:\WINDOWS\SYSTEM32\WSOCK32.dll
0x00007ff9c24b0000 - 0x00007ff9c24ba000 	C:\WINDOWS\SYSTEM32\VERSION.dll
0x00007ff9c8b20000 - 0x00007ff9c8b6d000 	C:\WINDOWS\SYSTEM32\POWRPROF.dll
0x00007ff9a6130000 - 0x00007ff9a6164000 	C:\WINDOWS\SYSTEM32\WINMM.dll
0x00007ff9ca880000 - 0x00007ff9ca8f1000 	C:\WINDOWS\System32\WS2_32.dll
0x00007ff9c8b00000 - 0x00007ff9c8b13000 	C:\WINDOWS\SYSTEM32\UMPDC.dll
0x00007ff9c7c50000 - 0x00007ff9c7c68000 	C:\WINDOWS\SYSTEM32\kernel.appcore.dll
0x00007ff9b68e0000 - 0x00007ff9b68ea000 	C:\Users\admin\.vscode\extensions\redhat.java-1.28.1-win32-x64\jre\17.0.10-win32-x86_64\bin\jimage.dll
0x00007ff9ac0a0000 - 0x00007ff9ac2d3000 	C:\WINDOWS\SYSTEM32\DBGHELP.DLL
0x00007ff9cb450000 - 0x00007ff9cb7d9000 	C:\WINDOWS\System32\combase.dll
0x00007ff9c9ee0000 - 0x00007ff9c9fb7000 	C:\WINDOWS\System32\OLEAUT32.dll
0x00007ff9ac040000 - 0x00007ff9ac072000 	C:\WINDOWS\SYSTEM32\dbgcore.DLL
0x00007ff9c9200000 - 0x00007ff9c927a000 	C:\WINDOWS\System32\bcryptPrimitives.dll
0x00007ff968280000 - 0x00007ff9682a5000 	C:\Users\admin\.vscode\extensions\redhat.java-1.28.1-win32-x64\jre\17.0.10-win32-x86_64\bin\java.dll
0x00007ff985050000 - 0x00007ff985068000 	C:\Users\admin\.vscode\extensions\redhat.java-1.28.1-win32-x64\jre\17.0.10-win32-x86_64\bin\zip.dll
0x00007ff9cabf0000 - 0x00007ff9cb44b000 	C:\WINDOWS\System32\SHELL32.dll
0x00007ff9c6b60000 - 0x00007ff9c7456000 	C:\WINDOWS\SYSTEM32\windows.storage.dll
0x00007ff9c6a20000 - 0x00007ff9c6b5e000 	C:\WINDOWS\SYSTEM32\wintypes.dll
0x00007ff9c9780000 - 0x00007ff9c9873000 	C:\WINDOWS\System32\SHCORE.dll
0x00007ff9c99b0000 - 0x00007ff9c9a0e000 	C:\WINDOWS\System32\shlwapi.dll
0x00007ff9c8b80000 - 0x00007ff9c8ba6000 	C:\WINDOWS\SYSTEM32\profapi.dll
0x00007ff9697c0000 - 0x00007ff9697d9000 	C:\Users\admin\.vscode\extensions\redhat.java-1.28.1-win32-x64\jre\17.0.10-win32-x86_64\bin\net.dll
0x00007ff9c2870000 - 0x00007ff9c29a7000 	C:\WINDOWS\SYSTEM32\WINHTTP.dll
0x00007ff9c80c0000 - 0x00007ff9c8129000 	C:\WINDOWS\system32\mswsock.dll
0x00007ff968260000 - 0x00007ff968276000 	C:\Users\admin\.vscode\extensions\redhat.java-1.28.1-win32-x64\jre\17.0.10-win32-x86_64\bin\nio.dll
0x00007ff9a7e50000 - 0x00007ff9a7e59000 	C:\Users\admin\.vscode\extensions\redhat.java-1.28.1-win32-x64\jre\17.0.10-win32-x86_64\bin\management.dll
0x00007ff9a65f0000 - 0x00007ff9a65fb000 	C:\Users\admin\.vscode\extensions\redhat.java-1.28.1-win32-x64\jre\17.0.10-win32-x86_64\bin\management_ext.dll
0x00007ff9ca170000 - 0x00007ff9ca178000 	C:\WINDOWS\System32\PSAPI.DLL
0x00007ff9c76c0000 - 0x00007ff9c76ed000 	C:\WINDOWS\SYSTEM32\IPHLPAPI.DLL
0x00007ff9cab60000 - 0x00007ff9cab69000 	C:\WINDOWS\System32\NSI.dll
0x00007ff9c2520000 - 0x00007ff9c2539000 	C:\WINDOWS\SYSTEM32\dhcpcsvc6.DLL
0x00007ff9c24e0000 - 0x00007ff9c24ff000 	C:\WINDOWS\SYSTEM32\dhcpcsvc.DLL
0x00007ff9c7730000 - 0x00007ff9c7829000 	C:\WINDOWS\SYSTEM32\DNSAPI.dll
0x00007ff9bfcd0000 - 0x00007ff9bfcda000 	C:\Windows\System32\rasadhlp.dll
0x00007ff9c1660000 - 0x00007ff9c16e3000 	C:\WINDOWS\System32\fwpuclnt.dll
0x00007ff9a5e50000 - 0x00007ff9a5e5e000 	C:\Users\admin\.vscode\extensions\redhat.java-1.28.1-win32-x64\jre\17.0.10-win32-x86_64\bin\sunmscapi.dll
0x00007ff9c93a0000 - 0x00007ff9c9506000 	C:\WINDOWS\System32\CRYPT32.dll
0x00007ff9c8520000 - 0x00007ff9c854e000 	C:\WINDOWS\SYSTEM32\ncrypt.dll
0x00007ff9c84e0000 - 0x00007ff9c8517000 	C:\WINDOWS\SYSTEM32\NTASN1.dll

dbghelp: loaded successfully - version: 4.0.5 - missing functions: none
symbol engine: initialized successfully - sym options: 0x614 - pdb path: .;C:\Users\admin\.vscode\extensions\redhat.java-1.28.1-win32-x64\jre\17.0.10-win32-x86_64\bin;C:\WINDOWS\SYSTEM32;C:\WINDOWS\WinSxS\amd64_microsoft.windows.common-controls_6595b64144ccf1df_6.0.22621.2506_none_270c5ae97388e100;C:\Users\admin\.vscode\extensions\redhat.java-1.28.1-win32-x64\jre\17.0.10-win32-x86_64\bin\server

VM Arguments:
jvm_args: -XX:+ShowCodeDetailsInExceptionMessages 
java_command: com.question.questionservice.QuestionServiceApplication
java_class_path (initial): D:\Mangesh\Git repo\Microservices-Project\question-service\target\classes;C:\Users\admin\.m2\repository\org\springframework\boot\spring-boot-starter-web\3.2.3\spring-boot-starter-web-3.2.3.jar;C:\Users\admin\.m2\repository\org\springframework\boot\spring-boot-starter\3.2.3\spring-boot-starter-3.2.3.jar;C:\Users\admin\.m2\repository\org\springframework\boot\spring-boot-starter-logging\3.2.3\spring-boot-starter-logging-3.2.3.jar;C:\Users\admin\.m2\repository\ch\qos\logback\logback-classic\1.4.14\logback-classic-1.4.14.jar;C:\Users\admin\.m2\repository\ch\qos\logback\logback-core\1.4.14\logback-core-1.4.14.jar;C:\Users\admin\.m2\repository\org\apache\logging\log4j\log4j-to-slf4j\2.21.1\log4j-to-slf4j-2.21.1.jar;C:\Users\admin\.m2\repository\org\apache\logging\log4j\log4j-api\2.21.1\log4j-api-2.21.1.jar;C:\Users\admin\.m2\repository\org\slf4j\jul-to-slf4j\2.0.12\jul-to-slf4j-2.0.12.jar;C:\Users\admin\.m2\repository\jakarta\annotation\jakarta.annotation-api\2.1.1\jakarta.annotation-api-2.1.1.jar;C:\Users\admin\.m2\repository\org\yaml\snakeyaml\2.2\snakeyaml-2.2.jar;C:\Users\admin\.m2\repository\org\springframework\boot\spring-boot-starter-json\3.2.3\spring-boot-starter-json-3.2.3.jar;C:\Users\admin\.m2\repository\com\fasterxml\jackson\core\jackson-databind\2.15.4\jackson-databind-2.15.4.jar;C:\Users\admin\.m2\repository\com\fasterxml\jackson\datatype\jackson-datatype-jdk8\2.15.4\jackson-datatype-jdk8-2.15.4.jar;C:\Users\admin\.m2\repository\com\fasterxml\jackson\datatype\jackson-datatype-jsr310\2.15.4\jackson-datatype-jsr310-2.15.4.jar;C:\Users\admin\.m2\repository\com\fasterxml\jackson\module\jackson-module-parameter-names\2.15.4\jackson-module-parameter-names-2.15.4.jar;C:\Users\admin\.m2\repository\org\springframework\boot\spring-boot-starter-tomcat\3.2.3\spring-boot-starter-tomcat-3.2.3.jar;C:\Users\admin\.m2\repository\org\apache\tomcat\embed\tomcat-embed-core\10.1.19\tomcat-embed-core-10.1.19.jar;C:\Users\admin\.m2\repository\org\apache
Launcher Type: SUN_STANDARD

[Global flags]
     intx CICompilerCount                          = 4                                         {product} {ergonomic}
     uint ConcGCThreads                            = 3                                         {product} {ergonomic}
     uint G1ConcRefinementThreads                  = 10                                        {product} {ergonomic}
   size_t G1HeapRegionSize                         = 1048576                                   {product} {ergonomic}
    uintx GCDrainStackTargetSize                   = 64                                        {product} {ergonomic}
   size_t InitialHeapSize                          = 127926272                                 {product} {ergonomic}
   size_t MarkStackSize                            = 4194304                                   {product} {ergonomic}
   size_t MaxHeapSize                              = 2044723200                                {product} {ergonomic}
   size_t MaxNewSize                               = 1226833920                                {product} {ergonomic}
   size_t MinHeapDeltaBytes                        = 1048576                                   {product} {ergonomic}
   size_t MinHeapSize                              = 8388608                                   {product} {ergonomic}
    uintx NonNMethodCodeHeapSize                   = 5839372                                {pd product} {ergonomic}
    uintx NonProfiledCodeHeapSize                  = 122909434                              {pd product} {ergonomic}
    uintx ProfiledCodeHeapSize                     = 122909434                              {pd product} {ergonomic}
    uintx ReservedCodeCacheSize                    = 251658240                              {pd product} {ergonomic}
     bool SegmentedCodeCache                       = true                                      {product} {ergonomic}
     bool ShowCodeDetailsInExceptionMessages       = true                                   {manageable} {command line}
   size_t SoftMaxHeapSize                          = 2044723200                             {manageable} {ergonomic}
     bool UseCompressedClassPointers               = true                           {product lp64_product} {ergonomic}
     bool UseCompressedOops                        = true                           {product lp64_product} {ergonomic}
     bool UseG1GC                                  = true                                      {product} {ergonomic}
     bool UseLargePagesIndividualAllocation        = false                                  {pd product} {ergonomic}

Logging:
Log output configuration:
 #0: stdout all=warning uptime,level,tags
 #1: stderr all=off uptime,level,tags

Environment Variables:
PATH=D:\Mangesh\oracle\dbhomeXE\bin;C:\Program Files (x86)\Common Files\Oracle\Java\javapath;C:\WINDOWS\system32;C:\WINDOWS;C:\WINDOWS\System32\Wbem;C:\WINDOWS\System32\WindowsPowerShell\v1.0\;C:\WINDOWS\System32\OpenSSH\;C:\Program Files (x86)\Microsoft SQL Server\150\DTS\Binn\;C:\Program Files\Azure Data Studio\bin;C:\Program Files\nodejs\;C:\Users\admin\AppData\Local\Microsoft\WindowsApps;C:\Program Files\Azure Data Studio\bin;C:\Users\admin\AppData\Local\Programs\Microsoft VS Code\bin;C:\Users\admin\AppData\Local\GitHubDesktop\bin;C:\Users\admin\AppData\Roaming\npm;C:\Program Files\heroku\bin
USERNAME=Mangesh
OS=Windows_NT
PROCESSOR_IDENTIFIER=Intel64 Family 6 Model 165 Stepping 3, GenuineIntel
TMP=C:\Users\admin\AppData\Local\Temp
TEMP=C:\Users\admin\AppData\Local\Temp



Periodic native trim disabled


---------------  S Y S T E M  ---------------

OS:
 Windows 11 , 64 bit Build 22621 (10.0.22621.3085)
OS uptime: 10 days 21:40 hours
Hyper-V role detected

CPU: total 12 (initial active 12) (6 cores per cpu, 2 threads per core) family 6 model 165 stepping 3 microcode 0xe0, cx8, cmov, fxsr, ht, mmx, 3dnowpref, sse, sse2, sse3, ssse3, sse4.1, sse4.2, popcnt, lzcnt, tsc, tscinvbit, avx, avx2, aes, erms, clmul, bmi1, bmi2, adx, fma, vzeroupper, clflush, clflushopt, hv
Processor Information for all 12 processors :
  Max Mhz: 2904, Current Mhz: 2904, Mhz Limit: 2904

Memory: 4k page, system-wide physical 7798M (448M free)
TotalPageFile size 21388M (AvailPageFile size 2M)
current process WorkingSet (physical memory assigned to process): 218M, peak: 218M
current process commit charge ("private bytes"): 263M, peak: 265M

vm_info: OpenJDK 64-Bit Server VM (17.0.10+7) for windows-amd64 JRE (17.0.10+7), built on Jan 16 2024 23:25:11 by "admin" with MS VC++ 16.10 / 16.11 (VS2019)

END.
